#
# There is insufficient memory for the Java Runtime Environment to continue.
# Native memory allocation (malloc) failed to allocate 32744 bytes for ChunkPool::allocate
# Possible reasons:
#   The system is out of physical RAM or swap space
#   In 32 bit mode, the process size limit was hit
# Possible solutions:
#   Reduce memory load on the system
#   Increase physical memory or swap space
#   Check if swap backing store is full
#   Use 64 bit Java on a 64 bit OS
#   Decrease Java heap size (-Xmx/-Xms)
#   Decrease number of Java threads
#   Decrease Java thread stack sizes (-Xss)
#   Set larger code cache with -XX:ReservedCodeCacheSize=
# This output file may be truncated or incomplete.
#
#  Out of Memory Error (allocation.cpp:273), pid=15572, tid=0x0000000000002724
#
# JRE version: OpenJDK Runtime Environment (8.0_112-b06) (build 1.8.0_112-release-b06)
# Java VM: OpenJDK 64-Bit Server VM (25.112-b06 mixed mode windows-amd64 compressed oops)
# Failed to write core dump. Minidumps are not enabled by default on client versions of Windows
#

---------------  T H R E A D  ---------------

Current thread (0x0000000015b3e800):  JavaThread "C2 CompilerThread1" daemon [_thread_in_native, id=10020, stack(0x0000000017280000,0x0000000017380000)]

Stack: [0x0000000017280000,0x0000000017380000]
[error occurred during error reporting (printing stack bounds), id 0xc0000005]

Native frames: (J=compiled Java code, j=interpreted, Vv=VM code, C=native code)


Current CompileTask:
C2:   5189 1564       4       java.net.URLClassLoader$1::run (5 bytes)


---------------  P R O C E S S  ---------------

Java Threads: ( => current thread )
  0x000000001a5c3000 JavaThread "File lock request listener" [_thread_in_native, id=15624, stack(0x000000001b4d0000,0x000000001b5d0000)]
  0x0000000018b33000 JavaThread "Stdin handler" [_thread_blocked, id=13032, stack(0x000000001a200000,0x000000001a300000)]
  0x0000000018b37000 JavaThread "Asynchronous log dispatcher for DefaultDaemonConnection: socket connection from /127.0.0.1:64839 to /127.0.0.1:64840" [_thread_blocked, id=14084, stack(0x000000001a100000,0x000000001a200000)]
  0x0000000018b2d800 JavaThread "Daemon worker" [_thread_in_native, id=11684, stack(0x000000001a000000,0x000000001a100000)]
  0x00000000187f7000 JavaThread "Cancel handler" [_thread_blocked, id=468, stack(0x0000000019f00000,0x000000001a000000)]
  0x0000000018b4a800 JavaThread "pool-1-thread-1" [_thread_blocked, id=13168, stack(0x0000000019e00000,0x0000000019f00000)]
  0x0000000018b23800 JavaThread "Handler for socket connection from /127.0.0.1:64839 to /127.0.0.1:64840" [_thread_in_native, id=16756, stack(0x0000000019d00000,0x0000000019e00000)]
  0x00000000187fb800 JavaThread "Daemon" [_thread_blocked, id=16132, stack(0x0000000019c00000,0x0000000019d00000)]
  0x000000001894c000 JavaThread "Incoming local TCP Connector on port 64839" [_thread_in_native, id=14788, stack(0x0000000019250000,0x0000000019350000)]
  0x0000000017498800 JavaThread "Service Thread" daemon [_thread_blocked, id=15560, stack(0x0000000017880000,0x0000000017980000)]
  0x0000000015b41800 JavaThread "C1 CompilerThread2" daemon [_thread_blocked, id=4508, stack(0x0000000017380000,0x0000000017480000)]
=>0x0000000015b3e800 JavaThread "C2 CompilerThread1" daemon [_thread_in_native, id=10020, stack(0x0000000017280000,0x0000000017380000)]
  0x0000000015b3c000 JavaThread "C2 CompilerThread0" daemon [_thread_in_native, id=14880, stack(0x0000000017180000,0x0000000017280000)]
  0x0000000015b3a000 JavaThread "Attach Listener" daemon [_thread_blocked, id=15260, stack(0x0000000017080000,0x0000000017180000)]
  0x0000000015b48000 JavaThread "Signal Dispatcher" daemon [_thread_blocked, id=7332, stack(0x0000000016f80000,0x0000000017080000)]
  0x00000000021cd000 JavaThread "Finalizer" daemon [_thread_blocked, id=7936, stack(0x0000000016d90000,0x0000000016e90000)]
  0x00000000021c2000 JavaThread "Reference Handler" daemon [_thread_blocked, id=504, stack(0x0000000016c90000,0x0000000016d90000)]
  0x00000000020d0800 JavaThread "main" [_thread_blocked, id=3116, stack(0x0000000001fd0000,0x00000000020d0000)]

Other Threads:
  0x0000000015b04800 VMThread [stack: 0x0000000016b90000,0x0000000016c90000] [id=16836]
  0x0000000015b9d000 WatcherThread [stack: 0x0000000017980000,0x0000000017a80000] [id=13392]

VM state:not at safepoint (normal execution)

VM Mutex/Monitor currently owned by a thread: None

Heap:
 PSYoungGen      total 38400K, used 15608K [0x00000000e0000000, 0x00000000e4b00000, 0x0000000100000000)
  eden space 33280K, 31% used [0x00000000e0000000,0x00000000e0a42c90,0x00000000e2080000)
  from space 5120K, 99% used [0x00000000e2080000,0x00000000e257b448,0x00000000e2580000)
  to   space 5120K, 0% used [0x00000000e4600000,0x00000000e4600000,0x00000000e4b00000)
 ParOldGen       total 87552K, used 3762K [0x00000000a0000000, 0x00000000a5580000, 0x00000000e0000000)
  object space 87552K, 4% used [0x00000000a0000000,0x00000000a03ac9a0,0x00000000a5580000)
 Metaspace       used 18554K, capacity 18948K, committed 19072K, reserved 1064960K
  class space    used 2530K, capacity 2658K, committed 2688K, reserved 1048576K

Card table byte_map: [0x0000000011590000,0x00000000118a0000] byte_map_base: 0x0000000011090000

Marking Bits: (ParMarkBitMap*) 0x0000000070f818f0
 Begin Bits: [0x0000000011ea0000, 0x00000000136a0000)
 End Bits:   [0x00000000136a0000, 0x0000000014ea0000)

Polling page: 0x0000000001f00000

CodeCache: size=245760Kb used=5776Kb max_used=5776Kb free=239983Kb
 bounds [0x00000000021d0000, 0x0000000002780000, 0x00000000111d0000]
 total_blobs=2035 nmethods=1637 adapters=311
 compilation: enabled

Compilation events (10 events):
Event: 5.027 Thread 0x0000000015b41800 1638       3       org.codehaus.groovy.reflection.CachedClass::getCachedSuperClass (11 bytes)
Event: 5.027 Thread 0x0000000015b41800 nmethod 1638 0x0000000002775810 code [0x0000000002775980, 0x0000000002775c88]
Event: 5.151 Thread 0x0000000015b41800 1639       3       java.lang.reflect.Method::isBridge (16 bytes)
Event: 5.151 Thread 0x0000000015b41800 nmethod 1639 0x0000000002775d50 code [0x0000000002775ea0, 0x00000000027760f0]
Event: 5.171 Thread 0x0000000015b41800 1640       3       java.lang.Throwable::<init> (34 bytes)
Event: 5.172 Thread 0x0000000015b41800 nmethod 1640 0x0000000002776150 code [0x00000000027762c0, 0x00000000027765a8]
Event: 5.173 Thread 0x0000000015b41800 1641       3       org.codehaus.groovy.reflection.ParameterTypes::getParameterTypes (16 bytes)
Event: 5.173 Thread 0x0000000015b41800 nmethod 1641 0x0000000002776690 code [0x0000000002776800, 0x00000000027769e8]
Event: 5.173 Thread 0x0000000015b41800 1642       3       org.codehaus.groovy.reflection.ParameterTypes::setParametersTypes (32 bytes)
Event: 5.174 Thread 0x0000000015b41800 nmethod 1642 0x0000000002776a90 code [0x0000000002776c00, 0x0000000002776e30]

GC Heap History (6 events):
Event: 1.190 GC heap before
{Heap before GC invocations=1 (full 0):
 PSYoungGen      total 38400K, used 33280K [0x00000000e0000000, 0x00000000e2a80000, 0x0000000100000000)
  eden space 33280K, 100% used [0x00000000e0000000,0x00000000e2080000,0x00000000e2080000)
  from space 5120K, 0% used [0x00000000e2580000,0x00000000e2580000,0x00000000e2a80000)
  to   space 5120K, 0% used [0x00000000e2080000,0x00000000e2080000,0x00000000e2580000)
 ParOldGen       total 87552K, used 0K [0x00000000a0000000, 0x00000000a5580000, 0x00000000e0000000)
  object space 87552K, 0% used [0x00000000a0000000,0x00000000a0000000,0x00000000a5580000)
 Metaspace       used 6839K, capacity 7012K, committed 7040K, reserved 1056768K
  class space    used 835K, capacity 892K, committed 896K, reserved 1048576K
Event: 1.194 GC heap after
Heap after GC invocations=1 (full 0):
 PSYoungGen      total 38400K, used 4384K [0x00000000e0000000, 0x00000000e2a80000, 0x0000000100000000)
  eden space 33280K, 0% used [0x00000000e0000000,0x00000000e0000000,0x00000000e2080000)
  from space 5120K, 85% used [0x00000000e2080000,0x00000000e24c8348,0x00000000e2580000)
  to   space 5120K, 0% used [0x00000000e2580000,0x00000000e2580000,0x00000000e2a80000)
 ParOldGen       total 87552K, used 35K [0x00000000a0000000, 0x00000000a5580000, 0x00000000e0000000)
  object space 87552K, 0% used [0x00000000a0000000,0x00000000a0008c50,0x00000000a5580000)
 Metaspace       used 6839K, capacity 7012K, committed 7040K, reserved 1056768K
  class space    used 835K, capacity 892K, committed 896K, reserved 1048576K
}
Event: 2.507 GC heap before
{Heap before GC invocations=2 (full 0):
 PSYoungGen      total 38400K, used 37664K [0x00000000e0000000, 0x00000000e2a80000, 0x0000000100000000)
  eden space 33280K, 100% used [0x00000000e0000000,0x00000000e2080000,0x00000000e2080000)
  from space 5120K, 85% used [0x00000000e2080000,0x00000000e24c8348,0x00000000e2580000)
  to   space 5120K, 0% used [0x00000000e2580000,0x00000000e2580000,0x00000000e2a80000)
 ParOldGen       total 87552K, used 35K [0x00000000a0000000, 0x00000000a5580000, 0x00000000e0000000)
  object space 87552K, 0% used [0x00000000a0000000,0x00000000a0008c70,0x00000000a5580000)
 Metaspace       used 13120K, capacity 13442K, committed 13696K, reserved 1060864K
  class space    used 1751K, capacity 1874K, committed 1920K, reserved 1048576K
Event: 2.514 GC heap after
Heap after GC invocations=2 (full 0):
 PSYoungGen      total 38400K, used 5094K [0x00000000e0000000, 0x00000000e2a80000, 0x0000000100000000)
  eden space 33280K, 0% used [0x00000000e0000000,0x00000000e0000000,0x00000000e2080000)
  from space 5120K, 99% used [0x00000000e2580000,0x00000000e2a798d0,0x00000000e2a80000)
  to   space 5120K, 0% used [0x00000000e2080000,0x00000000e2080000,0x00000000e2580000)
 ParOldGen       total 87552K, used 878K [0x00000000a0000000, 0x00000000a5580000, 0x00000000e0000000)
  object space 87552K, 1% used [0x00000000a0000000,0x00000000a00db8f0,0x00000000a5580000)
 Metaspace       used 13120K, capacity 13442K, committed 13696K, reserved 1060864K
  class space    used 1751K, capacity 1874K, committed 1920K, reserved 1048576K
}
Event: 3.785 GC heap before
{Heap before GC invocations=3 (full 0):
 PSYoungGen      total 38400K, used 38374K [0x00000000e0000000, 0x00000000e2a80000, 0x0000000100000000)
  eden space 33280K, 100% used [0x00000000e0000000,0x00000000e2080000,0x00000000e2080000)
  from space 5120K, 99% used [0x00000000e2580000,0x00000000e2a798d0,0x00000000e2a80000)
  to   space 5120K, 0% used [0x00000000e2080000,0x00000000e2080000,0x00000000e2580000)
 ParOldGen       total 87552K, used 883K [0x00000000a0000000, 0x00000000a5580000, 0x00000000e0000000)
  object space 87552K, 1% used [0x00000000a0000000,0x00000000a00dcec8,0x00000000a5580000)
 Metaspace       used 16676K, capacity 17086K, committed 17408K, reserved 1064960K
  class space    used 2325K, capacity 2464K, committed 2560K, reserved 1048576K
Event: 3.814 GC heap after
Heap after GC invocations=3 (full 0):
 PSYoungGen      total 38400K, used 5101K [0x00000000e0000000, 0x00000000e4b00000, 0x0000000100000000)
  eden space 33280K, 0% used [0x00000000e0000000,0x00000000e0000000,0x00000000e2080000)
  from space 5120K, 99% used [0x00000000e2080000,0x00000000e257b448,0x00000000e2580000)
  to   space 5120K, 0% used [0x00000000e4600000,0x00000000e4600000,0x00000000e4b00000)
 ParOldGen       total 87552K, used 3762K [0x00000000a0000000, 0x00000000a5580000, 0x00000000e0000000)
  object space 87552K, 4% used [0x00000000a0000000,0x00000000a03ac9a0,0x00000000a5580000)
 Metaspace       used 16676K, capacity 17086K, committed 17408K, reserved 1064960K
  class space    used 2325K, capacity 2464K, committed 2560K, reserved 1048576K
}

Deoptimization events (10 events):
Event: 3.257 Thread 0x0000000018b2d800 Uncommon trap: reason=bimorphic action=maybe_recompile pc=0x00000000026520a8 method=java.lang.ClassLoader.loadClass(Ljava/lang/String;Z)Ljava/lang/Class; @ 38
Event: 3.483 Thread 0x0000000018b2d800 Uncommon trap: reason=predicate action=maybe_recompile pc=0x00000000026b4bc8 method=sun.security.provider.DigestBase.implCompressMultiBlock([BII)I @ 5
Event: 3.531 Thread 0x0000000018b2d800 Uncommon trap: reason=unstable_if action=reinterpret pc=0x00000000024c5890 method=java.lang.AbstractStringBuilder.append(Ljava/lang/String;)Ljava/lang/AbstractStringBuilder; @ 1
Event: 3.531 Thread 0x0000000018b2d800 Uncommon trap: reason=unstable_if action=reinterpret pc=0x00000000023ff310 method=java.lang.AbstractStringBuilder.append(Ljava/lang/String;)Ljava/lang/AbstractStringBuilder; @ 1
Event: 3.949 Thread 0x0000000018b2d800 Uncommon trap: reason=class_check action=maybe_recompile pc=0x00000000023ab468 method=java.lang.String.equals(Ljava/lang/Object;)Z @ 8
Event: 3.949 Thread 0x0000000018b2d800 Uncommon trap: reason=class_check action=maybe_recompile pc=0x00000000023ab468 method=java.lang.String.equals(Ljava/lang/Object;)Z @ 8
Event: 3.950 Thread 0x0000000018b2d800 Uncommon trap: reason=class_check action=maybe_recompile pc=0x00000000023ab468 method=java.lang.String.equals(Ljava/lang/Object;)Z @ 8
Event: 3.950 Thread 0x0000000018b2d800 Uncommon trap: reason=class_check action=maybe_recompile pc=0x00000000023ab468 method=java.lang.String.equals(Ljava/lang/Object;)Z @ 8
Event: 4.211 Thread 0x0000000018b2d800 Uncommon trap: reason=class_check action=maybe_recompile pc=0x00000000023cdab8 method=sun.misc.URLClassPath.getLoader(I)Lsun/misc/URLClassPath$Loader; @ 94
Event: 4.211 Thread 0x0000000018b2d800 Uncommon trap: reason=class_check action=maybe_recompile pc=0x00000000026ed280 method=sun.misc.URLClassPath.getResource(Ljava/lang/String;Z)Lsun/misc/Resource; @ 62

Internal exceptions (10 events):
Event: 2.994 Thread 0x0000000018b2d800 Exception <a 'java/lang/NoSuchMethodError': <clinit>> (0x00000000e1aa75f0) thrown at [C:\src\android\AOSP-openjdk\external\jetbrains\jdk\hotspot\src\share\vm\prims\jni.cpp, line 1613]
Event: 2.995 Thread 0x0000000018b2d800 Exception <a 'java/lang/NoSuchMethodError': <clinit>> (0x00000000e1ab38d0) thrown at [C:\src\android\AOSP-openjdk\external\jetbrains\jdk\hotspot\src\share\vm\prims\jni.cpp, line 1613]
Event: 2.996 Thread 0x0000000018b2d800 Exception <a 'java/lang/NoSuchMethodError': <clinit>> (0x00000000e1abdd40) thrown at [C:\src\android\AOSP-openjdk\external\jetbrains\jdk\hotspot\src\share\vm\prims\jni.cpp, line 1613]
Event: 3.259 Thread 0x0000000018b2d800 Exception <a 'java/lang/NoSuchMethodError': <clinit>> (0x00000000e1bf6590) thrown at [C:\src\android\AOSP-openjdk\external\jetbrains\jdk\hotspot\src\share\vm\prims\jni.cpp, line 1613]
Event: 3.272 Thread 0x0000000018b2d800 Exception <a 'java/lang/NoSuchMethodError': <clinit>> (0x00000000e1c39998) thrown at [C:\src\android\AOSP-openjdk\external\jetbrains\jdk\hotspot\src\share\vm\prims\jni.cpp, line 1613]
Event: 3.273 Thread 0x0000000018b2d800 Exception <a 'java/lang/NoSuchMethodError': <clinit>> (0x00000000e1c47280) thrown at [C:\src\android\AOSP-openjdk\external\jetbrains\jdk\hotspot\src\share\vm\prims\jni.cpp, line 1613]
Event: 3.275 Thread 0x0000000018b2d800 Exception <a 'java/lang/NoSuchMethodError': <clinit>> (0x00000000e1c56590) thrown at [C:\src\android\AOSP-openjdk\external\jetbrains\jdk\hotspot\src\share\vm\prims\jni.cpp, line 1613]
Event: 3.317 Thread 0x0000000018b2d800 Exception <a 'java/lang/NoSuchMethodError': <clinit>> (0x00000000e1c7dee8) thrown at [C:\src\android\AOSP-openjdk\external\jetbrains\jdk\hotspot\src\share\vm\prims\jni.cpp, line 1613]
Event: 3.531 Thread 0x0000000018b2d800 Implicit null exception at 0x00000000024c54d6 to 0x00000000024c5879
Event: 3.531 Thread 0x0000000018b2d800 Implicit null exception at 0x00000000023fef56 to 0x00000000023ff2f9

Events (10 events):
Event: 5.171 loading class java/nio/file/CopyOption done
Event: 5.171 loading class java/nio/file/LinkOption done
Event: 5.174 loading class java/sql/ResultSetMetaData
Event: 5.178 loading class java/sql/Wrapper
Event: 5.178 loading class java/sql/Wrapper done
Event: 5.179 loading class java/sql/ResultSetMetaData done
Event: 5.179 loading class java/sql/ResultSet
Event: 5.179 loading class java/sql/ResultSet done
Event: 5.179 loading class groovy/sql/GroovyRowResult
Event: 5.179 loading class groovy/sql/GroovyRowResult done


Dynamic libraries:
0x00007ff6230c0000 - 0x00007ff6230f1000 	D:\Program Files\Android Studio\jre\bin\java.exe
0x00007ffbcbd70000 - 0x00007ffbcbf4b000 	C:\WINDOWS\SYSTEM32\ntdll.dll
0x00007ffbb6530000 - 0x00007ffbb6563000 	C:\Program Files\AVAST Software\Avast\x64\aswhooka.dll
0x00007ffbcb580000 - 0x00007ffbcb62e000 	C:\WINDOWS\System32\KERNEL32.DLL
0x00007ffbc82b0000 - 0x00007ffbc84f9000 	C:\WINDOWS\System32\KERNELBASE.dll
0x00007ffbc96a0000 - 0x00007ffbc9741000 	C:\WINDOWS\System32\ADVAPI32.dll
0x00007ffbc92d0000 - 0x00007ffbc936d000 	C:\WINDOWS\System32\msvcrt.dll
0x00007ffbc9370000 - 0x00007ffbc93c9000 	C:\WINDOWS\System32\sechost.dll
0x00007ffbcb450000 - 0x00007ffbcb575000 	C:\WINDOWS\System32\RPCRT4.dll
0x00007ffbc9810000 - 0x00007ffbc995a000 	C:\WINDOWS\System32\USER32.dll
0x00007ffbc8290000 - 0x00007ffbc82ae000 	C:\WINDOWS\System32\win32u.dll
0x00007ffbc9670000 - 0x00007ffbc9697000 	C:\WINDOWS\System32\GDI32.dll
0x00007ffbc8500000 - 0x00007ffbc8688000 	C:\WINDOWS\System32\gdi32full.dll
0x00007ffbc9160000 - 0x00007ffbc91fa000 	C:\WINDOWS\System32\msvcp_win.dll
0x00007ffbc8690000 - 0x00007ffbc8786000 	C:\WINDOWS\System32\ucrtbase.dll
0x00007ffbbc1a0000 - 0x00007ffbbc407000 	C:\WINDOWS\WinSxS\amd64_microsoft.windows.common-controls_6595b64144ccf1df_6.0.15063.483_none_26002d27e7c744a2\COMCTL32.dll
0x00007ffbcba70000 - 0x00007ffbcbd69000 	C:\WINDOWS\System32\combase.dll
0x00007ffbc9260000 - 0x00007ffbc92ca000 	C:\WINDOWS\System32\bcryptPrimitives.dll
0x00007ffbcb420000 - 0x00007ffbcb44d000 	C:\WINDOWS\System32\IMM32.DLL
0x000000006e690000 - 0x000000006e762000 	D:\Program Files\Android Studio\jre\jre\bin\msvcr100.dll
0x00000000707c0000 - 0x0000000070ffc000 	D:\Program Files\Android Studio\jre\jre\bin\server\jvm.dll
0x00007ffbc9800000 - 0x00007ffbc9808000 	C:\WINDOWS\System32\PSAPI.DLL
0x00007ffbc1750000 - 0x00007ffbc1759000 	C:\WINDOWS\SYSTEM32\WSOCK32.dll
0x00007ffbcb320000 - 0x00007ffbcb38c000 	C:\WINDOWS\System32\WS2_32.dll
0x00007ffbbd800000 - 0x00007ffbbd823000 	C:\WINDOWS\SYSTEM32\WINMM.dll
0x00007ffbc1c10000 - 0x00007ffbc1c1a000 	C:\WINDOWS\SYSTEM32\VERSION.dll
0x00007ffbbd5c0000 - 0x00007ffbbd5eb000 	C:\WINDOWS\SYSTEM32\WINMMBASE.dll
0x00007ffbc8840000 - 0x00007ffbc8889000 	C:\WINDOWS\System32\cfgmgr32.dll
0x00007ffbc2700000 - 0x00007ffbc270f000 	D:\Program Files\Android Studio\jre\jre\bin\verify.dll
0x00007ffbc1f30000 - 0x00007ffbc1f59000 	D:\Program Files\Android Studio\jre\jre\bin\java.dll
0x00007ffbc17c0000 - 0x00007ffbc17d6000 	D:\Program Files\Android Studio\jre\jre\bin\zip.dll
0x00007ffbc9ee0000 - 0x00007ffbcb317000 	C:\WINDOWS\System32\SHELL32.dll
0x00007ffbc9750000 - 0x00007ffbc97fa000 	C:\WINDOWS\System32\shcore.dll
0x00007ffbc8890000 - 0x00007ffbc8f82000 	C:\WINDOWS\System32\windows.storage.dll
0x00007ffbc9d10000 - 0x00007ffbc9d61000 	C:\WINDOWS\System32\shlwapi.dll
0x00007ffbc8200000 - 0x00007ffbc8211000 	C:\WINDOWS\System32\kernel.appcore.dll
0x00007ffbc8240000 - 0x00007ffbc828c000 	C:\WINDOWS\System32\powrprof.dll
0x00007ffbc81e0000 - 0x00007ffbc81f5000 	C:\WINDOWS\System32\profapi.dll
0x00007ffbbffd0000 - 0x00007ffbbffea000 	D:\Program Files\Android Studio\jre\jre\bin\net.dll
0x00007ffbc7a90000 - 0x00007ffbc7aec000 	C:\WINDOWS\system32\mswsock.dll
0x00007ffbbffb0000 - 0x00007ffbbffc1000 	D:\Program Files\Android Studio\jre\jre\bin\nio.dll
0x00007ffbc2eb0000 - 0x00007ffbc2ece000 	C:\Users\пя\.gradle\native\23\windows-amd64\native-platform.dll
0x00007ffbc7c30000 - 0x00007ffbc7c47000 	C:\WINDOWS\SYSTEM32\CRYPTSP.dll
0x00007ffbc76b0000 - 0x00007ffbc76e4000 	C:\WINDOWS\system32\rsaenh.dll
0x00007ffbc80b0000 - 0x00007ffbc80d5000 	C:\WINDOWS\SYSTEM32\bcrypt.dll
0x00007ffbc80e0000 - 0x00007ffbc8109000 	C:\WINDOWS\SYSTEM32\USERENV.dll
0x00007ffbc7c50000 - 0x00007ffbc7c5b000 	C:\WINDOWS\SYSTEM32\CRYPTBASE.dll
0x00007ffbc7830000 - 0x00007ffbc7867000 	C:\WINDOWS\SYSTEM32\IPHLPAPI.DLL
0x00007ffbcb390000 - 0x00007ffbcb398000 	C:\WINDOWS\System32\NSI.dll
0x00007ffbc0740000 - 0x00007ffbc0756000 	C:\WINDOWS\SYSTEM32\dhcpcsvc6.DLL
0x00007ffbc0870000 - 0x00007ffbc088a000 	C:\WINDOWS\SYSTEM32\dhcpcsvc.DLL
0x00007ffbc26f0000 - 0x00007ffbc26fd000 	D:\Program Files\Android Studio\jre\jre\bin\management.dll

VM Arguments:
jvm_args: -Xmx1536m -Dfile.encoding=windows-1251 -Duser.country=RU -Duser.language=ru -Duser.variant 
java_command: org.gradle.launcher.daemon.bootstrap.GradleDaemon 3.3
java_class_path (initial): C:\Users\пя\.gradle\wrapper\dists\gradle-3.3-all\55gk2rcmfc6p2dg9u9ohc3hw9\gradle-3.3\lib\gradle-launcher-3.3.jar
Launcher Type: SUN_STANDARD

Environment Variables:
JAVA_HOME=C:\Program Files\Java\jdk1.8.0_131
CLASSPATH=.;
PATH=C:\ProgramData\Oracle\Java\javapath;C:\Program Files (x86)\Intel\iCLS Client\;C:\Program Files\Intel\iCLS Client\;C:\Program Files (x86)\NVIDIA Corporation\PhysX\Common;C:\WINDOWS\system32;C:\WINDOWS;C:\WINDOWS\System32\Wbem;C:\WINDOWS\System32\WindowsPowerShell\v1.0\;C:\Program Files (x86)\Windows Live\Shared;C:\Program Files (x86)\Intel\OpenCL SDK\2.0\bin\x86;C:\Program Files (x86)\Intel\OpenCL SDK\2.0\bin\x64;C:\Program Files\Intel\Intel(R) Management Engine Components\DAL;C:\Program Files\Intel\Intel(R) Management Engine Components\IPT;C:\Program Files (x86)\Intel\Intel(R) Management Engine Components\DAL;C:\Program Files (x86)\Intel\Intel(R) Management Engine Components\IPT;C:\Program Files\MySQL\MySQL Utilities 1.6\;C:\Program Files\Java\jdk1.8.0_131\bin;%USERPROFILE%\AppData\Local\Microsoft\WindowsApps;
USERNAME=пя
OS=Windows_NT
PROCESSOR_IDENTIFIER=Intel64 Family 6 Model 58 Stepping 9, GenuineIntel



---------------  S Y S T E M  ---------------

OS: Windows 10.0 , 64 bit Build 15063 (10.0.15063.296)

CPU:total 4 (2 cores per cpu, 2 threads per core) family 6 model 58 stepping 9, cmov, cx8, fxsr, mmx, sse, sse2, sse3, ssse3, sse4.1, sse4.2, popcnt, avx, aes, clmul, erms, ht, tsc, tscinvbit, tscinv

Memory: 4k page, physical 8271440k(523056k free), swap 14887652k(3196k free)

vm_info: OpenJDK 64-Bit Server VM (25.112-b06) for windows-amd64 JRE (1.8.0_112-release-b06), built on Dec  8 2016 00:54:26 by "builder" with MS VC++ 10.0 (VS2010)

time: Fri Aug 25 14:56:37 2017
elapsed time: 5 seconds (0d 0h 0m 5s)

