#
# There is insufficient memory for the Java Runtime Environment to continue.
# Native memory allocation (malloc) failed to allocate 1377856 bytes for Chunk::new
# Possible reasons:
#   The system is out of physical RAM or swap space
#   In 32 bit mode, the process size limit was hit
# Possible solutions:
#   Reduce memory load on the system
#   Increase physical memory or swap space
#   Check if swap backing store is full
#   Use 64 bit Java on a 64 bit OS
#   Decrease Java heap size (-Xmx/-Xms)
#   Decrease number of Java threads
#   Decrease Java thread stack sizes (-Xss)
#   Set larger code cache with -XX:ReservedCodeCacheSize=
# This output file may be truncated or incomplete.
#
#  Out of Memory Error (allocation.cpp:390), pid=14476, tid=0x0000000000000550
#
# JRE version: OpenJDK Runtime Environment (8.0_112-b06) (build 1.8.0_112-release-b06)
# Java VM: OpenJDK 64-Bit Server VM (25.112-b06 mixed mode windows-amd64 compressed oops)
# Failed to write core dump. Minidumps are not enabled by default on client versions of Windows
#

---------------  T H R E A D  ---------------

Current thread (0x0000000016509800):  JavaThread "C2 CompilerThread0" daemon [_thread_in_native, id=1360, stack(0x0000000017b50000,0x0000000017c50000)]

Stack: [0x0000000017b50000,0x0000000017c50000]
[error occurred during error reporting (printing stack bounds), id 0xc0000005]

Native frames: (J=compiled Java code, j=interpreted, Vv=VM code, C=native code)


Current CompileTask:
C2:   3516 1484   !   4       java.net.URLClassLoader$1::run (63 bytes)


---------------  P R O C E S S  ---------------

Java Threads: ( => current thread )
  0x00000000197e8800 JavaThread "File lock request listener" [_thread_in_native, id=10300, stack(0x000000001be90000,0x000000001bf90000)]
  0x00000000192a6800 JavaThread "Stdin handler" [_thread_blocked, id=13412, stack(0x000000001abc0000,0x000000001acc0000)]
  0x00000000192a0800 JavaThread "Asynchronous log dispatcher for DefaultDaemonConnection: socket connection from /127.0.0.1:64868 to /127.0.0.1:64869" [_thread_blocked, id=16752, stack(0x000000001aac0000,0x000000001abc0000)]
  0x0000000019b38000 JavaThread "Daemon worker" [_thread_in_vm, id=17020, stack(0x000000001a9c0000,0x000000001aac0000)]
  0x00000000192aa000 JavaThread "Cancel handler" [_thread_blocked, id=9944, stack(0x000000001a8c0000,0x000000001a9c0000)]
  0x00000000192a8800 JavaThread "pool-1-thread-1" [_thread_blocked, id=16588, stack(0x000000001a7c0000,0x000000001a8c0000)]
  0x0000000019500000 JavaThread "Handler for socket connection from /127.0.0.1:64868 to /127.0.0.1:64869" [_thread_in_native, id=4400, stack(0x000000001a6c0000,0x000000001a7c0000)]
  0x00000000194f7000 JavaThread "Daemon" [_thread_blocked, id=10916, stack(0x000000001a5c0000,0x000000001a6c0000)]
  0x000000001911e000 JavaThread "Incoming local TCP Connector on port 64868" [_thread_in_native, id=9608, stack(0x0000000019c20000,0x0000000019d20000)]
  0x0000000017e88800 JavaThread "Service Thread" daemon [_thread_blocked, id=9872, stack(0x0000000018250000,0x0000000018350000)]
  0x0000000016517000 JavaThread "C1 CompilerThread2" daemon [_thread_in_native, id=16528, stack(0x0000000017d50000,0x0000000017e50000)]
  0x000000001650c800 JavaThread "C2 CompilerThread1" daemon [_thread_in_native, id=11396, stack(0x0000000017c50000,0x0000000017d50000)]
=>0x0000000016509800 JavaThread "C2 CompilerThread0" daemon [_thread_in_native, id=1360, stack(0x0000000017b50000,0x0000000017c50000)]
  0x0000000016507800 JavaThread "Attach Listener" daemon [_thread_blocked, id=16992, stack(0x0000000017a50000,0x0000000017b50000)]
  0x0000000016515800 JavaThread "Signal Dispatcher" daemon [_thread_blocked, id=12064, stack(0x0000000017950000,0x0000000017a50000)]
  0x00000000164f8800 JavaThread "Finalizer" daemon [_thread_blocked, id=14556, stack(0x0000000017760000,0x0000000017860000)]
  0x0000000002b8f000 JavaThread "Reference Handler" daemon [_thread_blocked, id=5548, stack(0x0000000017660000,0x0000000017760000)]
  0x0000000002aa0800 JavaThread "main" [_thread_blocked, id=2192, stack(0x00000000028d0000,0x00000000029d0000)]

Other Threads:
  0x00000000164d5800 VMThread [stack: 0x0000000017560000,0x0000000017660000] [id=4644]
  0x000000001656e800 WatcherThread [stack: 0x0000000018350000,0x0000000018450000] [id=13360]

VM state:not at safepoint (normal execution)

VM Mutex/Monitor currently owned by a thread: None

Heap:
 PSYoungGen      total 38400K, used 5483K [0x00000000e0000000, 0x00000000e2a80000, 0x0000000100000000)
  eden space 33280K, 1% used [0x00000000e0000000,0x00000000e005ceb8,0x00000000e2080000)
  from space 5120K, 99% used [0x00000000e2080000,0x00000000e257de88,0x00000000e2580000)
  to   space 5120K, 0% used [0x00000000e2580000,0x00000000e2580000,0x00000000e2a80000)
 ParOldGen       total 87552K, used 3815K [0x00000000a0000000, 0x00000000a5580000, 0x00000000e0000000)
  object space 87552K, 4% used [0x00000000a0000000,0x00000000a03b9e10,0x00000000a5580000)
 Metaspace       used 16792K, capacity 17166K, committed 17408K, reserved 1064960K
  class space    used 2341K, capacity 2464K, committed 2560K, reserved 1048576K

Card table byte_map: [0x0000000011f60000,0x0000000012270000] byte_map_base: 0x0000000011a60000

Marking Bits: (ParMarkBitMap*) 0x0000000070f818f0
 Begin Bits: [0x0000000012870000, 0x0000000014070000)
 End Bits:   [0x0000000014070000, 0x0000000015870000)

Polling page: 0x0000000000f00000

CodeCache: size=245760Kb used=5230Kb max_used=5230Kb free=240529Kb
 bounds [0x0000000002ba0000, 0x00000000030c0000, 0x0000000011ba0000]
 total_blobs=1901 nmethods=1506 adapters=308
 compilation: enabled

Compilation events (10 events):
Event: 3.422 Thread 0x0000000016517000 nmethod 1504 0x00000000030b8b50 code [0x00000000030b8ca0, 0x00000000030b8db0]
Event: 3.424 Thread 0x0000000016517000 1505       3       org.objectweb.asm.MethodWriter::visitVarInsn (292 bytes)
Event: 3.426 Thread 0x0000000016517000 nmethod 1505 0x00000000030b8e10 code [0x00000000030b9040, 0x00000000030b9aa8]
Event: 3.426 Thread 0x0000000016517000 1506       1       java.lang.reflect.Constructor::getConstructorAccessor (5 bytes)
Event: 3.426 Thread 0x0000000016517000 nmethod 1506 0x00000000030b9e90 code [0x00000000030b9fe0, 0x00000000030ba0f0]
Event: 3.429 Thread 0x0000000016517000 1507       3       java.util.concurrent.locks.AbstractQueuedSynchronizer::isOnSyncQueue (33 bytes)
Event: 3.430 Thread 0x0000000016517000 nmethod 1507 0x00000000030ba150 code [0x00000000030ba2c0, 0x00000000030ba650]
Event: 3.445 Thread 0x0000000016517000 1508  s    3       java.io.ExpiringCache::get (39 bytes)
Event: 3.446 Thread 0x0000000016517000 nmethod 1508 0x00000000030ba790 code [0x00000000030ba920, 0x00000000030bad58]
Event: 3.513 Thread 0x0000000016517000 1509       3       java.util.regex.Pattern::expr (142 bytes)

GC Heap History (6 events):
Event: 1.142 GC heap before
{Heap before GC invocations=1 (full 0):
 PSYoungGen      total 38400K, used 33280K [0x00000000e0000000, 0x00000000e2a80000, 0x0000000100000000)
  eden space 33280K, 100% used [0x00000000e0000000,0x00000000e2080000,0x00000000e2080000)
  from space 5120K, 0% used [0x00000000e2580000,0x00000000e2580000,0x00000000e2a80000)
  to   space 5120K, 0% used [0x00000000e2080000,0x00000000e2080000,0x00000000e2580000)
 ParOldGen       total 87552K, used 0K [0x00000000a0000000, 0x00000000a5580000, 0x00000000e0000000)
  object space 87552K, 0% used [0x00000000a0000000,0x00000000a0000000,0x00000000a5580000)
 Metaspace       used 6837K, capacity 6964K, committed 7040K, reserved 1056768K
  class space    used 835K, capacity 892K, committed 896K, reserved 1048576K
Event: 1.148 GC heap after
Heap after GC invocations=1 (full 0):
 PSYoungGen      total 38400K, used 4348K [0x00000000e0000000, 0x00000000e2a80000, 0x0000000100000000)
  eden space 33280K, 0% used [0x00000000e0000000,0x00000000e0000000,0x00000000e2080000)
  from space 5120K, 84% used [0x00000000e2080000,0x00000000e24bf398,0x00000000e2580000)
  to   space 5120K, 0% used [0x00000000e2580000,0x00000000e2580000,0x00000000e2a80000)
 ParOldGen       total 87552K, used 35K [0x00000000a0000000, 0x00000000a5580000, 0x00000000e0000000)
  object space 87552K, 0% used [0x00000000a0000000,0x00000000a0008c50,0x00000000a5580000)
 Metaspace       used 6837K, capacity 6964K, committed 7040K, reserved 1056768K
  class space    used 835K, capacity 892K, committed 896K, reserved 1048576K
}
Event: 2.512 GC heap before
{Heap before GC invocations=2 (full 0):
 PSYoungGen      total 38400K, used 37628K [0x00000000e0000000, 0x00000000e2a80000, 0x0000000100000000)
  eden space 33280K, 100% used [0x00000000e0000000,0x00000000e2080000,0x00000000e2080000)
  from space 5120K, 84% used [0x00000000e2080000,0x00000000e24bf398,0x00000000e2580000)
  to   space 5120K, 0% used [0x00000000e2580000,0x00000000e2580000,0x00000000e2a80000)
 ParOldGen       total 87552K, used 35K [0x00000000a0000000, 0x00000000a5580000, 0x00000000e0000000)
  object space 87552K, 0% used [0x00000000a0000000,0x00000000a0008c50,0x00000000a5580000)
 Metaspace       used 13184K, capacity 13522K, committed 13696K, reserved 1060864K
  class space    used 1758K, capacity 1874K, committed 1920K, reserved 1048576K
Event: 2.521 GC heap after
Heap after GC invocations=2 (full 0):
 PSYoungGen      total 38400K, used 5094K [0x00000000e0000000, 0x00000000e2a80000, 0x0000000100000000)
  eden space 33280K, 0% used [0x00000000e0000000,0x00000000e0000000,0x00000000e2080000)
  from space 5120K, 99% used [0x00000000e2580000,0x00000000e2a798d0,0x00000000e2a80000)
  to   space 5120K, 0% used [0x00000000e2080000,0x00000000e2080000,0x00000000e2580000)
 ParOldGen       total 87552K, used 949K [0x00000000a0000000, 0x00000000a5580000, 0x00000000e0000000)
  object space 87552K, 1% used [0x00000000a0000000,0x00000000a00ed5c8,0x00000000a5580000)
 Metaspace       used 13184K, capacity 13522K, committed 13696K, reserved 1060864K
  class space    used 1758K, capacity 1874K, committed 1920K, reserved 1048576K
}
Event: 3.477 GC heap before
{Heap before GC invocations=3 (full 0):
 PSYoungGen      total 38400K, used 38374K [0x00000000e0000000, 0x00000000e2a80000, 0x0000000100000000)
  eden space 33280K, 100% used [0x00000000e0000000,0x00000000e2080000,0x00000000e2080000)
  from space 5120K, 99% used [0x00000000e2580000,0x00000000e2a798d0,0x00000000e2a80000)
  to   space 5120K, 0% used [0x00000000e2080000,0x00000000e2080000,0x00000000e2580000)
 ParOldGen       total 87552K, used 949K [0x00000000a0000000, 0x00000000a5580000, 0x00000000e0000000)
  object space 87552K, 1% used [0x00000000a0000000,0x00000000a00ed5c8,0x00000000a5580000)
 Metaspace       used 16788K, capacity 17166K, committed 17408K, reserved 1064960K
  class space    used 2341K, capacity 2464K, committed 2560K, reserved 1048576K
Event: 3.510 GC heap after
Heap after GC invocations=3 (full 0):
 PSYoungGen      total 38400K, used 5111K [0x00000000e0000000, 0x00000000e2a80000, 0x0000000100000000)
  eden space 33280K, 0% used [0x00000000e0000000,0x00000000e0000000,0x00000000e2080000)
  from space 5120K, 99% used [0x00000000e2080000,0x00000000e257de88,0x00000000e2580000)
  to   space 5120K, 0% used [0x00000000e2580000,0x00000000e2580000,0x00000000e2a80000)
 ParOldGen       total 87552K, used 3815K [0x00000000a0000000, 0x00000000a5580000, 0x00000000e0000000)
  object space 87552K, 4% used [0x00000000a0000000,0x00000000a03b9e10,0x00000000a5580000)
 Metaspace       used 16788K, capacity 17166K, committed 17408K, reserved 1064960K
  class space    used 2341K, capacity 2464K, committed 2560K, reserved 1048576K
}

Deoptimization events (10 events):
Event: 2.941 Thread 0x0000000019b38000 Uncommon trap: reason=unstable_if action=reinterpret pc=0x0000000002de975c method=java.net.URI.match(CJJ)Z @ 19
Event: 3.175 Thread 0x0000000019b38000 Uncommon trap: reason=bimorphic action=maybe_recompile pc=0x000000000301ed68 method=java.lang.ClassLoader.loadClass(Ljava/lang/String;Z)Ljava/lang/Class; @ 38
Event: 3.177 Thread 0x0000000019b38000 Uncommon trap: reason=bimorphic action=maybe_recompile pc=0x000000000301ed68 method=java.lang.ClassLoader.loadClass(Ljava/lang/String;Z)Ljava/lang/Class; @ 38
Event: 3.178 Thread 0x0000000019b38000 Uncommon trap: reason=bimorphic action=maybe_recompile pc=0x000000000301ed68 method=java.lang.ClassLoader.loadClass(Ljava/lang/String;Z)Ljava/lang/Class; @ 38
Event: 3.178 Thread 0x0000000019b38000 Uncommon trap: reason=bimorphic action=maybe_recompile pc=0x000000000301ed68 method=java.lang.ClassLoader.loadClass(Ljava/lang/String;Z)Ljava/lang/Class; @ 38
Event: 3.289 Thread 0x0000000019b38000 Uncommon trap: reason=predicate action=maybe_recompile pc=0x0000000003084c48 method=sun.security.provider.DigestBase.implCompressMultiBlock([BII)I @ 5
Event: 3.298 Thread 0x0000000019b38000 Uncommon trap: reason=unstable_if action=reinterpret pc=0x0000000002e89dd0 method=java.lang.AbstractStringBuilder.append(Ljava/lang/String;)Ljava/lang/AbstractStringBuilder; @ 1
Event: 3.298 Thread 0x0000000019b38000 Uncommon trap: reason=unstable_if action=reinterpret pc=0x0000000002dc7f50 method=java.lang.AbstractStringBuilder.append(Ljava/lang/String;)Ljava/lang/AbstractStringBuilder; @ 1
Event: 3.476 Thread 0x0000000019b38000 Uncommon trap: reason=class_check action=maybe_recompile pc=0x0000000002d83e68 method=java.lang.String.equals(Ljava/lang/Object;)Z @ 8
Event: 3.477 Thread 0x0000000019b38000 Uncommon trap: reason=class_check action=maybe_recompile pc=0x0000000002d83e68 method=java.lang.String.equals(Ljava/lang/Object;)Z @ 8

Internal exceptions (10 events):
Event: 3.001 Thread 0x0000000019b38000 Exception <a 'java/lang/NoSuchMethodError': <clinit>> (0x00000000e1a2c688) thrown at [C:\src\android\AOSP-openjdk\external\jetbrains\jdk\hotspot\src\share\vm\prims\jni.cpp, line 1613]
Event: 3.003 Thread 0x0000000019b38000 Exception <a 'java/lang/NoSuchMethodError': <clinit>> (0x00000000e1a38968) thrown at [C:\src\android\AOSP-openjdk\external\jetbrains\jdk\hotspot\src\share\vm\prims\jni.cpp, line 1613]
Event: 3.004 Thread 0x0000000019b38000 Exception <a 'java/lang/NoSuchMethodError': <clinit>> (0x00000000e1a42dd8) thrown at [C:\src\android\AOSP-openjdk\external\jetbrains\jdk\hotspot\src\share\vm\prims\jni.cpp, line 1613]
Event: 3.181 Thread 0x0000000019b38000 Exception <a 'java/lang/NoSuchMethodError': <clinit>> (0x00000000e1b7a828) thrown at [C:\src\android\AOSP-openjdk\external\jetbrains\jdk\hotspot\src\share\vm\prims\jni.cpp, line 1613]
Event: 3.200 Thread 0x0000000019b38000 Exception <a 'java/lang/NoSuchMethodError': <clinit>> (0x00000000e1bbdc70) thrown at [C:\src\android\AOSP-openjdk\external\jetbrains\jdk\hotspot\src\share\vm\prims\jni.cpp, line 1613]
Event: 3.203 Thread 0x0000000019b38000 Exception <a 'java/lang/NoSuchMethodError': <clinit>> (0x00000000e1bcb558) thrown at [C:\src\android\AOSP-openjdk\external\jetbrains\jdk\hotspot\src\share\vm\prims\jni.cpp, line 1613]
Event: 3.211 Thread 0x0000000019b38000 Exception <a 'java/lang/NoSuchMethodError': <clinit>> (0x00000000e1bda8a8) thrown at [C:\src\android\AOSP-openjdk\external\jetbrains\jdk\hotspot\src\share\vm\prims\jni.cpp, line 1613]
Event: 3.221 Thread 0x0000000019b38000 Exception <a 'java/lang/NoSuchMethodError': <clinit>> (0x00000000e1c02080) thrown at [C:\src\android\AOSP-openjdk\external\jetbrains\jdk\hotspot\src\share\vm\prims\jni.cpp, line 1613]
Event: 3.298 Thread 0x0000000019b38000 Implicit null exception at 0x0000000002e89a16 to 0x0000000002e89db9
Event: 3.298 Thread 0x0000000019b38000 Implicit null exception at 0x0000000002dc7b96 to 0x0000000002dc7f39

Events (10 events):
Event: 3.474 loading class org/objectweb/asm/Context
Event: 3.474 loading class org/objectweb/asm/Context done
Event: 3.476 Thread 0x0000000019b38000 Uncommon trap: trap_request=0xffffffde fr.pc=0x0000000002d83e68
Event: 3.477 Thread 0x0000000019b38000 DEOPT PACKING pc=0x0000000002d83e68 sp=0x000000001aabc8e0
Event: 3.477 Thread 0x0000000019b38000 DEOPT UNPACKING pc=0x0000000002be556a sp=0x000000001aabc870 mode 2
Event: 3.477 Thread 0x0000000019b38000 Uncommon trap: trap_request=0xffffffde fr.pc=0x0000000002d83e68
Event: 3.477 Thread 0x0000000019b38000 DEOPT PACKING pc=0x0000000002d83e68 sp=0x000000001aabc8e0
Event: 3.477 Thread 0x0000000019b38000 DEOPT UNPACKING pc=0x0000000002be556a sp=0x000000001aabc870 mode 2
Event: 3.477 Executing VM operation: ParallelGCFailedAllocation
Event: 3.510 Executing VM operation: ParallelGCFailedAllocation done


Dynamic libraries:
0x00007ff6230c0000 - 0x00007ff6230f1000 	D:\Program Files\Android Studio\jre\bin\java.exe
0x00007ffbcbd70000 - 0x00007ffbcbf4b000 	C:\WINDOWS\SYSTEM32\ntdll.dll
0x00007ffbb6530000 - 0x00007ffbb6563000 	C:\Program Files\AVAST Software\Avast\x64\aswhooka.dll
0x00007ffbcb580000 - 0x00007ffbcb62e000 	C:\WINDOWS\System32\KERNEL32.DLL
0x00007ffbc82b0000 - 0x00007ffbc84f9000 	C:\WINDOWS\System32\KERNELBASE.dll
0x00007ffbc96a0000 - 0x00007ffbc9741000 	C:\WINDOWS\System32\ADVAPI32.dll
0x00007ffbc92d0000 - 0x00007ffbc936d000 	C:\WINDOWS\System32\msvcrt.dll
0x00007ffbc9370000 - 0x00007ffbc93c9000 	C:\WINDOWS\System32\sechost.dll
0x00007ffbcb450000 - 0x00007ffbcb575000 	C:\WINDOWS\System32\RPCRT4.dll
0x00007ffbc9810000 - 0x00007ffbc995a000 	C:\WINDOWS\System32\USER32.dll
0x00007ffbc8290000 - 0x00007ffbc82ae000 	C:\WINDOWS\System32\win32u.dll
0x00007ffbc9670000 - 0x00007ffbc9697000 	C:\WINDOWS\System32\GDI32.dll
0x00007ffbc8500000 - 0x00007ffbc8688000 	C:\WINDOWS\System32\gdi32full.dll
0x00007ffbc9160000 - 0x00007ffbc91fa000 	C:\WINDOWS\System32\msvcp_win.dll
0x00007ffbc8690000 - 0x00007ffbc8786000 	C:\WINDOWS\System32\ucrtbase.dll
0x00007ffbbc1a0000 - 0x00007ffbbc407000 	C:\WINDOWS\WinSxS\amd64_microsoft.windows.common-controls_6595b64144ccf1df_6.0.15063.483_none_26002d27e7c744a2\COMCTL32.dll
0x00007ffbcba70000 - 0x00007ffbcbd69000 	C:\WINDOWS\System32\combase.dll
0x00007ffbc9260000 - 0x00007ffbc92ca000 	C:\WINDOWS\System32\bcryptPrimitives.dll
0x00007ffbcb420000 - 0x00007ffbcb44d000 	C:\WINDOWS\System32\IMM32.DLL
0x000000006e690000 - 0x000000006e762000 	D:\Program Files\Android Studio\jre\jre\bin\msvcr100.dll
0x00000000707c0000 - 0x0000000070ffc000 	D:\Program Files\Android Studio\jre\jre\bin\server\jvm.dll
0x00007ffbc9800000 - 0x00007ffbc9808000 	C:\WINDOWS\System32\PSAPI.DLL
0x00007ffbc1750000 - 0x00007ffbc1759000 	C:\WINDOWS\SYSTEM32\WSOCK32.dll
0x00007ffbcb320000 - 0x00007ffbcb38c000 	C:\WINDOWS\System32\WS2_32.dll
0x00007ffbbd800000 - 0x00007ffbbd823000 	C:\WINDOWS\SYSTEM32\WINMM.dll
0x00007ffbc1c10000 - 0x00007ffbc1c1a000 	C:\WINDOWS\SYSTEM32\VERSION.dll
0x00007ffbbd5c0000 - 0x00007ffbbd5eb000 	C:\WINDOWS\SYSTEM32\WINMMBASE.dll
0x00007ffbc8840000 - 0x00007ffbc8889000 	C:\WINDOWS\System32\cfgmgr32.dll
0x00007ffbc2700000 - 0x00007ffbc270f000 	D:\Program Files\Android Studio\jre\jre\bin\verify.dll
0x00007ffbc1f30000 - 0x00007ffbc1f59000 	D:\Program Files\Android Studio\jre\jre\bin\java.dll
0x00007ffbc17c0000 - 0x00007ffbc17d6000 	D:\Program Files\Android Studio\jre\jre\bin\zip.dll
0x00007ffbc9ee0000 - 0x00007ffbcb317000 	C:\WINDOWS\System32\SHELL32.dll
0x00007ffbc9750000 - 0x00007ffbc97fa000 	C:\WINDOWS\System32\shcore.dll
0x00007ffbc8890000 - 0x00007ffbc8f82000 	C:\WINDOWS\System32\windows.storage.dll
0x00007ffbc9d10000 - 0x00007ffbc9d61000 	C:\WINDOWS\System32\shlwapi.dll
0x00007ffbc8200000 - 0x00007ffbc8211000 	C:\WINDOWS\System32\kernel.appcore.dll
0x00007ffbc8240000 - 0x00007ffbc828c000 	C:\WINDOWS\System32\powrprof.dll
0x00007ffbc81e0000 - 0x00007ffbc81f5000 	C:\WINDOWS\System32\profapi.dll
0x00007ffbbffd0000 - 0x00007ffbbffea000 	D:\Program Files\Android Studio\jre\jre\bin\net.dll
0x00007ffbc7a90000 - 0x00007ffbc7aec000 	C:\WINDOWS\system32\mswsock.dll
0x00007ffbbffb0000 - 0x00007ffbbffc1000 	D:\Program Files\Android Studio\jre\jre\bin\nio.dll
0x00007ffbc2eb0000 - 0x00007ffbc2ece000 	C:\Users\пя\.gradle\native\23\windows-amd64\native-platform.dll
0x00007ffbc7c30000 - 0x00007ffbc7c47000 	C:\WINDOWS\SYSTEM32\CRYPTSP.dll
0x00007ffbc76b0000 - 0x00007ffbc76e4000 	C:\WINDOWS\system32\rsaenh.dll
0x00007ffbc80b0000 - 0x00007ffbc80d5000 	C:\WINDOWS\SYSTEM32\bcrypt.dll
0x00007ffbc80e0000 - 0x00007ffbc8109000 	C:\WINDOWS\SYSTEM32\USERENV.dll
0x00007ffbc7c50000 - 0x00007ffbc7c5b000 	C:\WINDOWS\SYSTEM32\CRYPTBASE.dll
0x00007ffbc7830000 - 0x00007ffbc7867000 	C:\WINDOWS\SYSTEM32\IPHLPAPI.DLL
0x00007ffbcb390000 - 0x00007ffbcb398000 	C:\WINDOWS\System32\NSI.dll
0x00007ffbc0740000 - 0x00007ffbc0756000 	C:\WINDOWS\SYSTEM32\dhcpcsvc6.DLL
0x00007ffbc0870000 - 0x00007ffbc088a000 	C:\WINDOWS\SYSTEM32\dhcpcsvc.DLL
0x00007ffbc26f0000 - 0x00007ffbc26fd000 	D:\Program Files\Android Studio\jre\jre\bin\management.dll

VM Arguments:
jvm_args: -Xmx1536m -Dfile.encoding=windows-1251 -Duser.country=RU -Duser.language=ru -Duser.variant 
java_command: org.gradle.launcher.daemon.bootstrap.GradleDaemon 3.3
java_class_path (initial): C:\Users\пя\.gradle\wrapper\dists\gradle-3.3-all\55gk2rcmfc6p2dg9u9ohc3hw9\gradle-3.3\lib\gradle-launcher-3.3.jar
Launcher Type: SUN_STANDARD

Environment Variables:
JAVA_HOME=C:\Program Files\Java\jdk1.8.0_131
CLASSPATH=.;
PATH=C:\ProgramData\Oracle\Java\javapath;C:\Program Files (x86)\Intel\iCLS Client\;C:\Program Files\Intel\iCLS Client\;C:\Program Files (x86)\NVIDIA Corporation\PhysX\Common;C:\WINDOWS\system32;C:\WINDOWS;C:\WINDOWS\System32\Wbem;C:\WINDOWS\System32\WindowsPowerShell\v1.0\;C:\Program Files (x86)\Windows Live\Shared;C:\Program Files (x86)\Intel\OpenCL SDK\2.0\bin\x86;C:\Program Files (x86)\Intel\OpenCL SDK\2.0\bin\x64;C:\Program Files\Intel\Intel(R) Management Engine Components\DAL;C:\Program Files\Intel\Intel(R) Management Engine Components\IPT;C:\Program Files (x86)\Intel\Intel(R) Management Engine Components\DAL;C:\Program Files (x86)\Intel\Intel(R) Management Engine Components\IPT;C:\Program Files\MySQL\MySQL Utilities 1.6\;C:\Program Files\Java\jdk1.8.0_131\bin;%USERPROFILE%\AppData\Local\Microsoft\WindowsApps;
USERNAME=пя
OS=Windows_NT
PROCESSOR_IDENTIFIER=Intel64 Family 6 Model 58 Stepping 9, GenuineIntel



---------------  S Y S T E M  ---------------

OS: Windows 10.0 , 64 bit Build 15063 (10.0.15063.296)

CPU:total 4 (2 cores per cpu, 2 threads per core) family 6 model 58 stepping 9, cmov, cx8, fxsr, mmx, sse, sse2, sse3, ssse3, sse4.1, sse4.2, popcnt, avx, aes, clmul, erms, ht, tsc, tscinvbit, tscinv

Memory: 4k page, physical 8271440k(546912k free), swap 14887652k(3572k free)

vm_info: OpenJDK 64-Bit Server VM (25.112-b06) for windows-amd64 JRE (1.8.0_112-release-b06), built on Dec  8 2016 00:54:26 by "builder" with MS VC++ 10.0 (VS2010)

time: Fri Aug 25 15:02:08 2017
elapsed time: 3 seconds (0d 0h 0m 3s)

