#
# There is insufficient memory for the Java Runtime Environment to continue.
# Native memory allocation (malloc) failed to allocate 1562864 bytes for Chunk::new
# Possible reasons:
#   The system is out of physical RAM or swap space
#   In 32 bit mode, the process size limit was hit
# Possible solutions:
#   Reduce memory load on the system
#   Increase physical memory or swap space
#   Check if swap backing store is full
#   Use 64 bit Java on a 64 bit OS
#   Decrease Java heap size (-Xmx/-Xms)
#   Decrease number of Java threads
#   Decrease Java thread stack sizes (-Xss)
#   Set larger code cache with -XX:ReservedCodeCacheSize=
# This output file may be truncated or incomplete.
#
#  Out of Memory Error (allocation.cpp:390), pid=16336, tid=0x00000000000041f8
#
# JRE version: OpenJDK Runtime Environment (8.0_112-b06) (build 1.8.0_112-release-b06)
# Java VM: OpenJDK 64-Bit Server VM (25.112-b06 mixed mode windows-amd64 compressed oops)
# Failed to write core dump. Minidumps are not enabled by default on client versions of Windows
#

---------------  T H R E A D  ---------------

Current thread (0x000000001632b800):  JavaThread "C2 CompilerThread0" daemon [_thread_in_native, id=16888, stack(0x00000000178b0000,0x00000000179b0000)]

Stack: [0x00000000178b0000,0x00000000179b0000]
[error occurred during error reporting (printing stack bounds), id 0xc0000005]

Native frames: (J=compiled Java code, j=interpreted, Vv=VM code, C=native code)


Current CompileTask:
C2:  23317 3521   !   4       java.net.URLClassLoader$1::run (63 bytes)


---------------  P R O C E S S  ---------------

Java Threads: ( => current thread )
  0x000000001b011000 JavaThread "File lock request listener" [_thread_in_native, id=10220, stack(0x000000001cfa0000,0x000000001d0a0000)]
  0x0000000018410000 JavaThread "Stdin handler" [_thread_blocked, id=8772, stack(0x000000001a900000,0x000000001aa00000)]
  0x000000001840d000 JavaThread "Asynchronous log dispatcher for DefaultDaemonConnection: socket connection from /127.0.0.1:64446 to /127.0.0.1:64447" [_thread_blocked, id=10116, stack(0x000000001a800000,0x000000001a900000)]
  0x00000000184af000 JavaThread "Daemon worker" [_thread_in_vm, id=1412, stack(0x000000001a700000,0x000000001a800000)]
  0x00000000183aa000 JavaThread "Cancel handler" [_thread_blocked, id=9708, stack(0x000000001a600000,0x000000001a700000)]
  0x0000000017dcc000 JavaThread "Handler for socket connection from /127.0.0.1:64446 to /127.0.0.1:64447" [_thread_in_native, id=7756, stack(0x000000001a500000,0x000000001a600000)]
  0x0000000017dcb000 JavaThread "Daemon" [_thread_blocked, id=17156, stack(0x000000001a400000,0x000000001a500000)]
  0x0000000018779000 JavaThread "pool-1-thread-1" [_thread_blocked, id=15732, stack(0x000000001a300000,0x000000001a400000)]
  0x0000000018f60000 JavaThread "Incoming local TCP Connector on port 64446" [_thread_in_native, id=956, stack(0x0000000019ec0000,0x0000000019fc0000)]
  0x0000000017be0800 JavaThread "Service Thread" daemon [_thread_blocked, id=15004, stack(0x0000000017fb0000,0x00000000180b0000)]
  0x0000000016331000 JavaThread "C1 CompilerThread2" daemon [_thread_in_vm, id=15744, stack(0x0000000017ab0000,0x0000000017bb0000)]
  0x000000001632e000 JavaThread "C2 CompilerThread1" daemon [_thread_in_native, id=6320, stack(0x00000000179b0000,0x0000000017ab0000)]
=>0x000000001632b800 JavaThread "C2 CompilerThread0" daemon [_thread_in_native, id=16888, stack(0x00000000178b0000,0x00000000179b0000)]
  0x000000001632a000 JavaThread "Attach Listener" daemon [_thread_blocked, id=9312, stack(0x00000000177b0000,0x00000000178b0000)]
  0x0000000016335800 JavaThread "Signal Dispatcher" daemon [_thread_blocked, id=15292, stack(0x00000000176b0000,0x00000000177b0000)]
  0x0000000016317800 JavaThread "Finalizer" daemon [_thread_blocked, id=8452, stack(0x00000000175b0000,0x00000000176b0000)]
  0x00000000029b2000 JavaThread "Reference Handler" daemon [_thread_blocked, id=4048, stack(0x00000000174b0000,0x00000000175b0000)]
  0x00000000028c0800 JavaThread "main" [_thread_blocked, id=9516, stack(0x00000000027c0000,0x00000000028c0000)]

Other Threads:
  0x00000000162f5800 VMThread [stack: 0x00000000173b0000,0x00000000174b0000] [id=4680]
  0x0000000017be1000 WatcherThread [stack: 0x00000000180b0000,0x00000000181b0000] [id=5128]

VM state:not at safepoint (normal execution)

VM Mutex/Monitor currently owned by a thread: None

Heap:
 PSYoungGen      total 108544K, used 59513K [0x00000000e0000000, 0x00000000e7900000, 0x0000000100000000)
  eden space 101888K, 51% used [0x00000000e0000000,0x00000000e33adf98,0x00000000e6380000)
  from space 6656K, 99% used [0x00000000e7280000,0x00000000e78f0668,0x00000000e7900000)
  to   space 10240K, 0% used [0x00000000e6500000,0x00000000e6500000,0x00000000e6f00000)
 ParOldGen       total 59392K, used 11934K [0x00000000a0000000, 0x00000000a3a00000, 0x00000000e0000000)
  object space 59392K, 20% used [0x00000000a0000000,0x00000000a0ba7940,0x00000000a3a00000)
 Metaspace       used 34199K, capacity 34674K, committed 34944K, reserved 1079296K
  class space    used 4555K, capacity 4721K, committed 4736K, reserved 1048576K

Card table byte_map: [0x0000000011d80000,0x0000000012090000] byte_map_base: 0x0000000011880000

Marking Bits: (ParMarkBitMap*) 0x0000000070f818f0
 Begin Bits: [0x0000000012690000, 0x0000000013e90000)
 End Bits:   [0x0000000013e90000, 0x0000000015690000)

Polling page: 0x0000000000e10000

CodeCache: size=245760Kb used=13236Kb max_used=13236Kb free=232523Kb
 bounds [0x00000000029c0000, 0x00000000036c0000, 0x00000000119c0000]
 total_blobs=4103 nmethods=3402 adapters=613
 compilation: enabled

Compilation events (10 events):
Event: 23.283 Thread 0x0000000016331000 nmethod 3637 0x0000000003682a50 code [0x0000000003682bc0, 0x0000000003682de8]
Event: 23.283 Thread 0x0000000016331000 3635       3       java.util.EnumMap$KeySet::contains (9 bytes)
Event: 23.283 Thread 0x0000000016331000 nmethod 3635 0x0000000003682290 code [0x0000000003682420, 0x0000000003682888]
Event: 23.283 Thread 0x0000000016331000 3638       3       com.google.common.collect.Iterables::addAll (37 bytes)
Event: 23.284 Thread 0x0000000016331000 nmethod 3638 0x0000000003681790 code [0x0000000003681960, 0x0000000003682058]
Event: 23.284 Thread 0x0000000016331000 3640       3       java.util.Locale::getCountry (8 bytes)
Event: 23.284 Thread 0x0000000016331000 nmethod 3640 0x0000000002b7bad0 code [0x0000000002b7bc20, 0x0000000002b7be10]
Event: 23.284 Thread 0x0000000016331000 3641       3       java.util.Formatter$Flags::<init> (10 bytes)
Event: 23.284 Thread 0x0000000016331000 nmethod 3641 0x00000000036813d0 code [0x0000000003681520, 0x00000000036816d0]
Event: 23.284 Thread 0x0000000016331000 3642   !   3       sun.util.locale.provider.JRELocaleProviderAdapter::getDecimalFormatSymbolsProvider (56 bytes)

GC Heap History (10 events):
Event: 7.750 GC heap before
{Heap before GC invocations=3 (full 0):
 PSYoungGen      total 38400K, used 38390K [0x00000000e0000000, 0x00000000e2a80000, 0x0000000100000000)
  eden space 33280K, 100% used [0x00000000e0000000,0x00000000e2080000,0x00000000e2080000)
  from space 5120K, 99% used [0x00000000e2580000,0x00000000e2a7d8e0,0x00000000e2a80000)
  to   space 5120K, 0% used [0x00000000e2080000,0x00000000e2080000,0x00000000e2580000)
 ParOldGen       total 87552K, used 829K [0x00000000a0000000, 0x00000000a5580000, 0x00000000e0000000)
  object space 87552K, 0% used [0x00000000a0000000,0x00000000a00cf6f8,0x00000000a5580000)
 Metaspace       used 16610K, capacity 16932K, committed 17024K, reserved 1064960K
  class space    used 2308K, capacity 2417K, committed 2432K, reserved 1048576K
Event: 7.866 GC heap after
Heap after GC invocations=3 (full 0):
 PSYoungGen      total 38400K, used 5107K [0x00000000e0000000, 0x00000000e4b00000, 0x0000000100000000)
  eden space 33280K, 0% used [0x00000000e0000000,0x00000000e0000000,0x00000000e2080000)
  from space 5120K, 99% used [0x00000000e2080000,0x00000000e257cc40,0x00000000e2580000)
  to   space 5120K, 0% used [0x00000000e4600000,0x00000000e4600000,0x00000000e4b00000)
 ParOldGen       total 87552K, used 3497K [0x00000000a0000000, 0x00000000a5580000, 0x00000000e0000000)
  object space 87552K, 3% used [0x00000000a0000000,0x00000000a036a750,0x00000000a5580000)
 Metaspace       used 16610K, capacity 16932K, committed 17024K, reserved 1064960K
  class space    used 2308K, capacity 2417K, committed 2432K, reserved 1048576K
}
Event: 9.178 GC heap before
{Heap before GC invocations=4 (full 0):
 PSYoungGen      total 38400K, used 25416K [0x00000000e0000000, 0x00000000e4b00000, 0x0000000100000000)
  eden space 33280K, 61% used [0x00000000e0000000,0x00000000e13d5588,0x00000000e2080000)
  from space 5120K, 99% used [0x00000000e2080000,0x00000000e257cc40,0x00000000e2580000)
  to   space 5120K, 0% used [0x00000000e4600000,0x00000000e4600000,0x00000000e4b00000)
 ParOldGen       total 87552K, used 3497K [0x00000000a0000000, 0x00000000a5580000, 0x00000000e0000000)
  object space 87552K, 3% used [0x00000000a0000000,0x00000000a036a750,0x00000000a5580000)
 Metaspace       used 20828K, capacity 21104K, committed 21296K, reserved 1067008K
  class space    used 2757K, capacity 2869K, committed 2944K, reserved 1048576K
Event: 9.247 GC heap after
Heap after GC invocations=4 (full 0):
 PSYoungGen      total 71680K, used 5088K [0x00000000e0000000, 0x00000000e4b00000, 0x0000000100000000)
  eden space 66560K, 0% used [0x00000000e0000000,0x00000000e0000000,0x00000000e4100000)
  from space 5120K, 99% used [0x00000000e4600000,0x00000000e4af8020,0x00000000e4b00000)
  to   space 5120K, 0% used [0x00000000e4100000,0x00000000e4100000,0x00000000e4600000)
 ParOldGen       total 87552K, used 7559K [0x00000000a0000000, 0x00000000a5580000, 0x00000000e0000000)
  object space 87552K, 8% used [0x00000000a0000000,0x00000000a0761f88,0x00000000a5580000)
 Metaspace       used 20828K, capacity 21104K, committed 21296K, reserved 1067008K
  class space    used 2757K, capacity 2869K, committed 2944K, reserved 1048576K
}
Event: 9.247 GC heap before
{Heap before GC invocations=5 (full 1):
 PSYoungGen      total 71680K, used 5088K [0x00000000e0000000, 0x00000000e4b00000, 0x0000000100000000)
  eden space 66560K, 0% used [0x00000000e0000000,0x00000000e0000000,0x00000000e4100000)
  from space 5120K, 99% used [0x00000000e4600000,0x00000000e4af8020,0x00000000e4b00000)
  to   space 5120K, 0% used [0x00000000e4100000,0x00000000e4100000,0x00000000e4600000)
 ParOldGen       total 87552K, used 7559K [0x00000000a0000000, 0x00000000a5580000, 0x00000000e0000000)
  object space 87552K, 8% used [0x00000000a0000000,0x00000000a0761f88,0x00000000a5580000)
 Metaspace       used 20828K, capacity 21104K, committed 21296K, reserved 1067008K
  class space    used 2757K, capacity 2869K, committed 2944K, reserved 1048576K
Event: 9.439 GC heap after
Heap after GC invocations=5 (full 1):
 PSYoungGen      total 71680K, used 0K [0x00000000e0000000, 0x00000000e4b00000, 0x0000000100000000)
  eden space 66560K, 0% used [0x00000000e0000000,0x00000000e0000000,0x00000000e4100000)
  from space 5120K, 0% used [0x00000000e4600000,0x00000000e4600000,0x00000000e4b00000)
  to   space 5120K, 0% used [0x00000000e4100000,0x00000000e4100000,0x00000000e4600000)
 ParOldGen       total 59392K, used 9031K [0x00000000a0000000, 0x00000000a3a00000, 0x00000000e0000000)
  object space 59392K, 15% used [0x00000000a0000000,0x00000000a08d1ed8,0x00000000a3a00000)
 Metaspace       used 20828K, capacity 21104K, committed 21296K, reserved 1067008K
  class space    used 2757K, capacity 2869K, committed 2944K, reserved 1048576K
}
Event: 13.156 GC heap before
{Heap before GC invocations=6 (full 1):
 PSYoungGen      total 71680K, used 66560K [0x00000000e0000000, 0x00000000e4b00000, 0x0000000100000000)
  eden space 66560K, 100% used [0x00000000e0000000,0x00000000e4100000,0x00000000e4100000)
  from space 5120K, 0% used [0x00000000e4600000,0x00000000e4600000,0x00000000e4b00000)
  to   space 5120K, 0% used [0x00000000e4100000,0x00000000e4100000,0x00000000e4600000)
 ParOldGen       total 59392K, used 9031K [0x00000000a0000000, 0x00000000a3a00000, 0x00000000e0000000)
  object space 59392K, 15% used [0x00000000a0000000,0x00000000a08d1ed8,0x00000000a3a00000)
 Metaspace       used 26018K, capacity 26372K, committed 26496K, reserved 1073152K
  class space    used 3581K, capacity 3697K, committed 3712K, reserved 1048576K
Event: 13.165 GC heap after
Heap after GC invocations=6 (full 1):
 PSYoungGen      total 71680K, used 5108K [0x00000000e0000000, 0x00000000e7d00000, 0x0000000100000000)
  eden space 66560K, 0% used [0x00000000e0000000,0x00000000e0000000,0x00000000e4100000)
  from space 5120K, 99% used [0x00000000e4100000,0x00000000e45fd280,0x00000000e4600000)
  to   space 10752K, 0% used [0x00000000e7280000,0x00000000e7280000,0x00000000e7d00000)
 ParOldGen       total 59392K, used 11854K [0x00000000a0000000, 0x00000000a3a00000, 0x00000000e0000000)
  object space 59392K, 19% used [0x00000000a0000000,0x00000000a0b93930,0x00000000a3a00000)
 Metaspace       used 26018K, capacity 26372K, committed 26496K, reserved 1073152K
  class space    used 3581K, capacity 3697K, committed 3712K, reserved 1048576K
}
Event: 20.916 GC heap before
{Heap before GC invocations=7 (full 1):
 PSYoungGen      total 71680K, used 71668K [0x00000000e0000000, 0x00000000e7d00000, 0x0000000100000000)
  eden space 66560K, 100% used [0x00000000e0000000,0x00000000e4100000,0x00000000e4100000)
  from space 5120K, 99% used [0x00000000e4100000,0x00000000e45fd280,0x00000000e4600000)
  to   space 10752K, 0% used [0x00000000e7280000,0x00000000e7280000,0x00000000e7d00000)
 ParOldGen       total 59392K, used 11854K [0x00000000a0000000, 0x00000000a3a00000, 0x00000000e0000000)
  object space 59392K, 19% used [0x00000000a0000000,0x00000000a0b93930,0x00000000a3a00000)
 Metaspace       used 29489K, capacity 29850K, committed 30080K, reserved 1075200K
  class space    used 4000K, capacity 4151K, committed 4224K, reserved 1048576K
Event: 20.927 GC heap after
Heap after GC invocations=7 (full 1):
 PSYoungGen      total 108544K, used 6593K [0x00000000e0000000, 0x00000000e7900000, 0x0000000100000000)
  eden space 101888K, 0% used [0x00000000e0000000,0x00000000e0000000,0x00000000e6380000)
  from space 6656K, 99% used [0x00000000e7280000,0x00000000e78f0668,0x00000000e7900000)
  to   space 10240K, 0% used [0x00000000e6500000,0x00000000e6500000,0x00000000e6f00000)
 ParOldGen       total 59392K, used 11934K [0x00000000a0000000, 0x00000000a3a00000, 0x00000000e0000000)
  object space 59392K, 20% used [0x00000000a0000000,0x00000000a0ba7940,0x00000000a3a00000)
 Metaspace       used 29489K, capacity 29850K, committed 30080K, reserved 1075200K
  class space    used 4000K, capacity 4151K, committed 4224K, reserved 1048576K
}

Deoptimization events (10 events):
Event: 21.265 Thread 0x00000000184af000 Uncommon trap: reason=bimorphic action=maybe_recompile pc=0x0000000003232c98 method=java.lang.ClassLoader.getPackage(Ljava/lang/String;)Ljava/lang/Package; @ 47
Event: 21.265 Thread 0x00000000184af000 Uncommon trap: reason=bimorphic action=maybe_recompile pc=0x0000000003232c98 method=java.lang.ClassLoader.getPackage(Ljava/lang/String;)Ljava/lang/Package; @ 47
Event: 21.487 Thread 0x00000000184af000 Uncommon trap: reason=unstable_if action=reinterpret pc=0x0000000003293b90 method=java.lang.Integer.valueOf(I)Ljava/lang/Integer; @ 3
Event: 21.822 Thread 0x00000000184af000 Uncommon trap: reason=bimorphic action=maybe_recompile pc=0x00000000035202a0 method=java.security.MessageDigest$Delegate.engineUpdate([BII)V @ 7
Event: 21.822 Thread 0x00000000184af000 Uncommon trap: reason=bimorphic action=maybe_recompile pc=0x00000000035202a0 method=java.security.MessageDigest$Delegate.engineUpdate([BII)V @ 7
Event: 21.822 Thread 0x00000000184af000 Uncommon trap: reason=bimorphic action=maybe_recompile pc=0x00000000034f6408 method=sun.security.provider.DigestBase.engineUpdate([BII)V @ 128
Event: 22.632 Thread 0x00000000184af000 Uncommon trap: reason=unstable_if action=reinterpret pc=0x0000000003219338 method=java.util.HashMap.putVal(ILjava/lang/Object;Ljava/lang/Object;ZZ)Ljava/lang/Object; @ 162
Event: 22.632 Thread 0x00000000184af000 Uncommon trap: reason=unstable_if action=reinterpret pc=0x000000000321aba8 method=java.util.HashMap.putVal(ILjava/lang/Object;Ljava/lang/Object;ZZ)Ljava/lang/Object; @ 162
Event: 22.632 Thread 0x00000000184af000 Uncommon trap: reason=unstable_if action=reinterpret pc=0x0000000002c6843c method=java.util.HashMap.resize()[Ljava/util/HashMap$Node; @ 206
Event: 23.271 Thread 0x00000000184af000 Uncommon trap: reason=unstable_if action=reinterpret pc=0x000000000367e55c method=java.lang.reflect.Modifier.toString(I)Ljava/lang/String; @ 123

Internal exceptions (10 events):
Event: 20.969 Thread 0x00000000184af000 Exception <a 'java/lang/ClassNotFoundException': org/gradle/api/internal/file/FileOperationsBeanInfo> (0x00000000e0360f90) thrown at [C:\src\android\AOSP-openjdk\external\jetbrains\jdk\hotspot\src\share\vm\classfile\systemDictionary.cpp, line 210]
Event: 20.970 Thread 0x00000000184af000 Exception <a 'java/lang/ClassNotFoundException': org/gradle/api/internal/file/FileOperationsCustomizer> (0x00000000e0389260) thrown at [C:\src\android\AOSP-openjdk\external\jetbrains\jdk\hotspot\src\share\vm\classfile\systemDictionary.cpp, line 210]
Event: 20.972 Thread 0x00000000184af000 Exception <a 'java/lang/ClassNotFoundException': org/gradle/api/internal/ProcessOperationsBeanInfo> (0x00000000e03cc858) thrown at [C:\src\android\AOSP-openjdk\external\jetbrains\jdk\hotspot\src\share\vm\classfile\systemDictionary.cpp, line 210]
Event: 20.972 Thread 0x00000000184af000 Exception <a 'java/lang/ClassNotFoundException': org/gradle/api/internal/ProcessOperationsCustomizer> (0x00000000e03f40a8) thrown at [C:\src\android\AOSP-openjdk\external\jetbrains\jdk\hotspot\src\share\vm\classfile\systemDictionary.cpp, line 210]
Event: 21.250 Thread 0x00000000184af000 Exception <a 'java/lang/ClassNotFoundException': build_divsth74oxsfl3fasff9xlk2jBeanInfo> (0x00000000e0538888) thrown at [C:\src\android\AOSP-openjdk\external\jetbrains\jdk\hotspot\src\share\vm\classfile\systemDictionary.cpp, line 210]
Event: 21.251 Thread 0x00000000184af000 Exception <a 'java/lang/ClassNotFoundException': build_divsth74oxsfl3fasff9xlk2jCustomizer> (0x00000000e0548a60) thrown at [C:\src\android\AOSP-openjdk\external\jetbrains\jdk\hotspot\src\share\vm\classfile\systemDictionary.cpp, line 210]
Event: 21.257 Thread 0x00000000184af000 Exception <a 'java/lang/ClassNotFoundException': org/gradle/api/internal/plugins/DefaultObjectConfigurationActionBeanInfo> (0x00000000e05a27b0) thrown at [C:\src\android\AOSP-openjdk\external\jetbrains\jdk\hotspot\src\share\vm\classfile\systemDictionary.cpY¾B!æA5@
Event: 21.257 Thread 0x00000000184af000 Exception <a 'java/lang/ClassNotFoundException': org/gradle/api/internal/plugins/DefaultObjectConfigurationActionCustomizer> (0x00000000e05d20c8) thrown at [C:\src\android\AOSP-openjdk\external\jetbrains\jdk\hotspot\src\share\vm\classfile\systemDictionary.qÎYdB5@
Event: 21.259 Thread 0x00000000184af000 Exception <a 'java/lang/ClassNotFoundException': org/gradle/api/plugins/ObjectConfigurationActionBeanInfo> (0x00000000e06109a8) thrown at [C:\src\android\AOSP-openjdk\external\jetbrains\jdk\hotspot\src\share\vm\classfile\systemDictionary.cpp, line 210]
Event: 21.260 Thread 0x00000000184af000 Exception <a 'java/lang/ClassNotFoundException': org/gradle/api/plugins/ObjectConfigurationActionCustomizer> (0x00000000e0638a18) thrown at [C:\src\android\AOSP-openjdk\external\jetbrains\jdk\hotspot\src\share\vm\classfile\systemDictionary.cpp, line 210]

Events (10 events):
Event: 23.082 loading class org/gradle/model/internal/manage/schema/extract/JavaUtilCollectionStrategy$1 done
Event: 23.137 loading class java/lang/Throwable$PrintStreamOrWriter
Event: 23.271 loading class java/lang/Throwable$PrintStreamOrWriter done
Event: 23.271 Thread 0x00000000184af000 Uncommon trap: trap_request=0xffffff65 fr.pc=0x000000000367e55c
Event: 23.271 Thread 0x00000000184af000 DEOPT PACKING pc=0x000000000367e55c sp=0x000000001a7faa50
Event: 23.271 Thread 0x00000000184af000 DEOPT UNPACKING pc=0x0000000002a0556a sp=0x000000001a7fa9c8 mode 2
Event: 23.279 loading class org/gradle/api/file/FileVisitDetails
Event: 23.279 loading class org/gradle/api/file/FileVisitDetails done
Event: 23.279 loading class org/gradle/api/file/FileTreeElement
Event: 23.279 loading class org/gradle/api/file/FileTreeElement done


Dynamic libraries:
0x00007ff636af0000 - 0x00007ff636b21000 	D:\Program Files\Android Studio\jre\bin\java.exe
0x00007ffbcbd70000 - 0x00007ffbcbf4b000 	C:\WINDOWS\SYSTEM32\ntdll.dll
0x00007ffbb6530000 - 0x00007ffbb6563000 	C:\Program Files\AVAST Software\Avast\x64\aswhooka.dll
0x00007ffbcb580000 - 0x00007ffbcb62e000 	C:\WINDOWS\System32\KERNEL32.DLL
0x00007ffbc82b0000 - 0x00007ffbc84f9000 	C:\WINDOWS\System32\KERNELBASE.dll
0x00007ffbc96a0000 - 0x00007ffbc9741000 	C:\WINDOWS\System32\ADVAPI32.dll
0x00007ffbc92d0000 - 0x00007ffbc936d000 	C:\WINDOWS\System32\msvcrt.dll
0x00007ffbc9370000 - 0x00007ffbc93c9000 	C:\WINDOWS\System32\sechost.dll
0x00007ffbcb450000 - 0x00007ffbcb575000 	C:\WINDOWS\System32\RPCRT4.dll
0x00007ffbc9810000 - 0x00007ffbc995a000 	C:\WINDOWS\System32\USER32.dll
0x00007ffbc8290000 - 0x00007ffbc82ae000 	C:\WINDOWS\System32\win32u.dll
0x00007ffbc9670000 - 0x00007ffbc9697000 	C:\WINDOWS\System32\GDI32.dll
0x00007ffbc8500000 - 0x00007ffbc8688000 	C:\WINDOWS\System32\gdi32full.dll
0x00007ffbc9160000 - 0x00007ffbc91fa000 	C:\WINDOWS\System32\msvcp_win.dll
0x00007ffbc8690000 - 0x00007ffbc8786000 	C:\WINDOWS\System32\ucrtbase.dll
0x00007ffbbc1a0000 - 0x00007ffbbc407000 	C:\WINDOWS\WinSxS\amd64_microsoft.windows.common-controls_6595b64144ccf1df_6.0.15063.483_none_26002d27e7c744a2\COMCTL32.dll
0x00007ffbcba70000 - 0x00007ffbcbd69000 	C:\WINDOWS\System32\combase.dll
0x00007ffbc9260000 - 0x00007ffbc92ca000 	C:\WINDOWS\System32\bcryptPrimitives.dll
0x00007ffbcb420000 - 0x00007ffbcb44d000 	C:\WINDOWS\System32\IMM32.DLL
0x000000006e690000 - 0x000000006e762000 	D:\Program Files\Android Studio\jre\jre\bin\msvcr100.dll
0x00000000707c0000 - 0x0000000070ffc000 	D:\Program Files\Android Studio\jre\jre\bin\server\jvm.dll
0x00007ffbc9800000 - 0x00007ffbc9808000 	C:\WINDOWS\System32\PSAPI.DLL
0x00007ffbc1750000 - 0x00007ffbc1759000 	C:\WINDOWS\SYSTEM32\WSOCK32.dll
0x00007ffbcb320000 - 0x00007ffbcb38c000 	C:\WINDOWS\System32\WS2_32.dll
0x00007ffbbd800000 - 0x00007ffbbd823000 	C:\WINDOWS\SYSTEM32\WINMM.dll
0x00007ffbc1c10000 - 0x00007ffbc1c1a000 	C:\WINDOWS\SYSTEM32\VERSION.dll
0x00007ffbbd5c0000 - 0x00007ffbbd5eb000 	C:\WINDOWS\SYSTEM32\WINMMBASE.dll
0x00007ffbc8840000 - 0x00007ffbc8889000 	C:\WINDOWS\System32\cfgmgr32.dll
0x00007ffbc2700000 - 0x00007ffbc270f000 	D:\Program Files\Android Studio\jre\jre\bin\verify.dll
0x00007ffbc1f30000 - 0x00007ffbc1f59000 	D:\Program Files\Android Studio\jre\jre\bin\java.dll
0x00007ffbc17c0000 - 0x00007ffbc17d6000 	D:\Program Files\Android Studio\jre\jre\bin\zip.dll
0x00007ffbc9ee0000 - 0x00007ffbcb317000 	C:\WINDOWS\System32\SHELL32.dll
0x00007ffbc9750000 - 0x00007ffbc97fa000 	C:\WINDOWS\System32\shcore.dll
0x00007ffbc8890000 - 0x00007ffbc8f82000 	C:\WINDOWS\System32\windows.storage.dll
0x00007ffbc9d10000 - 0x00007ffbc9d61000 	C:\WINDOWS\System32\shlwapi.dll
0x00007ffbc8200000 - 0x00007ffbc8211000 	C:\WINDOWS\System32\kernel.appcore.dll
0x00007ffbc8240000 - 0x00007ffbc828c000 	C:\WINDOWS\System32\powrprof.dll
0x00007ffbc81e0000 - 0x00007ffbc81f5000 	C:\WINDOWS\System32\profapi.dll
0x00007ffbbffd0000 - 0x00007ffbbffea000 	D:\Program Files\Android Studio\jre\jre\bin\net.dll
0x00007ffbc7a90000 - 0x00007ffbc7aec000 	C:\WINDOWS\system32\mswsock.dll
0x00007ffbbffb0000 - 0x00007ffbbffc1000 	D:\Program Files\Android Studio\jre\jre\bin\nio.dll
0x00007ffbc2eb0000 - 0x00007ffbc2ece000 	C:\Users\ÐÑ\.gradle\native\23\windows-amd64\native-platform.dll
0x00007ffbc7c30000 - 0x00007ffbc7c47000 	C:\WINDOWS\SYSTEM32\CRYPTSP.dll
0x00007ffbc76b0000 - 0x00007ffbc76e4000 	C:\WINDOWS\system32\rsaenh.dll
0x00007ffbc80b0000 - 0x00007ffbc80d5000 	C:\WINDOWS\SYSTEM32\bcrypt.dll
0x00007ffbc80e0000 - 0x00007ffbc8109000 	C:\WINDOWS\SYSTEM32\USERENV.dll
0x00007ffbc7c50000 - 0x00007ffbc7c5b000 	C:\WINDOWS\SYSTEM32\CRYPTBASE.dll
0x00007ffbc7830000 - 0x00007ffbc7867000 	C:\WINDOWS\SYSTEM32\IPHLPAPI.DLL
0x00007ffbcb390000 - 0x00007ffbcb398000 	C:\WINDOWS\System32\NSI.dll
0x00007ffbc0740000 - 0x00007ffbc0756000 	C:\WINDOWS\SYSTEM32\dhcpcsvc6.DLL
0x00007ffbc0870000 - 0x00007ffbc088a000 	C:\WINDOWS\SYSTEM32\dhcpcsvc.DLL
0x00007ffbc26f0000 - 0x00007ffbc26fd000 	D:\Program Files\Android Studio\jre\jre\bin\management.dll

VM Arguments:
jvm_args: -Xmx1536m -Dfile.encoding=windows-1251 -Duser.country=RU -Duser.language=ru -Duser.variant 
java_command: org.gradle.launcher.daemon.bootstrap.GradleDaemon 3.3
java_class_path (initial): C:\Users\ÐÑ\.gradle\wrapper\dists\gradle-3.3-all\55gk2rcmfc6p2dg9u9ohc3hw9\gradle-3.3\lib\gradle-launcher-3.3.jar
Launcher Type: SUN_STANDARD

Environment Variables:
JAVA_HOME=C:\Program Files\Java\jdk1.8.0_131
CLASSPATH=.;
PATH=C:\ProgramData\Oracle\Java\javapath;C:\Program Files (x86)\Intel\iCLS Client\;C:\Program Files\Intel\iCLS Client\;C:\Program Files (x86)\NVIDIA Corporation\PhysX\Common;C:\WINDOWS\system32;C:\WINDOWS;C:\WINDOWS\System32\Wbem;C:\WINDOWS\System32\WindowsPowerShell\v1.0\;C:\Program Files (x86)\Windows Live\Shared;C:\Program Files (x86)\Intel\OpenCL SDK\2.0\bin\x86;C:\Program Files (x86)\Intel\OpenCL SDK\2.0\bin\x64;C:\Program Files\Intel\Intel(R) Management Engine Components\DAL;C:\Program Files\Intel\Intel(R) Management Engine Components\IPT;C:\Program Files (x86)\Intel\Intel(R) Management Engine Components\DAL;C:\Program Files (x86)\Intel\Intel(R) Management Engine Components\IPT;C:\Program Files\MySQL\MySQL Utilities 1.6\;C:\Program Files\Java\jdk1.8.0_131\bin;%USERPROFILE%\AppData\Local\Microsoft\WindowsApps;
USERNAME=ÐÑ
OS=Windows_NT
PROCESSOR_IDENTIFIER=Intel64 Family 6 Model 58 Stepping 9, GenuineIntel



---------------  S Y S T E M  ---------------

OS: Windows 10.0 , 64 bit Build 15063 (10.0.15063.296)

CPU:total 4 (2 cores per cpu, 2 threads per core) family 6 model 58 stepping 9, cmov, cx8, fxsr, mmx, sse, sse2, sse3, ssse3, sse4.1, sse4.2, popcnt, avx, aes, clmul, erms, ht, tsc, tscinvbit, tscinv

Memory: 4k page, physical 8271440k(562284k free), swap 14887652k(4644k free)

vm_info: OpenJDK 64-Bit Server VM (25.112-b06) for windows-amd64 JRE (1.8.0_112-release-b06), built on Dec  8 2016 00:54:26 by "builder" with MS VC++ 10.0 (VS2010)

time: Fri Aug 25 14:05:04 2017
elapsed time: 23 seconds (0d 0h 0m 23s)

