#
# There is insufficient memory for the Java Runtime Environment to continue.
# Native memory allocation (malloc) failed to allocate 77488 bytes for Chunk::new
# Possible reasons:
#   The system is out of physical RAM or swap space
#   In 32 bit mode, the process size limit was hit
# Possible solutions:
#   Reduce memory load on the system
#   Increase physical memory or swap space
#   Check if swap backing store is full
#   Use 64 bit Java on a 64 bit OS
#   Decrease Java heap size (-Xmx/-Xms)
#   Decrease number of Java threads
#   Decrease Java thread stack sizes (-Xss)
#   Set larger code cache with -XX:ReservedCodeCacheSize=
# This output file may be truncated or incomplete.
#
#  Out of Memory Error (allocation.cpp:390), pid=14884, tid=0x0000000000004368
#
# JRE version: OpenJDK Runtime Environment (8.0_112-b06) (build 1.8.0_112-release-b06)
# Java VM: OpenJDK 64-Bit Server VM (25.112-b06 mixed mode windows-amd64 compressed oops)
# Failed to write core dump. Minidumps are not enabled by default on client versions of Windows
#

---------------  T H R E A D  ---------------

Current thread (0x000000001647b000):  JavaThread "C2 CompilerThread0" daemon [_thread_in_native, id=17256, stack(0x0000000017ac0000,0x0000000017bc0000)]

Stack: [0x0000000017ac0000,0x0000000017bc0000]
[error occurred during error reporting (printing stack bounds), id 0xc0000005]

Native frames: (J=compiled Java code, j=interpreted, Vv=VM code, C=native code)


Current CompileTask:
C2:  10684 1451   !   4       java.net.URLClassLoader$1::run (63 bytes)


---------------  P R O C E S S  ---------------

Java Threads: ( => current thread )
  0x0000000017f74000 JavaThread "pool-1-thread-1" [_thread_blocked, id=16300, stack(0x000000001ab10000,0x000000001ac10000)]
  0x0000000017f72000 JavaThread "Stdin handler" [_thread_blocked, id=16400, stack(0x000000001aa10000,0x000000001ab10000)]
  0x0000000017f71000 JavaThread "Asynchronous log dispatcher for DefaultDaemonConnection: socket connection from /127.0.0.1:64556 to /127.0.0.1:64557" [_thread_blocked, id=16868, stack(0x000000001a910000,0x000000001aa10000)]
  0x0000000019002800 JavaThread "Daemon worker" [_thread_in_native, id=15976, stack(0x000000001a810000,0x000000001a910000)]
  0x0000000019665800 JavaThread "Cancel handler" [_thread_blocked, id=1624, stack(0x000000001a710000,0x000000001a810000)]
  0x000000001871d800 JavaThread "Handler for socket connection from /127.0.0.1:64556 to /127.0.0.1:64557" [_thread_in_native, id=14572, stack(0x000000001a610000,0x000000001a710000)]
  0x000000001871d000 JavaThread "Daemon" [_thread_blocked, id=2660, stack(0x000000001a510000,0x000000001a610000)]
  0x000000001946a800 JavaThread "Incoming local TCP Connector on port 64556" [_thread_in_native, id=9648, stack(0x000000001a0d0000,0x000000001a1d0000)]
  0x0000000017df4000 JavaThread "Service Thread" daemon [_thread_blocked, id=7304, stack(0x00000000181c0000,0x00000000182c0000)]
  0x0000000016480800 JavaThread "C1 CompilerThread2" daemon [_thread_blocked, id=17392, stack(0x0000000017cc0000,0x0000000017dc0000)]
  0x000000001647d800 JavaThread "C2 CompilerThread1" daemon [_thread_in_native, id=9300, stack(0x0000000017bc0000,0x0000000017cc0000)]
=>0x000000001647b000 JavaThread "C2 CompilerThread0" daemon [_thread_in_native, id=17256, stack(0x0000000017ac0000,0x0000000017bc0000)]
  0x0000000016479000 JavaThread "Attach Listener" daemon [_thread_blocked, id=16564, stack(0x00000000179c0000,0x0000000017ac0000)]
  0x0000000016484800 JavaThread "Signal Dispatcher" daemon [_thread_blocked, id=16024, stack(0x00000000178c0000,0x00000000179c0000)]
  0x0000000016466800 JavaThread "Finalizer" daemon [_thread_blocked, id=12524, stack(0x00000000176d0000,0x00000000177d0000)]
  0x0000000002b01000 JavaThread "Reference Handler" daemon [_thread_blocked, id=9664, stack(0x00000000175d0000,0x00000000176d0000)]
  0x0000000002a10800 JavaThread "main" [_thread_blocked, id=9004, stack(0x0000000002890000,0x0000000002990000)]

Other Threads:
  0x0000000016444800 VMThread [stack: 0x00000000174d0000,0x00000000175d0000] [id=1112]
  0x0000000017df4800 WatcherThread [stack: 0x00000000182c0000,0x00000000183c0000] [id=14528]

VM state:not at safepoint (normal execution)

VM Mutex/Monitor currently owned by a thread: None

Heap:
 PSYoungGen      total 38400K, used 35828K [0x00000000e0000000, 0x00000000e2a80000, 0x0000000100000000)
  eden space 33280K, 92% used [0x00000000e0000000,0x00000000e1e01df0,0x00000000e2080000)
  from space 5120K, 99% used [0x00000000e2580000,0x00000000e2a7b3b8,0x00000000e2a80000)
  to   space 5120K, 0% used [0x00000000e2080000,0x00000000e2080000,0x00000000e2580000)
 ParOldGen       total 87552K, used 859K [0x00000000a0000000, 0x00000000a5580000, 0x00000000e0000000)
  object space 87552K, 0% used [0x00000000a0000000,0x00000000a00d6cf8,0x00000000a5580000)
 Metaspace       used 16402K, capacity 16716K, committed 17024K, reserved 1064960K
  class space    used 2275K, capacity 2385K, committed 2432K, reserved 1048576K

Card table byte_map: [0x0000000011ed0000,0x00000000121e0000] byte_map_base: 0x00000000119d0000

Marking Bits: (ParMarkBitMap*) 0x0000000070f818f0
 Begin Bits: [0x00000000127e0000, 0x0000000013fe0000)
 End Bits:   [0x0000000013fe0000, 0x00000000157e0000)

Polling page: 0x0000000002850000

CodeCache: size=245760Kb used=4961Kb max_used=4961Kb free=240798Kb
 bounds [0x0000000002b10000, 0x0000000002ff0000, 0x0000000011b10000]
 total_blobs=1812 nmethods=1422 adapters=303
 compilation: enabled

Compilation events (10 events):
Event: 10.501 Thread 0x0000000016480800 nmethod 1448 0x0000000002fe46d0 code [0x0000000002fe4840, 0x0000000002fe49c8]
Event: 10.501 Thread 0x0000000016480800 1449       3       sun.reflect.Reflection::quickCheckMemberAccess (10 bytes)
Event: 10.501 Thread 0x0000000016480800 nmethod 1449 0x0000000002fe8e90 code [0x0000000002fe9000, 0x0000000002fe9228]
Event: 10.502 Thread 0x0000000016480800 1450       3       java.lang.AbstractStringBuilder::append (50 bytes)
Event: 10.503 Thread 0x0000000016480800 nmethod 1450 0x0000000002fe92d0 code [0x0000000002fe94a0, 0x0000000002fe9bf8]
Event: 10.511 Thread 0x000000001647b000 1451   !   4       java.net.URLClassLoader$1::run (63 bytes)
Event: 10.544 Thread 0x0000000016480800 1453       3       java.util.regex.Pattern$Ctype::isSatisfiedBy (24 bytes)
Event: 10.544 Thread 0x0000000016480800 nmethod 1453 0x0000000002fea290 code [0x0000000002fea400, 0x0000000002fea790]
Event: 10.544 Thread 0x0000000016480800 1454       3       java.util.regex.Pattern$5::isSatisfiedBy (28 bytes)
Event: 10.544 Thread 0x0000000016480800 nmethod 1454 0x0000000002fea910 code [0x0000000002feaaa0, 0x0000000002feae38]

GC Heap History (4 events):
Event: 3.308 GC heap before
{Heap before GC invocations=1 (full 0):
 PSYoungGen      total 38400K, used 33280K [0x00000000e0000000, 0x00000000e2a80000, 0x0000000100000000)
  eden space 33280K, 100% used [0x00000000e0000000,0x00000000e2080000,0x00000000e2080000)
  from space 5120K, 0% used [0x00000000e2580000,0x00000000e2580000,0x00000000e2a80000)
  to   space 5120K, 0% used [0x00000000e2080000,0x00000000e2080000,0x00000000e2580000)
 ParOldGen       total 87552K, used 0K [0x00000000a0000000, 0x00000000a5580000, 0x00000000e0000000)
  object space 87552K, 0% used [0x00000000a0000000,0x00000000a0000000,0x00000000a5580000)
 Metaspace       used 6839K, capacity 6964K, committed 7040K, reserved 1056768K
  class space    used 835K, capacity 892K, committed 896K, reserved 1048576K
Event: 3.317 GC heap after
Heap after GC invocations=1 (full 0):
 PSYoungGen      total 38400K, used 4378K [0x00000000e0000000, 0x00000000e2a80000, 0x0000000100000000)
  eden space 33280K, 0% used [0x00000000e0000000,0x00000000e0000000,0x00000000e2080000)
  from space 5120K, 85% used [0x00000000e2080000,0x00000000e24c6838,0x00000000e2580000)
  to   space 5120K, 0% used [0x00000000e2580000,0x00000000e2580000,0x00000000e2a80000)
 ParOldGen       total 87552K, used 8K [0x00000000a0000000, 0x00000000a5580000, 0x00000000e0000000)
  object space 87552K, 0% used [0x00000000a0000000,0x00000000a0002000,0x00000000a5580000)
 Metaspace       used 6839K, capacity 6964K, committed 7040K, reserved 1056768K
  class space    used 835K, capacity 892K, committed 896K, reserved 1048576K
}
Event: 9.152 GC heap before
{Heap before GC invocations=2 (full 0):
 PSYoungGen      total 38400K, used 37658K [0x00000000e0000000, 0x00000000e2a80000, 0x0000000100000000)
  eden space 33280K, 100% used [0x00000000e0000000,0x00000000e2080000,0x00000000e2080000)
  from space 5120K, 85% used [0x00000000e2080000,0x00000000e24c6838,0x00000000e2580000)
  to   space 5120K, 0% used [0x00000000e2580000,0x00000000e2580000,0x00000000e2a80000)
 ParOldGen       total 87552K, used 8K [0x00000000a0000000, 0x00000000a5580000, 0x00000000e0000000)
  object space 87552K, 0% used [0x00000000a0000000,0x00000000a0002000,0x00000000a5580000)
 Metaspace       used 13134K, capacity 13492K, committed 13696K, reserved 1060864K
  class space    used 1750K, capacity 1869K, committed 1920K, reserved 1048576K
Event: 9.162 GC heap after
Heap after GC invocations=2 (full 0):
 PSYoungGen      total 38400K, used 5100K [0x00000000e0000000, 0x00000000e2a80000, 0x0000000100000000)
  eden space 33280K, 0% used [0x00000000e0000000,0x00000000e0000000,0x00000000e2080000)
  from space 5120K, 99% used [0x00000000e2580000,0x00000000e2a7b3b8,0x00000000e2a80000)
  to   space 5120K, 0% used [0x00000000e2080000,0x00000000e2080000,0x00000000e2580000)
 ParOldGen       total 87552K, used 859K [0x00000000a0000000, 0x00000000a5580000, 0x00000000e0000000)
  object space 87552K, 0% used [0x00000000a0000000,0x00000000a00d6cf8,0x00000000a5580000)
 Metaspace       used 13134K, capacity 13492K, committed 13696K, reserved 1060864K
  class space    used 1750K, capacity 1869K, committed 1920K, reserved 1048576K
}

Deoptimization events (10 events):
Event: 6.334 Thread 0x0000000002a10800 Uncommon trap: reason=bimorphic action=maybe_recompile pc=0x0000000002d9acf0 method=java.util.HashMap.putVal(ILjava/lang/Object;Ljava/lang/Object;ZZ)Ljava/lang/Object; @ 203
Event: 8.532 Thread 0x0000000002a10800 Uncommon trap: reason=unstable_if action=reinterpret pc=0x0000000002e197b0 method=java.util.LinkedHashMap.afterNodeInsertion(Z)V @ 1
Event: 8.761 Thread 0x0000000019002800 Uncommon trap: reason=bimorphic action=maybe_recompile pc=0x0000000002e51a00 method=java.util.HashMap.putVal(ILjava/lang/Object;Ljava/lang/Object;ZZ)Ljava/lang/Object; @ 253
Event: 8.761 Thread 0x0000000019002800 Uncommon trap: reason=bimorphic action=maybe_recompile pc=0x0000000002e51a00 method=java.util.HashMap.putVal(ILjava/lang/Object;Ljava/lang/Object;ZZ)Ljava/lang/Object; @ 253
Event: 9.464 Thread 0x0000000019002800 Uncommon trap: reason=class_check action=maybe_recompile pc=0x0000000002d8dc9c method=java.util.regex.Matcher.match(II)Z @ 86
Event: 9.465 Thread 0x0000000019002800 Uncommon trap: reason=class_check action=maybe_recompile pc=0x0000000002d8dc9c method=java.util.regex.Matcher.match(II)Z @ 86
Event: 10.132 Thread 0x0000000019002800 Uncommon trap: reason=unstable_if action=reinterpret pc=0x0000000002c69acc method=java.net.URI.match(CJJ)Z @ 19
Event: 10.132 Thread 0x0000000019002800 Uncommon trap: reason=unstable_if action=reinterpret pc=0x0000000002d5885c method=java.net.URI.match(CJJ)Z @ 19
Event: 10.498 Thread 0x0000000019002800 Uncommon trap: reason=unstable_if action=reinterpret pc=0x0000000002df76d0 method=java.lang.AbstractStringBuilder.append(Ljava/lang/String;)Ljava/lang/AbstractStringBuilder; @ 1
Event: 10.499 Thread 0x0000000019002800 Uncommon trap: reason=unstable_if action=reinterpret pc=0x0000000002d3c650 method=java.lang.AbstractStringBuilder.append(Ljava/lang/String;)Ljava/lang/AbstractStringBuilder; @ 1

Internal exceptions (10 events):
Event: 8.799 Thread 0x0000000002a10800 Exception <a 'java/lang/ArrayIndexOutOfBoundsException'> (0x00000000e1a08b00) thrown at [C:\src\android\AOSP-openjdk\external\jetbrains\jdk\hotspot\src\share\vm\runtime\sharedRuntime.cpp, line 605]
Event: 9.024 Thread 0x0000000019002800 Exception <a 'java/lang/ArrayIndexOutOfBoundsException'> (0x00000000e1cb54b8) thrown at [C:\src\android\AOSP-openjdk\external\jetbrains\jdk\hotspot\src\share\vm\runtime\sharedRuntime.cpp, line 605]
Event: 9.108 Thread 0x0000000019002800 Exception <a 'java/lang/ArrayIndexOutOfBoundsException'> (0x00000000e1d86408) thrown at [C:\src\android\AOSP-openjdk\external\jetbrains\jdk\hotspot\src\share\vm\runtime\sharedRuntime.cpp, line 605]
Event: 9.108 Thread 0x0000000019002800 Exception <a 'java/lang/ArrayIndexOutOfBoundsException'> (0x00000000e1d87838) thrown at [C:\src\android\AOSP-openjdk\external\jetbrains\jdk\hotspot\src\share\vm\runtime\sharedRuntime.cpp, line 605]
Event: 10.223 Thread 0x0000000019002800 Exception <a 'java/lang/NoSuchMethodError': <clinit>> (0x00000000e1a50cb8) thrown at [C:\src\android\AOSP-openjdk\external\jetbrains\jdk\hotspot\src\share\vm\prims\jni.cpp, line 1613]
Event: 10.224 Thread 0x0000000019002800 Exception <a 'java/lang/NoSuchMethodError': <clinit>> (0x00000000e1a53488) thrown at [C:\src\android\AOSP-openjdk\external\jetbrains\jdk\hotspot\src\share\vm\prims\jni.cpp, line 1613]
Event: 10.225 Thread 0x0000000019002800 Exception <a 'java/lang/NoSuchMethodError': <clinit>> (0x00000000e1a5f768) thrown at [C:\src\android\AOSP-openjdk\external\jetbrains\jdk\hotspot\src\share\vm\prims\jni.cpp, line 1613]
Event: 10.226 Thread 0x0000000019002800 Exception <a 'java/lang/NoSuchMethodError': <clinit>> (0x00000000e1a69dc8) thrown at [C:\src\android\AOSP-openjdk\external\jetbrains\jdk\hotspot\src\share\vm\prims\jni.cpp, line 1613]
Event: 10.498 Thread 0x0000000019002800 Implicit null exception at 0x0000000002df7316 to 0x0000000002df76b9
Event: 10.499 Thread 0x0000000019002800 Implicit null exception at 0x0000000002d3c296 to 0x0000000002d3c639

Events (10 events):
Event: 10.516 loading class org/gradle/groovy/scripts/internal/FileCacheBackedScriptClassCompiler$ProgressReportingInitializer
Event: 10.516 loading class org/gradle/groovy/scripts/internal/FileCacheBackedScriptClassCompiler$ProgressReportingInitializer done
Event: 10.516 loading class org/gradle/groovy/scripts/internal/FileCacheBackedScriptClassCompiler$RemapBuildScriptsAction
Event: 10.516 loading class org/gradle/groovy/scripts/internal/FileCacheBackedScriptClassCompiler$RemapBuildScriptsAction done
Event: 10.517 loading class org/gradle/groovy/scripts/internal/FileCacheBackedScriptClassCompiler$BuildScriptRemapper
Event: 10.517 loading class org/gradle/groovy/scripts/internal/FileCacheBackedScriptClassCompiler$BuildScriptRemapper done
Event: 10.542 loading class org/objectweb/asm/Opcodes
Event: 10.542 loading class org/objectweb/asm/Opcodes done
Event: 10.578 loading class org/gradle/cache/internal/DefaultPersistentDirectoryCache$Initializer
Event: 10.578 loading class org/gradle/cache/internal/DefaultPersistentDirectoryCache$Initializer done


Dynamic libraries:
0x00007ff6eda90000 - 0x00007ff6edac1000 	D:\Program Files\Android Studio\jre\bin\java.exe
0x00007ffbcbd70000 - 0x00007ffbcbf4b000 	C:\WINDOWS\SYSTEM32\ntdll.dll
0x00007ffbb6530000 - 0x00007ffbb6563000 	C:\Program Files\AVAST Software\Avast\x64\aswhooka.dll
0x00007ffbcb580000 - 0x00007ffbcb62e000 	C:\WINDOWS\System32\KERNEL32.DLL
0x00007ffbc82b0000 - 0x00007ffbc84f9000 	C:\WINDOWS\System32\KERNELBASE.dll
0x00007ffbc96a0000 - 0x00007ffbc9741000 	C:\WINDOWS\System32\ADVAPI32.dll
0x00007ffbc92d0000 - 0x00007ffbc936d000 	C:\WINDOWS\System32\msvcrt.dll
0x00007ffbc9370000 - 0x00007ffbc93c9000 	C:\WINDOWS\System32\sechost.dll
0x00007ffbcb450000 - 0x00007ffbcb575000 	C:\WINDOWS\System32\RPCRT4.dll
0x00007ffbc9810000 - 0x00007ffbc995a000 	C:\WINDOWS\System32\USER32.dll
0x00007ffbc8290000 - 0x00007ffbc82ae000 	C:\WINDOWS\System32\win32u.dll
0x00007ffbc9670000 - 0x00007ffbc9697000 	C:\WINDOWS\System32\GDI32.dll
0x00007ffbc8500000 - 0x00007ffbc8688000 	C:\WINDOWS\System32\gdi32full.dll
0x00007ffbc9160000 - 0x00007ffbc91fa000 	C:\WINDOWS\System32\msvcp_win.dll
0x00007ffbc8690000 - 0x00007ffbc8786000 	C:\WINDOWS\System32\ucrtbase.dll
0x00007ffbbc1a0000 - 0x00007ffbbc407000 	C:\WINDOWS\WinSxS\amd64_microsoft.windows.common-controls_6595b64144ccf1df_6.0.15063.483_none_26002d27e7c744a2\COMCTL32.dll
0x00007ffbcba70000 - 0x00007ffbcbd69000 	C:\WINDOWS\System32\combase.dll
0x00007ffbc9260000 - 0x00007ffbc92ca000 	C:\WINDOWS\System32\bcryptPrimitives.dll
0x00007ffbcb420000 - 0x00007ffbcb44d000 	C:\WINDOWS\System32\IMM32.DLL
0x000000006e690000 - 0x000000006e762000 	D:\Program Files\Android Studio\jre\jre\bin\msvcr100.dll
0x00000000707c0000 - 0x0000000070ffc000 	D:\Program Files\Android Studio\jre\jre\bin\server\jvm.dll
0x00007ffbc9800000 - 0x00007ffbc9808000 	C:\WINDOWS\System32\PSAPI.DLL
0x00007ffbc1750000 - 0x00007ffbc1759000 	C:\WINDOWS\SYSTEM32\WSOCK32.dll
0x00007ffbcb320000 - 0x00007ffbcb38c000 	C:\WINDOWS\System32\WS2_32.dll
0x00007ffbbd800000 - 0x00007ffbbd823000 	C:\WINDOWS\SYSTEM32\WINMM.dll
0x00007ffbc1c10000 - 0x00007ffbc1c1a000 	C:\WINDOWS\SYSTEM32\VERSION.dll
0x00007ffbbd5c0000 - 0x00007ffbbd5eb000 	C:\WINDOWS\SYSTEM32\WINMMBASE.dll
0x00007ffbc8840000 - 0x00007ffbc8889000 	C:\WINDOWS\System32\cfgmgr32.dll
0x00007ffbc2700000 - 0x00007ffbc270f000 	D:\Program Files\Android Studio\jre\jre\bin\verify.dll
0x00007ffbc1f30000 - 0x00007ffbc1f59000 	D:\Program Files\Android Studio\jre\jre\bin\java.dll
0x00007ffbc17c0000 - 0x00007ffbc17d6000 	D:\Program Files\Android Studio\jre\jre\bin\zip.dll
0x00007ffbc9ee0000 - 0x00007ffbcb317000 	C:\WINDOWS\System32\SHELL32.dll
0x00007ffbc9750000 - 0x00007ffbc97fa000 	C:\WINDOWS\System32\shcore.dll
0x00007ffbc8890000 - 0x00007ffbc8f82000 	C:\WINDOWS\System32\windows.storage.dll
0x00007ffbc9d10000 - 0x00007ffbc9d61000 	C:\WINDOWS\System32\shlwapi.dll
0x00007ffbc8200000 - 0x00007ffbc8211000 	C:\WINDOWS\System32\kernel.appcore.dll
0x00007ffbc8240000 - 0x00007ffbc828c000 	C:\WINDOWS\System32\powrprof.dll
0x00007ffbc81e0000 - 0x00007ffbc81f5000 	C:\WINDOWS\System32\profapi.dll
0x00007ffbbffd0000 - 0x00007ffbbffea000 	D:\Program Files\Android Studio\jre\jre\bin\net.dll
0x00007ffbc7a90000 - 0x00007ffbc7aec000 	C:\WINDOWS\system32\mswsock.dll
0x00007ffbbffb0000 - 0x00007ffbbffc1000 	D:\Program Files\Android Studio\jre\jre\bin\nio.dll
0x00007ffbc2eb0000 - 0x00007ffbc2ece000 	C:\Users\пя\.gradle\native\23\windows-amd64\native-platform.dll
0x00007ffbc7c30000 - 0x00007ffbc7c47000 	C:\WINDOWS\SYSTEM32\CRYPTSP.dll
0x00007ffbc76b0000 - 0x00007ffbc76e4000 	C:\WINDOWS\system32\rsaenh.dll
0x00007ffbc80b0000 - 0x00007ffbc80d5000 	C:\WINDOWS\SYSTEM32\bcrypt.dll
0x00007ffbc80e0000 - 0x00007ffbc8109000 	C:\WINDOWS\SYSTEM32\USERENV.dll
0x00007ffbc7c50000 - 0x00007ffbc7c5b000 	C:\WINDOWS\SYSTEM32\CRYPTBASE.dll
0x00007ffbc7830000 - 0x00007ffbc7867000 	C:\WINDOWS\SYSTEM32\IPHLPAPI.DLL
0x00007ffbcb390000 - 0x00007ffbcb398000 	C:\WINDOWS\System32\NSI.dll
0x00007ffbc0740000 - 0x00007ffbc0756000 	C:\WINDOWS\SYSTEM32\dhcpcsvc6.DLL
0x00007ffbc0870000 - 0x00007ffbc088a000 	C:\WINDOWS\SYSTEM32\dhcpcsvc.DLL
0x00007ffbc26f0000 - 0x00007ffbc26fd000 	D:\Program Files\Android Studio\jre\jre\bin\management.dll

VM Arguments:
jvm_args: -Xmx1536m -Dfile.encoding=windows-1251 -Duser.country=RU -Duser.language=ru -Duser.variant 
java_command: org.gradle.launcher.daemon.bootstrap.GradleDaemon 3.3
java_class_path (initial): C:\Users\пя\.gradle\wrapper\dists\gradle-3.3-all\55gk2rcmfc6p2dg9u9ohc3hw9\gradle-3.3\lib\gradle-launcher-3.3.jar
Launcher Type: SUN_STANDARD

Environment Variables:
JAVA_HOME=C:\Program Files\Java\jdk1.8.0_131
CLASSPATH=.;
PATH=C:\ProgramData\Oracle\Java\javapath;C:\Program Files (x86)\Intel\iCLS Client\;C:\Program Files\Intel\iCLS Client\;C:\Program Files (x86)\NVIDIA Corporation\PhysX\Common;C:\WINDOWS\system32;C:\WINDOWS;C:\WINDOWS\System32\Wbem;C:\WINDOWS\System32\WindowsPowerShell\v1.0\;C:\Program Files (x86)\Windows Live\Shared;C:\Program Files (x86)\Intel\OpenCL SDK\2.0\bin\x86;C:\Program Files (x86)\Intel\OpenCL SDK\2.0\bin\x64;C:\Program Files\Intel\Intel(R) Management Engine Components\DAL;C:\Program Files\Intel\Intel(R) Management Engine Components\IPT;C:\Program Files (x86)\Intel\Intel(R) Management Engine Components\DAL;C:\Program Files (x86)\Intel\Intel(R) Management Engine Components\IPT;C:\Program Files\MySQL\MySQL Utilities 1.6\;C:\Program Files\Java\jdk1.8.0_131\bin;%USERPROFILE%\AppData\Local\Microsoft\WindowsApps;
USERNAME=пя
OS=Windows_NT
PROCESSOR_IDENTIFIER=Intel64 Family 6 Model 58 Stepping 9, GenuineIntel



---------------  S Y S T E M  ---------------

OS: Windows 10.0 , 64 bit Build 15063 (10.0.15063.296)

CPU:total 4 (2 cores per cpu, 2 threads per core) family 6 model 58 stepping 9, cmov, cx8, fxsr, mmx, sse, sse2, sse3, ssse3, sse4.1, sse4.2, popcnt, avx, aes, clmul, erms, ht, tsc, tscinvbit, tscinv

Memory: 4k page, physical 8271440k(432824k free), swap 14887652k(2340k free)

vm_info: OpenJDK 64-Bit Server VM (25.112-b06) for windows-amd64 JRE (1.8.0_112-release-b06), built on Dec  8 2016 00:54:26 by "builder" with MS VC++ 10.0 (VS2010)

time: Fri Aug 25 14:13:20 2017
elapsed time: 10 seconds (0d 0h 0m 10s)

