#
# There is insufficient memory for the Java Runtime Environment to continue.
# Native memory allocation (malloc) failed to allocate 220656 bytes for Chunk::new
# Possible reasons:
#   The system is out of physical RAM or swap space
#   In 32 bit mode, the process size limit was hit
# Possible solutions:
#   Reduce memory load on the system
#   Increase physical memory or swap space
#   Check if swap backing store is full
#   Use 64 bit Java on a 64 bit OS
#   Decrease Java heap size (-Xmx/-Xms)
#   Decrease number of Java threads
#   Decrease Java thread stack sizes (-Xss)
#   Set larger code cache with -XX:ReservedCodeCacheSize=
# This output file may be truncated or incomplete.
#
#  Out of Memory Error (allocation.cpp:390), pid=15224, tid=0x0000000000000b0c
#
# JRE version: OpenJDK Runtime Environment (8.0_112-b06) (build 1.8.0_112-release-b06)
# Java VM: OpenJDK 64-Bit Server VM (25.112-b06 mixed mode windows-amd64 compressed oops)
# Failed to write core dump. Minidumps are not enabled by default on client versions of Windows
#

---------------  T H R E A D  ---------------

Current thread (0x000000001644b000):  JavaThread "C2 CompilerThread0" daemon [_thread_in_native, id=2828, stack(0x0000000017a90000,0x0000000017b90000)]

Stack: [0x0000000017a90000,0x0000000017b90000]
[error occurred during error reporting (printing stack bounds), id 0xc0000005]

Native frames: (J=compiled Java code, j=interpreted, Vv=VM code, C=native code)


Current CompileTask:
C2: 123885 10354       4       com.android.dx.ssa.Dominators::eval (29 bytes)


---------------  P R O C E S S  ---------------

Java Threads: ( => current thread )
  0x000000001e772000 JavaThread "pool-9-thread-4" [_thread_blocked, id=1864, stack(0x0000000023730000,0x0000000023830000)]
  0x000000001e773000 JavaThread "pool-9-thread-3" [_thread_blocked, id=15704, stack(0x0000000023630000,0x0000000023730000)]
  0x000000001e76e800 JavaThread "pool-9-thread-2" [_thread_in_Java, id=12708, stack(0x0000000023330000,0x0000000023430000)]
  0x000000001e335800 JavaThread "pool-10-thread-1" [_thread_blocked, id=12864, stack(0x0000000023230000,0x0000000023330000)]
  0x000000001e335000 JavaThread "pool-9-thread-1" [_thread_in_Java, id=5100, stack(0x0000000023130000,0x0000000023230000)]
  0x000000001e334000 JavaThread "pool-7-thread-1" [_thread_in_native, id=168, stack(0x0000000023030000,0x0000000023130000)]
  0x000000001e331000 JavaThread "pool-3-thread-3" [_thread_blocked, id=4784, stack(0x0000000022f30000,0x0000000023030000)]
  0x000000001e331800 JavaThread "pool-3-thread-2" [_thread_blocked, id=6076, stack(0x0000000022630000,0x0000000022730000)]
  0x000000001e338000 JavaThread "pool-3-thread-1" [_thread_blocked, id=644, stack(0x0000000022530000,0x0000000022630000)]
  0x000000001e337000 JavaThread "Cache update executor" [_thread_blocked, id=15812, stack(0x00000000209e0000,0x0000000020ae0000)]
  0x000000001e336800 JavaThread "File lock request listener" [_thread_in_native, id=13228, stack(0x000000001bfb0000,0x000000001c0b0000)]
  0x0000000018a02800 JavaThread "pool-1-thread-1" [_thread_blocked, id=6648, stack(0x000000001aae0000,0x000000001abe0000)]
  0x00000000189ea800 JavaThread "Asynchronous log dispatcher for DefaultDaemonConnection: socket connection from /127.0.0.1:64239 to /127.0.0.1:64240" [_thread_blocked, id=7284, stack(0x000000001a8e0000,0x000000001a9e0000)]
  0x0000000018a25000 JavaThread "Daemon worker" [_thread_blocked, id=7796, stack(0x000000001a7e0000,0x000000001a8e0000)]
  0x0000000018a1b800 JavaThread "Cancel handler" [_thread_blocked, id=13008, stack(0x000000001a6e0000,0x000000001a7e0000)]
  0x0000000018e7c000 JavaThread "Handler for socket connection from /127.0.0.1:64239 to /127.0.0.1:64240" [_thread_in_native, id=16804, stack(0x000000001a5e0000,0x000000001a6e0000)]
  0x0000000018e7b000 JavaThread "Daemon" [_thread_blocked, id=7032, stack(0x000000001a2e0000,0x000000001a3e0000)]
  0x0000000019116800 JavaThread "Incoming local TCP Connector on port 64239" [_thread_in_native, id=15464, stack(0x000000001a0a0000,0x000000001a1a0000)]
  0x0000000017dab800 JavaThread "Service Thread" daemon [_thread_blocked, id=3108, stack(0x0000000018190000,0x0000000018290000)]
  0x00000000164ad000 JavaThread "C1 CompilerThread2" daemon [_thread_in_native, id=4336, stack(0x0000000017c90000,0x0000000017d90000)]
  0x0000000016492800 JavaThread "C2 CompilerThread1" daemon [_thread_in_native, id=16116, stack(0x0000000017b90000,0x0000000017c90000)]
=>0x000000001644b000 JavaThread "C2 CompilerThread0" daemon [_thread_in_native, id=2828, stack(0x0000000017a90000,0x0000000017b90000)]
  0x0000000016449000 JavaThread "Attach Listener" daemon [_thread_blocked, id=6736, stack(0x0000000017990000,0x0000000017a90000)]
  0x0000000016454800 JavaThread "Signal Dispatcher" daemon [_thread_blocked, id=13740, stack(0x0000000017890000,0x0000000017990000)]
  0x0000000016436800 JavaThread "Finalizer" daemon [_thread_blocked, id=6700, stack(0x00000000176a0000,0x00000000177a0000)]
  0x0000000002a61000 JavaThread "Reference Handler" daemon [_thread_blocked, id=16984, stack(0x00000000175a0000,0x00000000176a0000)]
  0x0000000002970800 JavaThread "main" [_thread_blocked, id=15316, stack(0x0000000001090000,0x0000000001190000)]

Other Threads:
  0x0000000016414800 VMThread [stack: 0x00000000174a0000,0x00000000175a0000] [id=16184]
  0x0000000017dac000 WatcherThread [stack: 0x0000000018290000,0x0000000018390000] [id=72]

VM state:not at safepoint (normal execution)

VM Mutex/Monitor currently owned by a thread: None

Heap:
 PSYoungGen      total 163840K, used 50717K [0x00000000e0000000, 0x00000000ed900000, 0x0000000100000000)
  eden space 147968K, 23% used [0x00000000e0000000,0x00000000e220c7e0,0x00000000e9080000)
  from space 15872K, 99% used [0x00000000ec980000,0x00000000ed8face0,0x00000000ed900000)
  to   space 12800K, 0% used [0x00000000e9080000,0x00000000e9080000,0x00000000e9d00000)
 ParOldGen       total 52736K, used 39508K [0x00000000a0000000, 0x00000000a3380000, 0x00000000e0000000)
  object space 52736K, 74% used [0x00000000a0000000,0x00000000a2695038,0x00000000a3380000)
 Metaspace       used 65105K, capacity 67016K, committed 67328K, reserved 1112064K
  class space    used 8514K, capacity 8903K, committed 8960K, reserved 1048576K

Card table byte_map: [0x0000000011ea0000,0x00000000121b0000] byte_map_base: 0x00000000119a0000

Marking Bits: (ParMarkBitMap*) 0x0000000070f818f0
 Begin Bits: [0x00000000127b0000, 0x0000000013fb0000)
 End Bits:   [0x0000000013fb0000, 0x00000000157b0000)

Polling page: 0x0000000001190000

CodeCache: size=245760Kb used=30843Kb max_used=30843Kb free=214916Kb
 bounds [0x0000000002ae0000, 0x0000000004920000, 0x0000000011ae0000]
 total_blobs=9786 nmethods=8972 adapters=726
 compilation: enabled

Compilation events (10 events):
Event: 123.751 Thread 0x00000000164ad000 nmethod 10387 0x00000000049176d0 code [0x0000000004917840, 0x0000000004917ab0]
Event: 123.751 Thread 0x00000000164ad000 10388       3       com.android.dx.util.ListIntSet$1::next (37 bytes)
Event: 123.752 Thread 0x00000000164ad000 nmethod 10388 0x0000000004916f10 code [0x00000000049170a0, 0x0000000004917518]
Event: 123.755 Thread 0x00000000164ad000 10391   !   3       java.util.concurrent.ConcurrentHashMap::putVal (362 bytes)
Event: 123.758 Thread 0x00000000164ad000 nmethod 10391 0x0000000004919d50 code [0x000000000491a000, 0x000000000491b998]
Event: 123.762 Thread 0x00000000164ad000 10392  s    3       com.android.dx.dex.file.MethodIdsSection::intern (55 bytes)
Event: 123.763 Thread 0x00000000164ad000 nmethod 10392 0x000000000491c610 code [0x000000000491c840, 0x000000000491d568]
Event: 123.764 Thread 0x00000000164ad000 10394       3       com.android.dx.util.BitIntSet::merge (148 bytes)
Event: 123.765 Thread 0x00000000164ad000 nmethod 10394 0x000000000491dc90 code [0x000000000491df00, 0x000000000491eeb8]
Event: 123.785 Thread 0x00000000164ad000 10395       3       com.android.dx.ssa.DeadCodeRemover::run (194 bytes)

GC Heap History (10 events):
Event: 86.699 GC heap before
{Heap before GC invocations=19 (full 2):
 PSYoungGen      total 122880K, used 121140K [0x00000000e0000000, 0x00000000e8280000, 0x0000000100000000)
  eden space 113152K, 100% used [0x00000000e0000000,0x00000000e6e80000,0x00000000e6e80000)
  from space 9728K, 82% used [0x00000000e7900000,0x00000000e80cd358,0x00000000e8280000)
  to   space 10240K, 0% used [0x00000000e6e80000,0x00000000e6e80000,0x00000000e7880000)
 ParOldGen       total 52736K, used 14351K [0x00000000a0000000, 0x00000000a3380000, 0x00000000e0000000)
  object space 52736K, 27% used [0x00000000a0000000,0x00000000a0e03cb8,0x00000000a3380000)
 Metaspace       used 42595K, capacity 43312K, committed 43520K, reserved 1087488K
  class space    used 5665K, capacity 5863K, committed 5888K, reserved 1048576K
Event: 86.708 GC heap after
Heap after GC invocations=19 (full 2):
 PSYoungGen      total 123392K, used 2225K [0x00000000e0000000, 0x00000000ea780000, 0x0000000100000000)
  eden space 113152K, 0% used [0x00000000e0000000,0x00000000e0000000,0x00000000e6e80000)
  from space 10240K, 21% used [0x00000000e6e80000,0x00000000e70ac598,0x00000000e7880000)
  to   space 10752K, 0% used [0x00000000e9d00000,0x00000000e9d00000,0x00000000ea780000)
 ParOldGen       total 52736K, used 19597K [0x00000000a0000000, 0x00000000a3380000, 0x00000000e0000000)
  object space 52736K, 37% used [0x00000000a0000000,0x00000000a1323780,0x00000000a3380000)
 Metaspace       used 42595K, capacity 43312K, committed 43520K, reserved 1087488K
  class space    used 5665K, capacity 5863K, committed 5888K, reserved 1048576K
}
Event: 94.671 GC heap before
{Heap before GC invocations=20 (full 2):
 PSYoungGen      total 123392K, used 115377K [0x00000000e0000000, 0x00000000ea780000, 0x0000000100000000)
  eden space 113152K, 100% used [0x00000000e0000000,0x00000000e6e80000,0x00000000e6e80000)
  from space 10240K, 21% used [0x00000000e6e80000,0x00000000e70ac598,0x00000000e7880000)
  to   space 10752K, 0% used [0x00000000e9d00000,0x00000000e9d00000,0x00000000ea780000)
 ParOldGen       total 52736K, used 19597K [0x00000000a0000000, 0x00000000a3380000, 0x00000000e0000000)
  object space 52736K, 37% used [0x00000000a0000000,0x00000000a1323780,0x00000000a3380000)
 Metaspace       used 50249K, capacity 51698K, committed 51968K, reserved 1093632K
  class space    used 6780K, capacity 7116K, committed 7168K, reserved 1048576K
Event: 94.687 GC heap after
Heap after GC invocations=20 (full 2):
 PSYoungGen      total 158720K, used 10733K [0x00000000e0000000, 0x00000000ea980000, 0x0000000100000000)
  eden space 147968K, 0% used [0x00000000e0000000,0x00000000e0000000,0x00000000e9080000)
  from space 10752K, 99% used [0x00000000e9d00000,0x00000000ea77b6f8,0x00000000ea780000)
  to   space 12800K, 0% used [0x00000000e9080000,0x00000000e9080000,0x00000000e9d00000)
 ParOldGen       total 52736K, used 22424K [0x00000000a0000000, 0x00000000a3380000, 0x00000000e0000000)
  object space 52736K, 42% used [0x00000000a0000000,0x00000000a15e60e0,0x00000000a3380000)
 Metaspace       used 50249K, capacity 51698K, committed 51968K, reserved 1093632K
  class space    used 6780K, capacity 7116K, committed 7168K, reserved 1048576K
}
Event: 112.276 GC heap before
{Heap before GC invocations=21 (full 2):
 PSYoungGen      total 158720K, used 128356K [0x00000000e0000000, 0x00000000ea980000, 0x0000000100000000)
  eden space 147968K, 79% used [0x00000000e0000000,0x00000000e72dd9b8,0x00000000e9080000)
  from space 10752K, 99% used [0x00000000e9d00000,0x00000000ea77b6f8,0x00000000ea780000)
  to   space 12800K, 0% used [0x00000000e9080000,0x00000000e9080000,0x00000000e9d00000)
 ParOldGen       total 52736K, used 22424K [0x00000000a0000000, 0x00000000a3380000, 0x00000000e0000000)
  object space 52736K, 42% used [0x00000000a0000000,0x00000000a15e60e0,0x00000000a3380000)
 Metaspace       used 57398K, capacity 59044K, committed 59136K, reserved 1099776K
  class space    used 7743K, capacity 8103K, committed 8192K, reserved 1048576K
Event: 112.298 GC heap after
Heap after GC invocations=21 (full 2):
 PSYoungGen      total 160768K, used 12780K [0x00000000e0000000, 0x00000000ed900000, 0x0000000100000000)
  eden space 147968K, 0% used [0x00000000e0000000,0x00000000e0000000,0x00000000e9080000)
  from space 12800K, 99% used [0x00000000e9080000,0x00000000e9cfb078,0x00000000e9d00000)
  to   space 15872K, 0% used [0x00000000ec980000,0x00000000ec980000,0x00000000ed900000)
 ParOldGen       total 52736K, used 25613K [0x00000000a0000000, 0x00000000a3380000, 0x00000000e0000000)
  object space 52736K, 48% used [0x00000000a0000000,0x00000000a19037d0,0x00000000a3380000)
 Metaspace       used 57398K, capacity 59044K, committed 59136K, reserved 1099776K
  class space    used 7743K, capacity 8103K, committed 8192K, reserved 1048576K
}
Event: 112.298 GC heap before
{Heap before GC invocations=22 (full 3):
 PSYoungGen      total 160768K, used 12780K [0x00000000e0000000, 0x00000000ed900000, 0x0000000100000000)
  eden space 147968K, 0% used [0x00000000e0000000,0x00000000e0000000,0x00000000e9080000)
  from space 12800K, 99% used [0x00000000e9080000,0x00000000e9cfb078,0x00000000e9d00000)
  to   space 15872K, 0% used [0x00000000ec980000,0x00000000ec980000,0x00000000ed900000)
 ParOldGen       total 52736K, used 25613K [0x00000000a0000000, 0x00000000a3380000, 0x00000000e0000000)
  object space 52736K, 48% used [0x00000000a0000000,0x00000000a19037d0,0x00000000a3380000)
 Metaspace       used 57398K, capacity 59044K, committed 59136K, reserved 1099776K
  class space    used 7743K, capacity 8103K, committed 8192K, reserved 1048576K
Event: 112.596 GC heap after
Heap after GC invocations=22 (full 3):
 PSYoungGen      total 160768K, used 0K [0x00000000e0000000, 0x00000000ed900000, 0x0000000100000000)
  eden space 147968K, 0% used [0x00000000e0000000,0x00000000e0000000,0x00000000e9080000)
  from space 12800K, 0% used [0x00000000e9080000,0x00000000e9080000,0x00000000e9d00000)
  to   space 15872K, 0% used [0x00000000ec980000,0x00000000ec980000,0x00000000ed900000)
 ParOldGen       total 52736K, used 35000K [0x00000000a0000000, 0x00000000a3380000, 0x00000000e0000000)
  object space 52736K, 66% used [0x00000000a0000000,0x00000000a222e140,0x00000000a3380000)
 Metaspace       used 57396K, capacity 59038K, committed 59136K, reserved 1099776K
  class space    used 7743K, capacity 8102K, committed 8192K, reserved 1048576K
}
Event: 121.604 GC heap before
{Heap before GC invocations=23 (full 3):
 PSYoungGen      total 160768K, used 147968K [0x00000000e0000000, 0x00000000ed900000, 0x0000000100000000)
  eden space 147968K, 100% used [0x00000000e0000000,0x00000000e9080000,0x00000000e9080000)
  from space 12800K, 0% used [0x00000000e9080000,0x00000000e9080000,0x00000000e9d00000)
  to   space 15872K, 0% used [0x00000000ec980000,0x00000000ec980000,0x00000000ed900000)
 ParOldGen       total 52736K, used 35000K [0x00000000a0000000, 0x00000000a3380000, 0x00000000e0000000)
  object space 52736K, 66% used [0x00000000a0000000,0x00000000a222e140,0x00000000a3380000)
 Metaspace       used 64944K, capacity 66888K, committed 67072K, reserved 1112064K
  class space    used 8508K, capacity 8903K, committed 8960K, reserved 1048576K
Event: 121.629 GC heap after
Heap after GC invocations=23 (full 3):
 PSYoungGen      total 163840K, used 15851K [0x00000000e0000000, 0x00000000ed900000, 0x0000000100000000)
  eden space 147968K, 0% used [0x00000000e0000000,0x00000000e0000000,0x00000000e9080000)
  from space 15872K, 99% used [0x00000000ec980000,0x00000000ed8face0,0x00000000ed900000)
  to   space 12800K, 0% used [0x00000000e9080000,0x00000000e9080000,0x00000000e9d00000)
 ParOldGen       total 52736K, used 39508K [0x00000000a0000000, 0x00000000a3380000, 0x00000000e0000000)
  object space 52736K, 74% used [0x00000000a0000000,0x00000000a2695038,0x00000000a3380000)
 Metaspace       used 64944K, capacity 66888K, committed 67072K, reserved 1112064K
  class space    used 8508K, capacity 8903K, committed 8960K, reserved 1048576K
}

Deoptimization events (10 events):
Event: 122.718 Thread 0x000000001e76e800 Uncommon trap: reason=unstable_if action=reinterpret pc=0x000000000369a714 method=com.android.dx.ssa.NormalSsaInsn.getLocalAssignment()Lcom/android/dx/rop/code/RegisterSpec; @ 12
Event: 122.718 Thread 0x000000001e76e800 Uncommon trap: reason=unstable_if action=reinterpret pc=0x00000000040091e8 method=com.android.dx.ssa.NormalSsaInsn.getLocalAssignment()Lcom/android/dx/rop/code/RegisterSpec; @ 12
Event: 122.718 Thread 0x000000001e76e800 Uncommon trap: reason=unstable_if action=reinterpret pc=0x00000000035b61f0 method=com.android.dx.ssa.NormalSsaInsn.getLocalAssignment()Lcom/android/dx/rop/code/RegisterSpec; @ 12
Event: 122.739 Thread 0x000000001e76e800 Uncommon trap: reason=unloaded action=reinterpret pc=0x0000000002dcd54c method=com.android.dx.ssa.SsaRenamer$BlockRenamer.visitMoveInsn(Lcom/android/dx/ssa/NormalSsaInsn;)V @ 208
Event: 122.746 Thread 0x000000001e772000 Uncommon trap: reason=class_check action=maybe_recompile pc=0x0000000004006ca0 method=com.android.dx.rop.type.Type.equals(Ljava/lang/Object;)Z @ 8
Event: 122.747 Thread 0x000000001e772000 Uncommon trap: reason=class_check action=maybe_recompile pc=0x0000000004006ca0 method=com.android.dx.rop.type.Type.equals(Ljava/lang/Object;)Z @ 8
Event: 122.749 Thread 0x000000001e772000 Uncommon trap: reason=class_check action=maybe_recompile pc=0x0000000004006ca0 method=com.android.dx.rop.type.Type.equals(Ljava/lang/Object;)Z @ 8
Event: 122.749 Thread 0x000000001e772000 Uncommon trap: reason=class_check action=maybe_recompile pc=0x0000000004006ca0 method=com.android.dx.rop.type.Type.equals(Ljava/lang/Object;)Z @ 8
Event: 123.729 Thread 0x000000001e335000 Uncommon trap: reason=unstable_if action=reinterpret pc=0x000000000474e6b4 method=java.util.BitSet.ensureCapacity(I)V @ 6
Event: 123.755 Thread 0x000000001e76e800 Uncommon trap: reason=unstable_if action=reinterpret pc=0x000000000474c994 method=java.util.concurrent.ConcurrentHashMap.addCount(JI)V @ 110

Internal exceptions (10 events):
Event: 96.167 Thread 0x0000000018a25000 Exception <a 'java/lang/NoSuchMethodError': <clinit>> (0x00000000e19d91b0) thrown at [C:\src\android\AOSP-openjdk\external\jetbrains\jdk\hotspot\src\share\vm\prims\jni.cpp, line 1613]
Event: 96.169 Thread 0x0000000018a25000 Exception <a 'java/lang/NoSuchMethodError': <clinit>> (0x00000000e1a9fa40) thrown at [C:\src\android\AOSP-openjdk\external\jetbrains\jdk\hotspot\src\share\vm\prims\jni.cpp, line 1613]
Event: 96.240 Thread 0x0000000018a25000 Exception <a 'java/lang/NoSuchMethodError': <clinit>> (0x00000000e1b515d8) thrown at [C:\src\android\AOSP-openjdk\external\jetbrains\jdk\hotspot\src\share\vm\prims\jni.cpp, line 1613]
Event: 96.242 Thread 0x0000000018a25000 Exception <a 'java/lang/NoSuchMethodError': <clinit>> (0x00000000e1b6a330) thrown at [C:\src\android\AOSP-openjdk\external\jetbrains\jdk\hotspot\src\share\vm\prims\jni.cpp, line 1613]
Event: 96.242 Thread 0x0000000018a25000 Exception <a 'java/lang/NoSuchMethodError': <clinit>> (0x00000000e1b6bfb0) thrown at [C:\src\android\AOSP-openjdk\external\jetbrains\jdk\hotspot\src\share\vm\prims\jni.cpp, line 1613]
Event: 101.416 Thread 0x0000000018a25000 Implicit null exception at 0x000000000414d84e to 0x000000000414e6e5
Event: 101.497 Thread 0x0000000018a25000 Implicit null exception at 0x00000000041b6117 to 0x00000000041b6253
Event: 102.546 Thread 0x0000000018a25000 Exception <a 'java/lang/NoSuchMethodError': java.lang.Object.lambda$negate$1(Ljava/lang/Object;)Z> (0x00000000e5344e90) thrown at [C:\src\android\AOSP-openjdk\external\jetbrains\jdk\hotspot\src\share\vm\interpreter\linkResolver.cpp, line 582]
Event: 117.540 Thread 0x0000000018a25000 Exception <a 'java/lang/NoSuchMethodError': java.lang.Object.lambda$asRunnable$0(Lcom/android/apkzlib/utils/IOExceptionRunnable;)V> (0x00000000e4ab4b20) thrown at [C:\src\android\AOSP-openjdk\external\jetbrains\jdk\hotspot\src\share\vm\interpreter\linkResoD”h‚v]@
Event: 117.852 Thread 0x000000001e337000 Exception <a 'java/lang/NoSuchMethodError': <clinit>> (0x00000000e69804e8) thrown at [C:\src\android\AOSP-openjdk\external\jetbrains\jdk\hotspot\src\share\vm\prims\jni.cpp, line 1613]

Events (10 events):
Event: 123.729 Thread 0x000000001e335000 Uncommon trap: trap_request=0xffffff65 fr.pc=0x000000000474e6b4
Event: 123.729 Thread 0x000000001e335000 DEOPT PACKING pc=0x000000000474e6b4 sp=0x000000002322eb00
Event: 123.729 Thread 0x000000001e335000 DEOPT UNPACKING pc=0x0000000002b2556a sp=0x000000002322e9e8 mode 2
Event: 123.741 loading class com/android/dx/util/ListIntSet$1
Event: 123.741 loading class com/android/dx/util/ListIntSet$1 done
Event: 123.746 Executing VM operation: Deoptimize
Event: 123.747 Executing VM operation: Deoptimize done
Event: 123.755 Thread 0x000000001e76e800 Uncommon trap: trap_request=0xffffff65 fr.pc=0x000000000474c994
Event: 123.755 Thread 0x000000001e76e800 DEOPT PACKING pc=0x000000000474c994 sp=0x000000002342e5f0
Event: 123.755 Thread 0x000000001e76e800 DEOPT UNPACKING pc=0x0000000002b2556a sp=0x000000002342e4d8 mode 2


Dynamic libraries:
0x00007ff6bba70000 - 0x00007ff6bbaa1000 	D:\Program Files\Android Studio\jre\bin\java.exe
0x00007ffbcbd70000 - 0x00007ffbcbf4b000 	C:\WINDOWS\SYSTEM32\ntdll.dll
0x00007ffbb6530000 - 0x00007ffbb6563000 	C:\Program Files\AVAST Software\Avast\x64\aswhooka.dll
0x00007ffbcb580000 - 0x00007ffbcb62e000 	C:\WINDOWS\System32\KERNEL32.DLL
0x00007ffbc82b0000 - 0x00007ffbc84f9000 	C:\WINDOWS\System32\KERNELBASE.dll
0x00007ffbc96a0000 - 0x00007ffbc9741000 	C:\WINDOWS\System32\ADVAPI32.dll
0x00007ffbc92d0000 - 0x00007ffbc936d000 	C:\WINDOWS\System32\msvcrt.dll
0x00007ffbc9370000 - 0x00007ffbc93c9000 	C:\WINDOWS\System32\sechost.dll
0x00007ffbcb450000 - 0x00007ffbcb575000 	C:\WINDOWS\System32\RPCRT4.dll
0x00007ffbc9810000 - 0x00007ffbc995a000 	C:\WINDOWS\System32\USER32.dll
0x00007ffbc8290000 - 0x00007ffbc82ae000 	C:\WINDOWS\System32\win32u.dll
0x00007ffbc9670000 - 0x00007ffbc9697000 	C:\WINDOWS\System32\GDI32.dll
0x00007ffbc8500000 - 0x00007ffbc8688000 	C:\WINDOWS\System32\gdi32full.dll
0x00007ffbc9160000 - 0x00007ffbc91fa000 	C:\WINDOWS\System32\msvcp_win.dll
0x00007ffbc8690000 - 0x00007ffbc8786000 	C:\WINDOWS\System32\ucrtbase.dll
0x00007ffbbc1a0000 - 0x00007ffbbc407000 	C:\WINDOWS\WinSxS\amd64_microsoft.windows.common-controls_6595b64144ccf1df_6.0.15063.483_none_26002d27e7c744a2\COMCTL32.dll
0x00007ffbcba70000 - 0x00007ffbcbd69000 	C:\WINDOWS\System32\combase.dll
0x00007ffbc9260000 - 0x00007ffbc92ca000 	C:\WINDOWS\System32\bcryptPrimitives.dll
0x00007ffbcb420000 - 0x00007ffbcb44d000 	C:\WINDOWS\System32\IMM32.DLL
0x000000006e690000 - 0x000000006e762000 	D:\Program Files\Android Studio\jre\jre\bin\msvcr100.dll
0x00000000707c0000 - 0x0000000070ffc000 	D:\Program Files\Android Studio\jre\jre\bin\server\jvm.dll
0x00007ffbc9800000 - 0x00007ffbc9808000 	C:\WINDOWS\System32\PSAPI.DLL
0x00007ffbc1750000 - 0x00007ffbc1759000 	C:\WINDOWS\SYSTEM32\WSOCK32.dll
0x00007ffbcb320000 - 0x00007ffbcb38c000 	C:\WINDOWS\System32\WS2_32.dll
0x00007ffbbd800000 - 0x00007ffbbd823000 	C:\WINDOWS\SYSTEM32\WINMM.dll
0x00007ffbc1c10000 - 0x00007ffbc1c1a000 	C:\WINDOWS\SYSTEM32\VERSION.dll
0x00007ffbbd5c0000 - 0x00007ffbbd5eb000 	C:\WINDOWS\SYSTEM32\WINMMBASE.dll
0x00007ffbc8840000 - 0x00007ffbc8889000 	C:\WINDOWS\System32\cfgmgr32.dll
0x00007ffbc2700000 - 0x00007ffbc270f000 	D:\Program Files\Android Studio\jre\jre\bin\verify.dll
0x00007ffbc1f30000 - 0x00007ffbc1f59000 	D:\Program Files\Android Studio\jre\jre\bin\java.dll
0x00007ffbc17c0000 - 0x00007ffbc17d6000 	D:\Program Files\Android Studio\jre\jre\bin\zip.dll
0x00007ffbc9ee0000 - 0x00007ffbcb317000 	C:\WINDOWS\System32\SHELL32.dll
0x00007ffbc9750000 - 0x00007ffbc97fa000 	C:\WINDOWS\System32\shcore.dll
0x00007ffbc8890000 - 0x00007ffbc8f82000 	C:\WINDOWS\System32\windows.storage.dll
0x00007ffbc9d10000 - 0x00007ffbc9d61000 	C:\WINDOWS\System32\shlwapi.dll
0x00007ffbc8200000 - 0x00007ffbc8211000 	C:\WINDOWS\System32\kernel.appcore.dll
0x00007ffbc8240000 - 0x00007ffbc828c000 	C:\WINDOWS\System32\powrprof.dll
0x00007ffbc81e0000 - 0x00007ffbc81f5000 	C:\WINDOWS\System32\profapi.dll
0x00007ffbbffd0000 - 0x00007ffbbffea000 	D:\Program Files\Android Studio\jre\jre\bin\net.dll
0x00007ffbc7a90000 - 0x00007ffbc7aec000 	C:\WINDOWS\system32\mswsock.dll
0x00007ffbbffb0000 - 0x00007ffbbffc1000 	D:\Program Files\Android Studio\jre\jre\bin\nio.dll
0x00007ffbc2eb0000 - 0x00007ffbc2ece000 	C:\Users\ÐÑ\.gradle\native\23\windows-amd64\native-platform.dll
0x00007ffbc7c30000 - 0x00007ffbc7c47000 	C:\WINDOWS\SYSTEM32\CRYPTSP.dll
0x00007ffbc76b0000 - 0x00007ffbc76e4000 	C:\WINDOWS\system32\rsaenh.dll
0x00007ffbc80b0000 - 0x00007ffbc80d5000 	C:\WINDOWS\SYSTEM32\bcrypt.dll
0x00007ffbc80e0000 - 0x00007ffbc8109000 	C:\WINDOWS\SYSTEM32\USERENV.dll
0x00007ffbc7c50000 - 0x00007ffbc7c5b000 	C:\WINDOWS\SYSTEM32\CRYPTBASE.dll
0x00007ffbc7830000 - 0x00007ffbc7867000 	C:\WINDOWS\SYSTEM32\IPHLPAPI.DLL
0x00007ffbcb390000 - 0x00007ffbcb398000 	C:\WINDOWS\System32\NSI.dll
0x00007ffbc0740000 - 0x00007ffbc0756000 	C:\WINDOWS\SYSTEM32\dhcpcsvc6.DLL
0x00007ffbc0870000 - 0x00007ffbc088a000 	C:\WINDOWS\SYSTEM32\dhcpcsvc.DLL
0x00007ffbc26f0000 - 0x00007ffbc26fd000 	D:\Program Files\Android Studio\jre\jre\bin\management.dll
0x00007ffbc2760000 - 0x00007ffbc2784000 	D:\Program Files\Android Studio\jre\jre\bin\sunec.dll
0x00007ffbc7870000 - 0x00007ffbc7914000 	C:\WINDOWS\SYSTEM32\DNSAPI.dll
0x00007ffbc1a70000 - 0x00007ffbc1a7a000 	C:\Windows\System32\rasadhlp.dll
0x00007ffbbcd50000 - 0x00007ffbbcdbb000 	C:\WINDOWS\System32\fwpuclnt.dll
0x00007ffbc3020000 - 0x00007ffbc302b000 	D:\Program Files\Android Studio\jre\jre\bin\sunmscapi.dll
0x00007ffbc8f90000 - 0x00007ffbc9159000 	C:\WINDOWS\System32\CRYPT32.dll
0x00007ffbc8220000 - 0x00007ffbc8231000 	C:\WINDOWS\System32\MSASN1.dll

VM Arguments:
jvm_args: -Xmx1536m -Dfile.encoding=windows-1251 -Duser.country=RU -Duser.language=ru -Duser.variant 
java_command: org.gradle.launcher.daemon.bootstrap.GradleDaemon 3.3
java_class_path (initial): C:\Users\ÐÑ\.gradle\wrapper\dists\gradle-3.3-all\55gk2rcmfc6p2dg9u9ohc3hw9\gradle-3.3\lib\gradle-launcher-3.3.jar
Launcher Type: SUN_STANDARD

Environment Variables:
JAVA_HOME=C:\Program Files\Java\jdk1.8.0_131
CLASSPATH=.;
PATH=C:\ProgramData\Oracle\Java\javapath;C:\Program Files (x86)\Intel\iCLS Client\;C:\Program Files\Intel\iCLS Client\;C:\Program Files (x86)\NVIDIA Corporation\PhysX\Common;C:\WINDOWS\system32;C:\WINDOWS;C:\WINDOWS\System32\Wbem;C:\WINDOWS\System32\WindowsPowerShell\v1.0\;C:\Program Files (x86)\Windows Live\Shared;C:\Program Files (x86)\Intel\OpenCL SDK\2.0\bin\x86;C:\Program Files (x86)\Intel\OpenCL SDK\2.0\bin\x64;C:\Program Files\Intel\Intel(R) Management Engine Components\DAL;C:\Program Files\Intel\Intel(R) Management Engine Components\IPT;C:\Program Files (x86)\Intel\Intel(R) Management Engine Components\DAL;C:\Program Files (x86)\Intel\Intel(R) Management Engine Components\IPT;C:\Program Files\MySQL\MySQL Utilities 1.6\;C:\Program Files\Java\jdk1.8.0_131\bin;%USERPROFILE%\AppData\Local\Microsoft\WindowsApps;
USERNAME=ÐÑ
OS=Windows_NT
PROCESSOR_IDENTIFIER=Intel64 Family 6 Model 58 Stepping 9, GenuineIntel



---------------  S Y S T E M  ---------------

OS: Windows 10.0 , 64 bit Build 15063 (10.0.15063.296)

CPU:total 4 (2 cores per cpu, 2 threads per core) family 6 model 58 stepping 9, cmov, cx8, fxsr, mmx, sse, sse2, sse3, ssse3, sse4.1, sse4.2, popcnt, avx, aes, clmul, erms, ht, tsc, tscinvbit, tscinv

Memory: 4k page, physical 8271440k(428684k free), swap 14887652k(2792k free)

vm_info: OpenJDK 64-Bit Server VM (25.112-b06) for windows-amd64 JRE (1.8.0_112-release-b06), built on Dec  8 2016 00:54:26 by "builder" with MS VC++ 10.0 (VS2010)

time: Fri Aug 25 13:20:33 2017
elapsed time: 124 seconds (0d 0h 2m 4s)

