#
# There is insufficient memory for the Java Runtime Environment to continue.
# Native memory allocation (malloc) failed to allocate 65552 bytes for Chunk::new
# Possible reasons:
#   The system is out of physical RAM or swap space
#   In 32 bit mode, the process size limit was hit
# Possible solutions:
#   Reduce memory load on the system
#   Increase physical memory or swap space
#   Check if swap backing store is full
#   Use 64 bit Java on a 64 bit OS
#   Decrease Java heap size (-Xmx/-Xms)
#   Decrease number of Java threads
#   Decrease Java thread stack sizes (-Xss)
#   Set larger code cache with -XX:ReservedCodeCacheSize=
# This output file may be truncated or incomplete.
#
#  Out of Memory Error (allocation.cpp:390), pid=12852, tid=0x0000000000002cf8
#
# JRE version: OpenJDK Runtime Environment (8.0_112-b06) (build 1.8.0_112-release-b06)
# Java VM: OpenJDK 64-Bit Server VM (25.112-b06 mixed mode windows-amd64 compressed oops)
# Failed to write core dump. Minidumps are not enabled by default on client versions of Windows
#

---------------  T H R E A D  ---------------

Current thread (0x00000000164ed800):  JavaThread "C2 CompilerThread1" daemon [_thread_in_native, id=11512, stack(0x0000000017c40000,0x0000000017d40000)]

Stack: [0x0000000017c40000,0x0000000017d40000]
[error occurred during error reporting (printing stack bounds), id 0xc0000005]

Native frames: (J=compiled Java code, j=interpreted, Vv=VM code, C=native code)


Current CompileTask:
C2:  52743 4221       4       com.android.repository.impl.manager.LocalRepoLoaderImpl::collectPackages (129 bytes)


---------------  P R O C E S S  ---------------

Java Threads: ( => current thread )
  0x000000001b6c9000 JavaThread "File lock request listener" [_thread_in_native, id=12932, stack(0x000000001f740000,0x000000001f840000)]
  0x0000000018a45000 JavaThread "Stdin handler" [_thread_blocked, id=9876, stack(0x000000001ab90000,0x000000001ac90000)]
  0x0000000018a43000 JavaThread "Asynchronous log dispatcher for DefaultDaemonConnection: socket connection from /127.0.0.1:64483 to /127.0.0.1:64484" [_thread_blocked, id=5428, stack(0x000000001aa90000,0x000000001ab90000)]
  0x0000000018a61000 JavaThread "Daemon worker" [_thread_in_native, id=14516, stack(0x000000001a990000,0x000000001aa90000)]
  0x00000000184b7800 JavaThread "Cancel handler" [_thread_blocked, id=8208, stack(0x000000001a890000,0x000000001a990000)]
  0x00000000184a1000 JavaThread "pool-1-thread-1" [_thread_blocked, id=6028, stack(0x000000001a790000,0x000000001a890000)]
  0x00000000190d2000 JavaThread "Handler for socket connection from /127.0.0.1:64483 to /127.0.0.1:64484" [_thread_in_native, id=15420, stack(0x000000001a690000,0x000000001a790000)]
  0x00000000190d8000 JavaThread "Daemon" [_thread_blocked, id=14212, stack(0x000000001a590000,0x000000001a690000)]
  0x0000000019076800 JavaThread "Incoming local TCP Connector on port 64483" [_thread_in_native, id=4208, stack(0x000000001a150000,0x000000001a250000)]
  0x0000000017e78800 JavaThread "Service Thread" daemon [_thread_blocked, id=8196, stack(0x0000000018240000,0x0000000018340000)]
  0x00000000164f0800 JavaThread "C1 CompilerThread2" daemon [_thread_blocked, id=11648, stack(0x0000000017d40000,0x0000000017e40000)]
=>0x00000000164ed800 JavaThread "C2 CompilerThread1" daemon [_thread_in_native, id=11512, stack(0x0000000017c40000,0x0000000017d40000)]
  0x00000000164eb000 JavaThread "C2 CompilerThread0" daemon [_thread_blocked, id=6380, stack(0x0000000017b40000,0x0000000017c40000)]
  0x00000000164e9000 JavaThread "Attach Listener" daemon [_thread_blocked, id=13788, stack(0x0000000017a40000,0x0000000017b40000)]
  0x00000000164f4800 JavaThread "Signal Dispatcher" daemon [_thread_blocked, id=16916, stack(0x0000000017940000,0x0000000017a40000)]
  0x00000000164d6800 JavaThread "Finalizer" daemon [_thread_blocked, id=2132, stack(0x0000000017750000,0x0000000017850000)]
  0x0000000002b71000 JavaThread "Reference Handler" daemon [_thread_blocked, id=16892, stack(0x0000000017650000,0x0000000017750000)]
  0x0000000002a80800 JavaThread "main" [_thread_blocked, id=14736, stack(0x0000000002920000,0x0000000002a20000)]

Other Threads:
  0x00000000164b4800 VMThread [stack: 0x0000000017550000,0x0000000017650000] [id=13304]
  0x0000000017e7c000 WatcherThread [stack: 0x0000000018340000,0x0000000018440000] [id=4836]

VM state:not at safepoint (normal execution)

VM Mutex/Monitor currently owned by a thread: None

Heap:
 PSYoungGen      total 80896K, used 60640K [0x00000000e0000000, 0x00000000e6880000, 0x0000000100000000)
  eden space 70144K, 78% used [0x00000000e0000000,0x00000000e35d5710,0x00000000e4480000)
  from space 10752K, 51% used [0x00000000e4480000,0x00000000e49e2938,0x00000000e4f00000)
  to   space 10752K, 0% used [0x00000000e5e00000,0x00000000e5e00000,0x00000000e6880000)
 ParOldGen       total 71168K, used 15812K [0x00000000a0000000, 0x00000000a4580000, 0x00000000e0000000)
  object space 71168K, 22% used [0x00000000a0000000,0x00000000a0f71360,0x00000000a4580000)
 Metaspace       used 38354K, capacity 39010K, committed 39168K, reserved 1083392K
  class space    used 5124K, capacity 5306K, committed 5376K, reserved 1048576K

Card table byte_map: [0x0000000011f40000,0x0000000012250000] byte_map_base: 0x0000000011a40000

Marking Bits: (ParMarkBitMap*) 0x0000000070f818f0
 Begin Bits: [0x0000000012850000, 0x0000000014050000)
 End Bits:   [0x0000000014050000, 0x0000000015850000)

Polling page: 0x0000000001060000

CodeCache: size=245760Kb used=14669Kb max_used=15066Kb free=231090Kb
 bounds [0x0000000002b80000, 0x0000000003a50000, 0x0000000011b80000]
 total_blobs=4530 nmethods=3817 adapters=625
 compilation: enabled

Compilation events (10 events):
Event: 47.845 Thread 0x00000000164eb000 4217   !   4       sun.nio.fs.WindowsNativeDispatcher::CreateFile (41 bytes)
Event: 47.855 Thread 0x00000000164ed800 nmethod 4216 0x0000000002ca1290 code [0x0000000002ca1460, 0x0000000002ca1970]
Event: 47.863 Thread 0x00000000164eb000 nmethod 4217 0x000000000331ee10 code [0x000000000331f000, 0x000000000331f9c0]
Event: 48.095 Thread 0x00000000164ed800 4218   !   4       sun.nio.fs.WindowsChannelFactory::open (423 bytes)
Event: 48.099 Thread 0x00000000164ed800 nmethod 4218 0x0000000002cec710 code [0x0000000002cec880, 0x0000000002cecbf8]
Event: 48.639 Thread 0x00000000164eb000 4219       4       sun.nio.fs.WindowsException::rethrowAsIOException (7 bytes)
Event: 48.642 Thread 0x00000000164eb000 nmethod 4219 0x0000000002c8e1d0 code [0x0000000002c8e340, 0x0000000002c8e788]
Event: 50.067 Thread 0x00000000164f0800 4220       3       java.util.stream.SpinedBuffer::increaseCapacity (11 bytes)
Event: 50.068 Thread 0x00000000164f0800 nmethod 4220 0x000000000303c450 code [0x000000000303c5c0, 0x000000000303c898]
Event: 52.639 Thread 0x00000000164ed800 4221       4       com.android.repository.impl.manager.LocalRepoLoaderImpl::collectPackages (129 bytes)

GC Heap History (10 events):
Event: 21.078 GC heap before
{Heap before GC invocations=9 (full 1):
 PSYoungGen      total 53248K, used 48774K [0x00000000e0000000, 0x00000000e4b00000, 0x0000000100000000)
  eden space 43008K, 100% used [0x00000000e0000000,0x00000000e2a00000,0x00000000e2a00000)
  from space 10240K, 56% used [0x00000000e2a00000,0x00000000e2fa1a50,0x00000000e3400000)
  to   space 9728K, 0% used [0x00000000e4180000,0x00000000e4180000,0x00000000e4b00000)
 ParOldGen       total 71168K, used 8923K [0x00000000a0000000, 0x00000000a4580000, 0x00000000e0000000)
  object space 71168K, 12% used [0x00000000a0000000,0x00000000a08b6d50,0x00000000a4580000)
 Metaspace       used 32148K, capacity 32608K, committed 32896K, reserved 1077248K
  class space    used 4320K, capacity 4476K, committed 4480K, reserved 1048576K
Event: 21.089 GC heap after
Heap after GC invocations=9 (full 1):
 PSYoungGen      total 65024K, used 8502K [0x00000000e0000000, 0x00000000e4a80000, 0x0000000100000000)
  eden space 55808K, 0% used [0x00000000e0000000,0x00000000e0000000,0x00000000e3680000)
  from space 9216K, 92% used [0x00000000e4180000,0x00000000e49cdad8,0x00000000e4a80000)
  to   space 10240K, 0% used [0x00000000e3680000,0x00000000e3680000,0x00000000e4080000)
 ParOldGen       total 71168K, used 8995K [0x00000000a0000000, 0x00000000a4580000, 0x00000000e0000000)
  object space 71168K, 12% used [0x00000000a0000000,0x00000000a08c8d60,0x00000000a4580000)
 Metaspace       used 32148K, capacity 32608K, committed 32896K, reserved 1077248K
  class space    used 4320K, capacity 4476K, committed 4480K, reserved 1048576K
}
Event: 22.234 GC heap before
{Heap before GC invocations=10 (full 1):
 PSYoungGen      total 65024K, used 55895K [0x00000000e0000000, 0x00000000e4a80000, 0x0000000100000000)
  eden space 55808K, 84% used [0x00000000e0000000,0x00000000e2e483c0,0x00000000e3680000)
  from space 9216K, 92% used [0x00000000e4180000,0x00000000e49cdad8,0x00000000e4a80000)
  to   space 10240K, 0% used [0x00000000e3680000,0x00000000e3680000,0x00000000e4080000)
 ParOldGen       total 71168K, used 8995K [0x00000000a0000000, 0x00000000a4580000, 0x00000000e0000000)
  object space 71168K, 12% used [0x00000000a0000000,0x00000000a08c8d60,0x00000000a4580000)
 Metaspace       used 34752K, capacity 35366K, committed 35496K, reserved 1079296K
  class space    used 4638K, capacity 4819K, committed 4864K, reserved 1048576K
Event: 22.248 GC heap after
Heap after GC invocations=10 (full 1):
 PSYoungGen      total 66048K, used 9477K [0x00000000e0000000, 0x00000000e5a00000, 0x0000000100000000)
  eden space 55808K, 0% used [0x00000000e0000000,0x00000000e0000000,0x00000000e3680000)
  from space 10240K, 92% used [0x00000000e3680000,0x00000000e3fc17f8,0x00000000e4080000)
  to   space 11264K, 0% used [0x00000000e4f00000,0x00000000e4f00000,0x00000000e5a00000)
 ParOldGen       total 71168K, used 9003K [0x00000000a0000000, 0x00000000a4580000, 0x00000000e0000000)
  object space 71168K, 12% used [0x00000000a0000000,0x00000000a08cad60,0x00000000a4580000)
 Metaspace       used 34752K, capacity 35366K, committed 35496K, reserved 1079296K
  class space    used 4638K, capacity 4819K, committed 4864K, reserved 1048576K
}
Event: 22.248 GC heap before
{Heap before GC invocations=11 (full 2):
 PSYoungGen      total 66048K, used 9477K [0x00000000e0000000, 0x00000000e5a00000, 0x0000000100000000)
  eden space 55808K, 0% used [0x00000000e0000000,0x00000000e0000000,0x00000000e3680000)
  from space 10240K, 92% used [0x00000000e3680000,0x00000000e3fc17f8,0x00000000e4080000)
  to   space 11264K, 0% used [0x00000000e4f00000,0x00000000e4f00000,0x00000000e5a00000)
 ParOldGen       total 71168K, used 9003K [0x00000000a0000000, 0x00000000a4580000, 0x00000000e0000000)
  object space 71168K, 12% used [0x00000000a0000000,0x00000000a08cad60,0x00000000a4580000)
 Metaspace       used 34752K, capacity 35366K, committed 35496K, reserved 1079296K
  class space    used 4638K, capacity 4819K, committed 4864K, reserved 1048576K
Event: 22.359 GC heap after
Heap after GC invocations=11 (full 2):
 PSYoungGen      total 66048K, used 0K [0x00000000e0000000, 0x00000000e5a00000, 0x0000000100000000)
  eden space 55808K, 0% used [0x00000000e0000000,0x00000000e0000000,0x00000000e3680000)
  from space 10240K, 0% used [0x00000000e3680000,0x00000000e3680000,0x00000000e4080000)
  to   space 11264K, 0% used [0x00000000e4f00000,0x00000000e4f00000,0x00000000e5a00000)
 ParOldGen       total 71168K, used 15796K [0x00000000a0000000, 0x00000000a4580000, 0x00000000e0000000)
  object space 71168K, 22% used [0x00000000a0000000,0x00000000a0f6d360,0x00000000a4580000)
 Metaspace       used 34752K, capacity 35366K, committed 35496K, reserved 1079296K
  class space    used 4638K, capacity 4819K, committed 4864K, reserved 1048576K
}
Event: 23.902 GC heap before
{Heap before GC invocations=12 (full 2):
 PSYoungGen      total 66048K, used 55808K [0x00000000e0000000, 0x00000000e5a00000, 0x0000000100000000)
  eden space 55808K, 100% used [0x00000000e0000000,0x00000000e3680000,0x00000000e3680000)
  from space 10240K, 0% used [0x00000000e3680000,0x00000000e3680000,0x00000000e4080000)
  to   space 11264K, 0% used [0x00000000e4f00000,0x00000000e4f00000,0x00000000e5a00000)
 ParOldGen       total 71168K, used 15796K [0x00000000a0000000, 0x00000000a4580000, 0x00000000e0000000)
  object space 71168K, 22% used [0x00000000a0000000,0x00000000a0f6d360,0x00000000a4580000)
 Metaspace       used 37788K, capacity 38456K, committed 38784K, reserved 1083392K
  class space    used 5049K, capacity 5237K, committed 5248K, reserved 1048576K
Event: 23.918 GC heap after
Heap after GC invocations=12 (full 2):
 PSYoungGen      total 80896K, used 7170K [0x00000000e0000000, 0x00000000e5980000, 0x0000000100000000)
  eden space 70144K, 0% used [0x00000000e0000000,0x00000000e0000000,0x00000000e4480000)
  from space 10752K, 66% used [0x00000000e4f00000,0x00000000e5600ae8,0x00000000e5980000)
  to   space 10752K, 0% used [0x00000000e4480000,0x00000000e4480000,0x00000000e4f00000)
 ParOldGen       total 71168K, used 15804K [0x00000000a0000000, 0x00000000a4580000, 0x00000000e0000000)
  object space 71168K, 22% used [0x00000000a0000000,0x00000000a0f6f360,0x00000000a4580000)
 Metaspace       used 37788K, capacity 38456K, committed 38784K, reserved 1083392K
  class space    used 5049K, capacity 5237K, committed 5248K, reserved 1048576K
}
Event: 45.184 GC heap before
{Heap before GC invocations=13 (full 2):
 PSYoungGen      total 80896K, used 77314K [0x00000000e0000000, 0x00000000e5980000, 0x0000000100000000)
  eden space 70144K, 100% used [0x00000000e0000000,0x00000000e4480000,0x00000000e4480000)
  from space 10752K, 66% used [0x00000000e4f00000,0x00000000e5600ae8,0x00000000e5980000)
  to   space 10752K, 0% used [0x00000000e4480000,0x00000000e4480000,0x00000000e4f00000)
 ParOldGen       total 71168K, used 15804K [0x00000000a0000000, 0x00000000a4580000, 0x00000000e0000000)
  object space 71168K, 22% used [0x00000000a0000000,0x00000000a0f6f360,0x00000000a4580000)
 Metaspace       used 38354K, capacity 39010K, committed 39168K, reserved 1083392K
  class space    used 5124K, capacity 5306K, committed 5376K, reserved 1048576K
Event: 45.192 GC heap after
Heap after GC invocations=13 (full 2):
 PSYoungGen      total 80896K, used 5514K [0x00000000e0000000, 0x00000000e6880000, 0x0000000100000000)
  eden space 70144K, 0% used [0x00000000e0000000,0x00000000e0000000,0x00000000e4480000)
  from space 10752K, 51% used [0x00000000e4480000,0x00000000e49e2938,0x00000000e4f00000)
  to   space 10752K, 0% used [0x00000000e5e00000,0x00000000e5e00000,0x00000000e6880000)
 ParOldGen       total 71168K, used 15812K [0x00000000a0000000, 0x00000000a4580000, 0x00000000e0000000)
  object space 71168K, 22% used [0x00000000a0000000,0x00000000a0f71360,0x00000000a4580000)
 Metaspace       used 38354K, capacity 39010K, committed 39168K, reserved 1083392K
  class space    used 5124K, capacity 5306K, committed 5376K, reserved 1048576K
}

Deoptimization events (10 events):
Event: 21.166 Thread 0x0000000018a61000 Uncommon trap: reason=bimorphic action=maybe_recompile pc=0x0000000003712060 method=java.security.MessageDigest$Delegate.engineUpdate([BII)V @ 7
Event: 21.166 Thread 0x0000000018a61000 Uncommon trap: reason=bimorphic action=maybe_recompile pc=0x0000000003712060 method=java.security.MessageDigest$Delegate.engineUpdate([BII)V @ 7
Event: 21.166 Thread 0x0000000018a61000 Uncommon trap: reason=bimorphic action=maybe_recompile pc=0x000000000370f308 method=sun.security.provider.DigestBase.engineUpdate([BII)V @ 128
Event: 21.616 Thread 0x0000000018a61000 Uncommon trap: reason=unstable_if action=reinterpret pc=0x000000000341bba8 method=java.util.HashMap.putVal(ILjava/lang/Object;Ljava/lang/Object;ZZ)Ljava/lang/Object; @ 162
Event: 21.617 Thread 0x0000000018a61000 Uncommon trap: reason=unstable_if action=reinterpret pc=0x0000000002e250bc method=java.util.HashMap.resize()[Ljava/util/HashMap$Node; @ 206
Event: 22.723 Thread 0x0000000018a61000 Uncommon trap: reason=unstable_if action=reinterpret pc=0x000000000359b28c method=java.lang.ThreadLocal.get()Ljava/lang/Object; @ 11
Event: 22.838 Thread 0x0000000018a61000 Uncommon trap: reason=unstable_if action=reinterpret pc=0x0000000003850da4 method=java.util.HashMap.putVal(ILjava/lang/Object;Ljava/lang/Object;ZZ)Ljava/lang/Object; @ 236
Event: 22.961 Thread 0x0000000018a61000 Uncommon trap: reason=unstable_if action=reinterpret pc=0x000000000316c2bc method=java.lang.CharacterDataLatin1.isWhitespace(I)Z @ 14
Event: 23.076 Thread 0x0000000018a61000 Uncommon trap: reason=unstable_if action=reinterpret pc=0x0000000003315e6c method=java.security.CodeSource.getCertificates()[Ljava/security/cert/Certificate; @ 22
Event: 23.106 Thread 0x0000000018a61000 Uncommon trap: reason=unstable_if action=reinterpret pc=0x00000000038af77c method=java.util.LinkedHashMap.get(Ljava/lang/Object;)Ljava/lang/Object; @ 20

Internal exceptions (10 events):
Event: 52.678 Thread 0x0000000018a61000 Exception <a 'sun/nio/fs/WindowsException'> (0x00000000e347b380) thrown at [C:\src\android\AOSP-openjdk\external\jetbrains\jdk\hotspot\src\share\vm\prims\jni.cpp, line 709]
Event: 52.678 Thread 0x0000000018a61000 Exception <a 'sun/nio/fs/WindowsException'> (0x00000000e347bdd0) thrown at [C:\src\android\AOSP-openjdk\external\jetbrains\jdk\hotspot\src\share\vm\prims\jni.cpp, line 709]
Event: 52.679 Thread 0x0000000018a61000 Exception <a 'sun/nio/fs/WindowsException'> (0x00000000e3480548) thrown at [C:\src\android\AOSP-openjdk\external\jetbrains\jdk\hotspot\src\share\vm\prims\jni.cpp, line 709]
Event: 52.679 Thread 0x0000000018a61000 Exception <a 'sun/nio/fs/WindowsException'> (0x00000000e3480f78) thrown at [C:\src\android\AOSP-openjdk\external\jetbrains\jdk\hotspot\src\share\vm\prims\jni.cpp, line 709]
Event: 52.679 Thread 0x0000000018a61000 Exception <a 'sun/nio/fs/WindowsException'> (0x00000000e3482ce8) thrown at [C:\src\android\AOSP-openjdk\external\jetbrains\jdk\hotspot\src\share\vm\prims\jni.cpp, line 709]
Event: 52.679 Thread 0x0000000018a61000 Exception <a 'sun/nio/fs/WindowsException'> (0x00000000e3483738) thrown at [C:\src\android\AOSP-openjdk\external\jetbrains\jdk\hotspot\src\share\vm\prims\jni.cpp, line 709]
Event: 52.679 Thread 0x0000000018a61000 Exception <a 'sun/nio/fs/WindowsException'> (0x00000000e34869d8) thrown at [C:\src\android\AOSP-openjdk\external\jetbrains\jdk\hotspot\src\share\vm\prims\jni.cpp, line 709]
Event: 52.680 Thread 0x0000000018a61000 Exception <a 'sun/nio/fs/WindowsException'> (0x00000000e3487418) thrown at [C:\src\android\AOSP-openjdk\external\jetbrains\jdk\hotspot\src\share\vm\prims\jni.cpp, line 709]
Event: 52.680 Thread 0x0000000018a61000 Exception <a 'sun/nio/fs/WindowsException'> (0x00000000e34891b0) thrown at [C:\src\android\AOSP-openjdk\external\jetbrains\jdk\hotspot\src\share\vm\prims\jni.cpp, line 709]
Event: 52.680 Thread 0x0000000018a61000 Exception <a 'sun/nio/fs/WindowsException'> (0x00000000e3489c10) thrown at [C:\src\android\AOSP-openjdk\external\jetbrains\jdk\hotspot\src\share\vm\prims\jni.cpp, line 709]

Events (10 events):
Event: 32.257 Thread 0x00000000164eb000 flushing nmethod 0x000000000344db10
Event: 32.257 Thread 0x00000000164eb000 flushing nmethod 0x0000000003469d50
Event: 32.257 Thread 0x00000000164eb000 flushing nmethod 0x000000000346a110
Event: 32.257 Thread 0x00000000164eb000 flushing nmethod 0x00000000034a3490
Event: 32.257 Thread 0x00000000164eb000 flushing nmethod 0x00000000034d0050
Event: 33.199 Thread 0x00000000164ed800 flushing nmethod 0x0000000003525150
Event: 33.199 Thread 0x00000000164ed800 flushing nmethod 0x0000000003542f90
Event: 33.199 Thread 0x00000000164ed800 flushing nmethod 0x0000000003553690
Event: 45.184 Executing VM operation: ParallelGCFailedAllocation
Event: 45.192 Executing VM operation: ParallelGCFailedAllocation done


Dynamic libraries:
0x00007ff6eda90000 - 0x00007ff6edac1000 	D:\Program Files\Android Studio\jre\bin\java.exe
0x00007ffbcbd70000 - 0x00007ffbcbf4b000 	C:\WINDOWS\SYSTEM32\ntdll.dll
0x00007ffbb6530000 - 0x00007ffbb6563000 	C:\Program Files\AVAST Software\Avast\x64\aswhooka.dll
0x00007ffbcb580000 - 0x00007ffbcb62e000 	C:\WINDOWS\System32\KERNEL32.DLL
0x00007ffbc82b0000 - 0x00007ffbc84f9000 	C:\WINDOWS\System32\KERNELBASE.dll
0x00007ffbc96a0000 - 0x00007ffbc9741000 	C:\WINDOWS\System32\ADVAPI32.dll
0x00007ffbc92d0000 - 0x00007ffbc936d000 	C:\WINDOWS\System32\msvcrt.dll
0x00007ffbc9370000 - 0x00007ffbc93c9000 	C:\WINDOWS\System32\sechost.dll
0x00007ffbcb450000 - 0x00007ffbcb575000 	C:\WINDOWS\System32\RPCRT4.dll
0x00007ffbc9810000 - 0x00007ffbc995a000 	C:\WINDOWS\System32\USER32.dll
0x00007ffbc8290000 - 0x00007ffbc82ae000 	C:\WINDOWS\System32\win32u.dll
0x00007ffbc9670000 - 0x00007ffbc9697000 	C:\WINDOWS\System32\GDI32.dll
0x00007ffbc8500000 - 0x00007ffbc8688000 	C:\WINDOWS\System32\gdi32full.dll
0x00007ffbc9160000 - 0x00007ffbc91fa000 	C:\WINDOWS\System32\msvcp_win.dll
0x00007ffbc8690000 - 0x00007ffbc8786000 	C:\WINDOWS\System32\ucrtbase.dll
0x00007ffbbc1a0000 - 0x00007ffbbc407000 	C:\WINDOWS\WinSxS\amd64_microsoft.windows.common-controls_6595b64144ccf1df_6.0.15063.483_none_26002d27e7c744a2\COMCTL32.dll
0x00007ffbcba70000 - 0x00007ffbcbd69000 	C:\WINDOWS\System32\combase.dll
0x00007ffbc9260000 - 0x00007ffbc92ca000 	C:\WINDOWS\System32\bcryptPrimitives.dll
0x00007ffbcb420000 - 0x00007ffbcb44d000 	C:\WINDOWS\System32\IMM32.DLL
0x000000006e690000 - 0x000000006e762000 	D:\Program Files\Android Studio\jre\jre\bin\msvcr100.dll
0x00000000707c0000 - 0x0000000070ffc000 	D:\Program Files\Android Studio\jre\jre\bin\server\jvm.dll
0x00007ffbc9800000 - 0x00007ffbc9808000 	C:\WINDOWS\System32\PSAPI.DLL
0x00007ffbc1750000 - 0x00007ffbc1759000 	C:\WINDOWS\SYSTEM32\WSOCK32.dll
0x00007ffbcb320000 - 0x00007ffbcb38c000 	C:\WINDOWS\System32\WS2_32.dll
0x00007ffbbd800000 - 0x00007ffbbd823000 	C:\WINDOWS\SYSTEM32\WINMM.dll
0x00007ffbc1c10000 - 0x00007ffbc1c1a000 	C:\WINDOWS\SYSTEM32\VERSION.dll
0x00007ffbbd5c0000 - 0x00007ffbbd5eb000 	C:\WINDOWS\SYSTEM32\WINMMBASE.dll
0x00007ffbc8840000 - 0x00007ffbc8889000 	C:\WINDOWS\System32\cfgmgr32.dll
0x00007ffbc2700000 - 0x00007ffbc270f000 	D:\Program Files\Android Studio\jre\jre\bin\verify.dll
0x00007ffbc1f30000 - 0x00007ffbc1f59000 	D:\Program Files\Android Studio\jre\jre\bin\java.dll
0x00007ffbc17c0000 - 0x00007ffbc17d6000 	D:\Program Files\Android Studio\jre\jre\bin\zip.dll
0x00007ffbc9ee0000 - 0x00007ffbcb317000 	C:\WINDOWS\System32\SHELL32.dll
0x00007ffbc9750000 - 0x00007ffbc97fa000 	C:\WINDOWS\System32\shcore.dll
0x00007ffbc8890000 - 0x00007ffbc8f82000 	C:\WINDOWS\System32\windows.storage.dll
0x00007ffbc9d10000 - 0x00007ffbc9d61000 	C:\WINDOWS\System32\shlwapi.dll
0x00007ffbc8200000 - 0x00007ffbc8211000 	C:\WINDOWS\System32\kernel.appcore.dll
0x00007ffbc8240000 - 0x00007ffbc828c000 	C:\WINDOWS\System32\powrprof.dll
0x00007ffbc81e0000 - 0x00007ffbc81f5000 	C:\WINDOWS\System32\profapi.dll
0x00007ffbbffd0000 - 0x00007ffbbffea000 	D:\Program Files\Android Studio\jre\jre\bin\net.dll
0x00007ffbc7a90000 - 0x00007ffbc7aec000 	C:\WINDOWS\system32\mswsock.dll
0x00007ffbbffb0000 - 0x00007ffbbffc1000 	D:\Program Files\Android Studio\jre\jre\bin\nio.dll
0x00007ffbc2eb0000 - 0x00007ffbc2ece000 	C:\Users\пя\.gradle\native\23\windows-amd64\native-platform.dll
0x00007ffbc7c30000 - 0x00007ffbc7c47000 	C:\WINDOWS\SYSTEM32\CRYPTSP.dll
0x00007ffbc76b0000 - 0x00007ffbc76e4000 	C:\WINDOWS\system32\rsaenh.dll
0x00007ffbc80b0000 - 0x00007ffbc80d5000 	C:\WINDOWS\SYSTEM32\bcrypt.dll
0x00007ffbc80e0000 - 0x00007ffbc8109000 	C:\WINDOWS\SYSTEM32\USERENV.dll
0x00007ffbc7c50000 - 0x00007ffbc7c5b000 	C:\WINDOWS\SYSTEM32\CRYPTBASE.dll
0x00007ffbc7830000 - 0x00007ffbc7867000 	C:\WINDOWS\SYSTEM32\IPHLPAPI.DLL
0x00007ffbcb390000 - 0x00007ffbcb398000 	C:\WINDOWS\System32\NSI.dll
0x00007ffbc0740000 - 0x00007ffbc0756000 	C:\WINDOWS\SYSTEM32\dhcpcsvc6.DLL
0x00007ffbc0870000 - 0x00007ffbc088a000 	C:\WINDOWS\SYSTEM32\dhcpcsvc.DLL
0x00007ffbc26f0000 - 0x00007ffbc26fd000 	D:\Program Files\Android Studio\jre\jre\bin\management.dll

VM Arguments:
jvm_args: -Xmx1536m -Dfile.encoding=windows-1251 -Duser.country=RU -Duser.language=ru -Duser.variant 
java_command: org.gradle.launcher.daemon.bootstrap.GradleDaemon 3.3
java_class_path (initial): C:\Users\пя\.gradle\wrapper\dists\gradle-3.3-all\55gk2rcmfc6p2dg9u9ohc3hw9\gradle-3.3\lib\gradle-launcher-3.3.jar
Launcher Type: SUN_STANDARD

Environment Variables:
JAVA_HOME=C:\Program Files\Java\jdk1.8.0_131
CLASSPATH=.;
PATH=C:\ProgramData\Oracle\Java\javapath;C:\Program Files (x86)\Intel\iCLS Client\;C:\Program Files\Intel\iCLS Client\;C:\Program Files (x86)\NVIDIA Corporation\PhysX\Common;C:\WINDOWS\system32;C:\WINDOWS;C:\WINDOWS\System32\Wbem;C:\WINDOWS\System32\WindowsPowerShell\v1.0\;C:\Program Files (x86)\Windows Live\Shared;C:\Program Files (x86)\Intel\OpenCL SDK\2.0\bin\x86;C:\Program Files (x86)\Intel\OpenCL SDK\2.0\bin\x64;C:\Program Files\Intel\Intel(R) Management Engine Components\DAL;C:\Program Files\Intel\Intel(R) Management Engine Components\IPT;C:\Program Files (x86)\Intel\Intel(R) Management Engine Components\DAL;C:\Program Files (x86)\Intel\Intel(R) Management Engine Components\IPT;C:\Program Files\MySQL\MySQL Utilities 1.6\;C:\Program Files\Java\jdk1.8.0_131\bin;%USERPROFILE%\AppData\Local\Microsoft\WindowsApps;
USERNAME=пя
OS=Windows_NT
PROCESSOR_IDENTIFIER=Intel64 Family 6 Model 58 Stepping 9, GenuineIntel



---------------  S Y S T E M  ---------------

OS: Windows 10.0 , 64 bit Build 15063 (10.0.15063.296)

CPU:total 4 (2 cores per cpu, 2 threads per core) family 6 model 58 stepping 9, cmov, cx8, fxsr, mmx, sse, sse2, sse3, ssse3, sse4.1, sse4.2, popcnt, avx, aes, clmul, erms, ht, tsc, tscinvbit, tscinv

Memory: 4k page, physical 8271440k(407516k free), swap 14887652k(10604k free)

vm_info: OpenJDK 64-Bit Server VM (25.112-b06) for windows-amd64 JRE (1.8.0_112-release-b06), built on Dec  8 2016 00:54:26 by "builder" with MS VC++ 10.0 (VS2010)

time: Fri Aug 25 14:10:12 2017
elapsed time: 52 seconds (0d 0h 0m 52s)

