#
# There is insufficient memory for the Java Runtime Environment to continue.
# Native memory allocation (malloc) failed to allocate 2309936 bytes for Chunk::new
# Possible reasons:
#   The system is out of physical RAM or swap space
#   In 32 bit mode, the process size limit was hit
# Possible solutions:
#   Reduce memory load on the system
#   Increase physical memory or swap space
#   Check if swap backing store is full
#   Use 64 bit Java on a 64 bit OS
#   Decrease Java heap size (-Xmx/-Xms)
#   Decrease number of Java threads
#   Decrease Java thread stack sizes (-Xss)
#   Set larger code cache with -XX:ReservedCodeCacheSize=
# This output file may be truncated or incomplete.
#
#  Out of Memory Error (allocation.cpp:390), pid=15344, tid=0x0000000000003640
#
# JRE version: OpenJDK Runtime Environment (8.0_112-b06) (build 1.8.0_112-release-b06)
# Java VM: OpenJDK 64-Bit Server VM (25.112-b06 mixed mode windows-amd64 compressed oops)
# Failed to write core dump. Minidumps are not enabled by default on client versions of Windows
#

---------------  T H R E A D  ---------------

Current thread (0x0000000015afd000):  JavaThread "C2 CompilerThread1" daemon [_thread_in_native, id=13888, stack(0x0000000017260000,0x0000000017360000)]

Stack: [0x0000000017260000,0x0000000017360000]
[error occurred during error reporting (printing stack bounds), id 0xc0000005]

Native frames: (J=compiled Java code, j=interpreted, Vv=VM code, C=native code)


Current CompileTask:
C2:   4811 1364       4       java.net.URLClassLoader$1::run (5 bytes)


---------------  P R O C E S S  ---------------

Java Threads: ( => current thread )
  0x0000000018a62800 JavaThread "File lock request listener" [_thread_in_native, id=5688, stack(0x000000001c450000,0x000000001c550000)]
  0x0000000018921000 JavaThread "Stdin handler" [_thread_blocked, id=15916, stack(0x000000001a1b0000,0x000000001a2b0000)]
  0x0000000018920800 JavaThread "Asynchronous log dispatcher for DefaultDaemonConnection: socket connection from /127.0.0.1:64831 to /127.0.0.1:64832" [_thread_blocked, id=9748, stack(0x000000001a0b0000,0x000000001a1b0000)]
  0x0000000018916800 JavaThread "Daemon worker" [_thread_in_native, id=6308, stack(0x0000000019fb0000,0x000000001a0b0000)]
  0x0000000018910800 JavaThread "Cancel handler" [_thread_blocked, id=7584, stack(0x0000000019eb0000,0x0000000019fb0000)]
  0x00000000188e9000 JavaThread "pool-1-thread-1" [_thread_blocked, id=7520, stack(0x0000000019db0000,0x0000000019eb0000)]
  0x00000000188d9800 JavaThread "Handler for socket connection from /127.0.0.1:64831 to /127.0.0.1:64832" [_thread_in_native, id=4088, stack(0x0000000019cb0000,0x0000000019db0000)]
  0x00000000188c8000 JavaThread "Daemon" [_thread_blocked, id=7756, stack(0x00000000199b0000,0x0000000019ab0000)]
  0x0000000018837000 JavaThread "Incoming local TCP Connector on port 64831" [_thread_in_native, id=17312, stack(0x0000000019770000,0x0000000019870000)]
  0x0000000015b5a000 JavaThread "Service Thread" daemon [_thread_blocked, id=3564, stack(0x0000000017860000,0x0000000017960000)]
  0x0000000015b28000 JavaThread "C1 CompilerThread2" daemon [_thread_blocked, id=12952, stack(0x0000000017360000,0x0000000017460000)]
=>0x0000000015afd000 JavaThread "C2 CompilerThread1" daemon [_thread_in_native, id=13888, stack(0x0000000017260000,0x0000000017360000)]
  0x0000000015afa800 JavaThread "C2 CompilerThread0" daemon [_thread_in_native, id=6244, stack(0x0000000017160000,0x0000000017260000)]
  0x0000000015af9000 JavaThread "Attach Listener" daemon [_thread_blocked, id=5064, stack(0x0000000017060000,0x0000000017160000)]
  0x0000000015b04800 JavaThread "Signal Dispatcher" daemon [_thread_blocked, id=12712, stack(0x0000000016f60000,0x0000000017060000)]
  0x0000000015ae8800 JavaThread "Finalizer" daemon [_thread_blocked, id=11112, stack(0x0000000016d70000,0x0000000016e70000)]
  0x000000000217f000 JavaThread "Reference Handler" daemon [_thread_blocked, id=14416, stack(0x0000000016c70000,0x0000000016d70000)]
  0x0000000002090800 JavaThread "main" [_thread_blocked, id=13160, stack(0x0000000001ec0000,0x0000000001fc0000)]

Other Threads:
  0x0000000015ac5800 VMThread [stack: 0x0000000016b70000,0x0000000016c70000] [id=3028]
  0x0000000015b5b000 WatcherThread [stack: 0x0000000017960000,0x0000000017a60000] [id=7072]

VM state:not at safepoint (normal execution)

VM Mutex/Monitor currently owned by a thread: None

Heap:
 PSYoungGen      total 38400K, used 33260K [0x00000000e0000000, 0x00000000e2a80000, 0x0000000100000000)
  eden space 33280K, 84% used [0x00000000e0000000,0x00000000e1b7bdd0,0x00000000e2080000)
  from space 5120K, 99% used [0x00000000e2580000,0x00000000e2a7f3c8,0x00000000e2a80000)
  to   space 5120K, 0% used [0x00000000e2080000,0x00000000e2080000,0x00000000e2580000)
 ParOldGen       total 87552K, used 850K [0x00000000a0000000, 0x00000000a5580000, 0x00000000e0000000)
  object space 87552K, 0% used [0x00000000a0000000,0x00000000a00d48b8,0x00000000a5580000)
 Metaspace       used 16047K, capacity 16346K, committed 16512K, reserved 1062912K
  class space    used 2228K, capacity 2326K, committed 2432K, reserved 1048576K

Card table byte_map: [0x0000000011550000,0x0000000011860000] byte_map_base: 0x0000000011050000

Marking Bits: (ParMarkBitMap*) 0x0000000070f818f0
 Begin Bits: [0x0000000011e60000, 0x0000000013660000)
 End Bits:   [0x0000000013660000, 0x0000000014e60000)

Polling page: 0x0000000000620000

CodeCache: size=245760Kb used=4976Kb max_used=4976Kb free=240783Kb
 bounds [0x0000000002190000, 0x0000000002670000, 0x0000000011190000]
 total_blobs=1825 nmethods=1434 adapters=304
 compilation: enabled

Compilation events (10 events):
Event: 4.592 Thread 0x0000000015b28000 1433       1       java.io.ObjectStreamClass$FieldReflectorKey::hashCode (5 bytes)
Event: 4.593 Thread 0x0000000015b28000 nmethod 1433 0x000000000266b7d0 code [0x000000000266b920, 0x000000000266ba30]
Event: 4.668 Thread 0x0000000015b28000 1435       3       java.security.MessageDigest$Delegate::engineUpdate (11 bytes)
Event: 4.669 Thread 0x0000000015b28000 nmethod 1435 0x000000000266ba90 code [0x000000000266bc00, 0x000000000266be28]
Event: 4.692 Thread 0x0000000015b28000 1436       3       java.io.WinNTFileSystem::parentOrNull (171 bytes)
Event: 4.693 Thread 0x0000000015b28000 nmethod 1436 0x000000000266bf10 code [0x000000000266c140, 0x000000000266ceb8]
Event: 4.736 Thread 0x0000000015b28000 1439       3       java.security.MessageDigest::update (45 bytes)
Event: 4.737 Thread 0x0000000015b28000 nmethod 1439 0x000000000266d790 code [0x000000000266d920, 0x000000000266dd28]
Event: 4.737 Thread 0x0000000015b28000 1440       3       java.io.FileInputStream::read (9 bytes)
Event: 4.737 Thread 0x0000000015b28000 nmethod 1440 0x000000000266ded0 code [0x000000000266e040, 0x000000000266e1c8]

GC Heap History (4 events):
Event: 1.215 GC heap before
{Heap before GC invocations=1 (full 0):
 PSYoungGen      total 38400K, used 33280K [0x00000000e0000000, 0x00000000e2a80000, 0x0000000100000000)
  eden space 33280K, 100% used [0x00000000e0000000,0x00000000e2080000,0x00000000e2080000)
  from space 5120K, 0% used [0x00000000e2580000,0x00000000e2580000,0x00000000e2a80000)
  to   space 5120K, 0% used [0x00000000e2080000,0x00000000e2080000,0x00000000e2580000)
 ParOldGen       total 87552K, used 0K [0x00000000a0000000, 0x00000000a5580000, 0x00000000e0000000)
  object space 87552K, 0% used [0x00000000a0000000,0x00000000a0000000,0x00000000a5580000)
 Metaspace       used 6842K, capacity 7012K, committed 7040K, reserved 1056768K
  class space    used 835K, capacity 892K, committed 896K, reserved 1048576K
Event: 1.224 GC heap after
Heap after GC invocations=1 (full 0):
 PSYoungGen      total 38400K, used 4431K [0x00000000e0000000, 0x00000000e2a80000, 0x0000000100000000)
  eden space 33280K, 0% used [0x00000000e0000000,0x00000000e0000000,0x00000000e2080000)
  from space 5120K, 86% used [0x00000000e2080000,0x00000000e24d3ff8,0x00000000e2580000)
  to   space 5120K, 0% used [0x00000000e2580000,0x00000000e2580000,0x00000000e2a80000)
 ParOldGen       total 87552K, used 27K [0x00000000a0000000, 0x00000000a5580000, 0x00000000e0000000)
  object space 87552K, 0% used [0x00000000a0000000,0x00000000a0006c50,0x00000000a5580000)
 Metaspace       used 6842K, capacity 7012K, committed 7040K, reserved 1056768K
  class space    used 835K, capacity 892K, committed 896K, reserved 1048576K
}
Event: 3.580 GC heap before
{Heap before GC invocations=2 (full 0):
 PSYoungGen      total 38400K, used 37711K [0x00000000e0000000, 0x00000000e2a80000, 0x0000000100000000)
  eden space 33280K, 100% used [0x00000000e0000000,0x00000000e2080000,0x00000000e2080000)
  from space 5120K, 86% used [0x00000000e2080000,0x00000000e24d3ff8,0x00000000e2580000)
  to   space 5120K, 0% used [0x00000000e2580000,0x00000000e2580000,0x00000000e2a80000)
 ParOldGen       total 87552K, used 27K [0x00000000a0000000, 0x00000000a5580000, 0x00000000e0000000)
  object space 87552K, 0% used [0x00000000a0000000,0x00000000a0006c50,0x00000000a5580000)
 Metaspace       used 13185K, capacity 13506K, committed 13696K, reserved 1060864K
  class space    used 1755K, capacity 1874K, committed 1920K, reserved 1048576K
Event: 3.587 GC heap after
Heap after GC invocations=2 (full 0):
 PSYoungGen      total 38400K, used 5116K [0x00000000e0000000, 0x00000000e2a80000, 0x0000000100000000)
  eden space 33280K, 0% used [0x00000000e0000000,0x00000000e0000000,0x00000000e2080000)
  from space 5120K, 99% used [0x00000000e2580000,0x00000000e2a7f3c8,0x00000000e2a80000)
  to   space 5120K, 0% used [0x00000000e2080000,0x00000000e2080000,0x00000000e2580000)
 ParOldGen       total 87552K, used 850K [0x00000000a0000000, 0x00000000a5580000, 0x00000000e0000000)
  object space 87552K, 0% used [0x00000000a0000000,0x00000000a00d48b8,0x00000000a5580000)
 Metaspace       used 13185K, capacity 13506K, committed 13696K, reserved 1060864K
  class space    used 1755K, capacity 1874K, committed 1920K, reserved 1048576K
}

Deoptimization events (10 events):
Event: 1.851 Thread 0x0000000002090800 Uncommon trap: reason=unstable_if action=reinterpret pc=0x000000000248e1d4 method=java.io.WinNTFileSystem.normalize(Ljava/lang/String;II)Ljava/lang/String; @ 90
Event: 1.879 Thread 0x0000000002090800 Uncommon trap: reason=unstable_if action=reinterpret pc=0x0000000002440994 method=java.lang.String.substring(I)Ljava/lang/String; @ 35
Event: 2.008 Thread 0x0000000002090800 Uncommon trap: reason=bimorphic action=maybe_recompile pc=0x000000000241b518 method=java.util.HashMap.putVal(ILjava/lang/Object;Ljava/lang/Object;ZZ)Ljava/lang/Object; @ 203
Event: 2.914 Thread 0x0000000002090800 Uncommon trap: reason=unstable_if action=reinterpret pc=0x000000000243d9b0 method=java.util.LinkedHashMap.afterNodeInsertion(Z)V @ 1
Event: 3.401 Thread 0x0000000018916800 Uncommon trap: reason=bimorphic action=maybe_recompile pc=0x00000000024d27fc method=java.util.HashMap.putVal(ILjava/lang/Object;Ljava/lang/Object;ZZ)Ljava/lang/Object; @ 253
Event: 3.401 Thread 0x0000000018916800 Uncommon trap: reason=bimorphic action=maybe_recompile pc=0x00000000024d27fc method=java.util.HashMap.putVal(ILjava/lang/Object;Ljava/lang/Object;ZZ)Ljava/lang/Object; @ 253
Event: 3.826 Thread 0x0000000018916800 Uncommon trap: reason=class_check action=maybe_recompile pc=0x00000000024150dc method=java.util.regex.Matcher.match(II)Z @ 86
Event: 3.828 Thread 0x0000000018916800 Uncommon trap: reason=class_check action=maybe_recompile pc=0x00000000024150dc method=java.util.regex.Matcher.match(II)Z @ 86
Event: 4.496 Thread 0x0000000018916800 Uncommon trap: reason=unstable_if action=reinterpret pc=0x00000000022e764c method=java.net.URI.match(CJJ)Z @ 19
Event: 4.496 Thread 0x0000000018916800 Uncommon trap: reason=unstable_if action=reinterpret pc=0x00000000023d43dc method=java.net.URI.match(CJJ)Z @ 19

Internal exceptions (10 events):
Event: 3.259 Thread 0x00000000188d9800 Exception <a 'java/lang/NoSuchMethodError': <clinit>> (0x00000000e196d360) thrown at [C:\src\android\AOSP-openjdk\external\jetbrains\jdk\hotspot\src\share\vm\prims\jni.cpp, line 1613]
Event: 3.263 Thread 0x00000000188d9800 Exception <a 'java/lang/NoSuchMethodError': <clinit>> (0x00000000e1990398) thrown at [C:\src\android\AOSP-openjdk\external\jetbrains\jdk\hotspot\src\share\vm\prims\jni.cpp, line 1613]
Event: 3.317 Thread 0x0000000018916800 Exception <a 'java/lang/NoSuchMethodError': <clinit>> (0x00000000e1ab1130) thrown at [C:\src\android\AOSP-openjdk\external\jetbrains\jdk\hotspot\src\share\vm\prims\jni.cpp, line 1613]
Event: 3.318 Thread 0x0000000018916800 Exception <a 'java/lang/NoSuchMethodError': <clinit>> (0x00000000e1ab93b8) thrown at [C:\src\android\AOSP-openjdk\external\jetbrains\jdk\hotspot\src\share\vm\prims\jni.cpp, line 1613]
Event: 3.537 Thread 0x0000000018916800 Exception <a 'java/lang/ArrayIndexOutOfBoundsException'> (0x00000000e1d04248) thrown at [C:\src\android\AOSP-openjdk\external\jetbrains\jdk\hotspot\src\share\vm\runtime\sharedRuntime.cpp, line 605]
Event: 3.555 Thread 0x0000000018916800 Exception <a 'java/lang/ArrayIndexOutOfBoundsException'> (0x00000000e1dd5218) thrown at [C:\src\android\AOSP-openjdk\external\jetbrains\jdk\hotspot\src\share\vm\runtime\sharedRuntime.cpp, line 605]
Event: 4.589 Thread 0x0000000018916800 Exception <a 'java/lang/NoSuchMethodError': <clinit>> (0x00000000e1a54800) thrown at [C:\src\android\AOSP-openjdk\external\jetbrains\jdk\hotspot\src\share\vm\prims\jni.cpp, line 1613]
Event: 4.590 Thread 0x0000000018916800 Exception <a 'java/lang/NoSuchMethodError': <clinit>> (0x00000000e1a56fd0) thrown at [C:\src\android\AOSP-openjdk\external\jetbrains\jdk\hotspot\src\share\vm\prims\jni.cpp, line 1613]
Event: 4.592 Thread 0x0000000018916800 Exception <a 'java/lang/NoSuchMethodError': <clinit>> (0x00000000e1a632b0) thrown at [C:\src\android\AOSP-openjdk\external\jetbrains\jdk\hotspot\src\share\vm\prims\jni.cpp, line 1613]
Event: 4.593 Thread 0x0000000018916800 Exception <a 'java/lang/NoSuchMethodError': <clinit>> (0x00000000e1a6d720) thrown at [C:\src\android\AOSP-openjdk\external\jetbrains\jdk\hotspot\src\share\vm\prims\jni.cpp, line 1613]

Events (10 events):
Event: 4.677 loading class java/math/MutableBigInteger
Event: 4.688 loading class java/math/MutableBigInteger done
Event: 4.689 loading class org/gradle/internal/file/JarCache$FileInfo
Event: 4.689 loading class org/gradle/internal/file/JarCache$FileInfo done
Event: 4.689 loading class com/google/common/cache/LocalCache$StrongAccessEntry
Event: 4.689 loading class com/google/common/cache/LocalCache$StrongAccessEntry done
Event: 4.690 loading class com/google/common/cache/LocalCache$StrongEntry
Event: 4.690 loading class com/google/common/cache/LocalCache$StrongEntry done
Event: 4.690 loading class com/google/common/cache/LocalCache$NullEntry
Event: 4.690 loading class com/google/common/cache/LocalCache$NullEntry done


Dynamic libraries:
0x00007ff6230c0000 - 0x00007ff6230f1000 	D:\Program Files\Android Studio\jre\bin\java.exe
0x00007ffbcbd70000 - 0x00007ffbcbf4b000 	C:\WINDOWS\SYSTEM32\ntdll.dll
0x00007ffbb6530000 - 0x00007ffbb6563000 	C:\Program Files\AVAST Software\Avast\x64\aswhooka.dll
0x00007ffbcb580000 - 0x00007ffbcb62e000 	C:\WINDOWS\System32\KERNEL32.DLL
0x00007ffbc82b0000 - 0x00007ffbc84f9000 	C:\WINDOWS\System32\KERNELBASE.dll
0x00007ffbc96a0000 - 0x00007ffbc9741000 	C:\WINDOWS\System32\ADVAPI32.dll
0x00007ffbc92d0000 - 0x00007ffbc936d000 	C:\WINDOWS\System32\msvcrt.dll
0x00007ffbc9370000 - 0x00007ffbc93c9000 	C:\WINDOWS\System32\sechost.dll
0x00007ffbcb450000 - 0x00007ffbcb575000 	C:\WINDOWS\System32\RPCRT4.dll
0x00007ffbc9810000 - 0x00007ffbc995a000 	C:\WINDOWS\System32\USER32.dll
0x00007ffbc8290000 - 0x00007ffbc82ae000 	C:\WINDOWS\System32\win32u.dll
0x00007ffbc9670000 - 0x00007ffbc9697000 	C:\WINDOWS\System32\GDI32.dll
0x00007ffbc8500000 - 0x00007ffbc8688000 	C:\WINDOWS\System32\gdi32full.dll
0x00007ffbc9160000 - 0x00007ffbc91fa000 	C:\WINDOWS\System32\msvcp_win.dll
0x00007ffbc8690000 - 0x00007ffbc8786000 	C:\WINDOWS\System32\ucrtbase.dll
0x00007ffbbc1a0000 - 0x00007ffbbc407000 	C:\WINDOWS\WinSxS\amd64_microsoft.windows.common-controls_6595b64144ccf1df_6.0.15063.483_none_26002d27e7c744a2\COMCTL32.dll
0x00007ffbcba70000 - 0x00007ffbcbd69000 	C:\WINDOWS\System32\combase.dll
0x00007ffbc9260000 - 0x00007ffbc92ca000 	C:\WINDOWS\System32\bcryptPrimitives.dll
0x00007ffbcb420000 - 0x00007ffbcb44d000 	C:\WINDOWS\System32\IMM32.DLL
0x000000006e690000 - 0x000000006e762000 	D:\Program Files\Android Studio\jre\jre\bin\msvcr100.dll
0x00000000707c0000 - 0x0000000070ffc000 	D:\Program Files\Android Studio\jre\jre\bin\server\jvm.dll
0x00007ffbc9800000 - 0x00007ffbc9808000 	C:\WINDOWS\System32\PSAPI.DLL
0x00007ffbc1750000 - 0x00007ffbc1759000 	C:\WINDOWS\SYSTEM32\WSOCK32.dll
0x00007ffbcb320000 - 0x00007ffbcb38c000 	C:\WINDOWS\System32\WS2_32.dll
0x00007ffbbd800000 - 0x00007ffbbd823000 	C:\WINDOWS\SYSTEM32\WINMM.dll
0x00007ffbc1c10000 - 0x00007ffbc1c1a000 	C:\WINDOWS\SYSTEM32\VERSION.dll
0x00007ffbbd5c0000 - 0x00007ffbbd5eb000 	C:\WINDOWS\SYSTEM32\WINMMBASE.dll
0x00007ffbc8840000 - 0x00007ffbc8889000 	C:\WINDOWS\System32\cfgmgr32.dll
0x00007ffbc2700000 - 0x00007ffbc270f000 	D:\Program Files\Android Studio\jre\jre\bin\verify.dll
0x00007ffbc1f30000 - 0x00007ffbc1f59000 	D:\Program Files\Android Studio\jre\jre\bin\java.dll
0x00007ffbc17c0000 - 0x00007ffbc17d6000 	D:\Program Files\Android Studio\jre\jre\bin\zip.dll
0x00007ffbc9ee0000 - 0x00007ffbcb317000 	C:\WINDOWS\System32\SHELL32.dll
0x00007ffbc9750000 - 0x00007ffbc97fa000 	C:\WINDOWS\System32\shcore.dll
0x00007ffbc8890000 - 0x00007ffbc8f82000 	C:\WINDOWS\System32\windows.storage.dll
0x00007ffbc9d10000 - 0x00007ffbc9d61000 	C:\WINDOWS\System32\shlwapi.dll
0x00007ffbc8200000 - 0x00007ffbc8211000 	C:\WINDOWS\System32\kernel.appcore.dll
0x00007ffbc8240000 - 0x00007ffbc828c000 	C:\WINDOWS\System32\powrprof.dll
0x00007ffbc81e0000 - 0x00007ffbc81f5000 	C:\WINDOWS\System32\profapi.dll
0x00007ffbbffd0000 - 0x00007ffbbffea000 	D:\Program Files\Android Studio\jre\jre\bin\net.dll
0x00007ffbc7a90000 - 0x00007ffbc7aec000 	C:\WINDOWS\system32\mswsock.dll
0x00007ffbbffb0000 - 0x00007ffbbffc1000 	D:\Program Files\Android Studio\jre\jre\bin\nio.dll
0x00007ffbc2eb0000 - 0x00007ffbc2ece000 	C:\Users\пя\.gradle\native\23\windows-amd64\native-platform.dll
0x00007ffbc7c30000 - 0x00007ffbc7c47000 	C:\WINDOWS\SYSTEM32\CRYPTSP.dll
0x00007ffbc76b0000 - 0x00007ffbc76e4000 	C:\WINDOWS\system32\rsaenh.dll
0x00007ffbc80b0000 - 0x00007ffbc80d5000 	C:\WINDOWS\SYSTEM32\bcrypt.dll
0x00007ffbc80e0000 - 0x00007ffbc8109000 	C:\WINDOWS\SYSTEM32\USERENV.dll
0x00007ffbc7c50000 - 0x00007ffbc7c5b000 	C:\WINDOWS\SYSTEM32\CRYPTBASE.dll
0x00007ffbc7830000 - 0x00007ffbc7867000 	C:\WINDOWS\SYSTEM32\IPHLPAPI.DLL
0x00007ffbcb390000 - 0x00007ffbcb398000 	C:\WINDOWS\System32\NSI.dll
0x00007ffbc0740000 - 0x00007ffbc0756000 	C:\WINDOWS\SYSTEM32\dhcpcsvc6.DLL
0x00007ffbc0870000 - 0x00007ffbc088a000 	C:\WINDOWS\SYSTEM32\dhcpcsvc.DLL
0x00007ffbc26f0000 - 0x00007ffbc26fd000 	D:\Program Files\Android Studio\jre\jre\bin\management.dll

VM Arguments:
jvm_args: -Xmx1536m -Dfile.encoding=windows-1251 -Duser.country=RU -Duser.language=ru -Duser.variant 
java_command: org.gradle.launcher.daemon.bootstrap.GradleDaemon 3.3
java_class_path (initial): C:\Users\пя\.gradle\wrapper\dists\gradle-3.3-all\55gk2rcmfc6p2dg9u9ohc3hw9\gradle-3.3\lib\gradle-launcher-3.3.jar
Launcher Type: SUN_STANDARD

Environment Variables:
JAVA_HOME=C:\Program Files\Java\jdk1.8.0_131
CLASSPATH=.;
PATH=C:\ProgramData\Oracle\Java\javapath;C:\Program Files (x86)\Intel\iCLS Client\;C:\Program Files\Intel\iCLS Client\;C:\Program Files (x86)\NVIDIA Corporation\PhysX\Common;C:\WINDOWS\system32;C:\WINDOWS;C:\WINDOWS\System32\Wbem;C:\WINDOWS\System32\WindowsPowerShell\v1.0\;C:\Program Files (x86)\Windows Live\Shared;C:\Program Files (x86)\Intel\OpenCL SDK\2.0\bin\x86;C:\Program Files (x86)\Intel\OpenCL SDK\2.0\bin\x64;C:\Program Files\Intel\Intel(R) Management Engine Components\DAL;C:\Program Files\Intel\Intel(R) Management Engine Components\IPT;C:\Program Files (x86)\Intel\Intel(R) Management Engine Components\DAL;C:\Program Files (x86)\Intel\Intel(R) Management Engine Components\IPT;C:\Program Files\MySQL\MySQL Utilities 1.6\;C:\Program Files\Java\jdk1.8.0_131\bin;%USERPROFILE%\AppData\Local\Microsoft\WindowsApps;
USERNAME=пя
OS=Windows_NT
PROCESSOR_IDENTIFIER=Intel64 Family 6 Model 58 Stepping 9, GenuineIntel



---------------  S Y S T E M  ---------------

OS: Windows 10.0 , 64 bit Build 15063 (10.0.15063.296)

CPU:total 4 (2 cores per cpu, 2 threads per core) family 6 model 58 stepping 9, cmov, cx8, fxsr, mmx, sse, sse2, sse3, ssse3, sse4.1, sse4.2, popcnt, avx, aes, clmul, erms, ht, tsc, tscinvbit, tscinv

Memory: 4k page, physical 8271440k(460964k free), swap 14887652k(6376k free)

vm_info: OpenJDK 64-Bit Server VM (25.112-b06) for windows-amd64 JRE (1.8.0_112-release-b06), built on Dec  8 2016 00:54:26 by "builder" with MS VC++ 10.0 (VS2010)

time: Fri Aug 25 14:55:15 2017
elapsed time: 4 seconds (0d 0h 0m 4s)

